ARM GAS  /tmp/cclJsmWm.s 			page 1


   1              		.syntax unified
   2              		.cpu cortex-m4
   3              		.eabi_attribute 27, 1
   4              		.eabi_attribute 28, 1
   5              		.fpu fpv4-sp-d16
   6              		.eabi_attribute 20, 1
   7              		.eabi_attribute 21, 1
   8              		.eabi_attribute 23, 3
   9              		.eabi_attribute 24, 1
  10              		.eabi_attribute 25, 1
  11              		.eabi_attribute 26, 1
  12              		.eabi_attribute 30, 6
  13              		.eabi_attribute 34, 1
  14              		.eabi_attribute 18, 4
  15              		.thumb
  16              		.file	"arm_sin_cos_f32.c"
  17              		.text
  18              	.Ltext0:
  19              		.cfi_sections	.debug_frame
  20              		.section	.text.arm_sin_cos_f32,"ax",%progbits
  21              		.align	2
  22              		.global	arm_sin_cos_f32
  23              		.thumb
  24              		.thumb_func
  26              	arm_sin_cos_f32:
  27              	.LFB139:
  28              		.file 1 "../../Drivers/CMSIS/DSP_Lib/Source/ControllerFunctions/arm_sin_cos_f32.c"
   1:../../Drivers/CMSIS/DSP_Lib/Source/ControllerFunctions/arm_sin_cos_f32.c **** /* ----------------------------------------------------------------------    
   2:../../Drivers/CMSIS/DSP_Lib/Source/ControllerFunctions/arm_sin_cos_f32.c **** * Copyright (C) 2010-2014 ARM Limited. All rights reserved.    
   3:../../Drivers/CMSIS/DSP_Lib/Source/ControllerFunctions/arm_sin_cos_f32.c **** *    
   4:../../Drivers/CMSIS/DSP_Lib/Source/ControllerFunctions/arm_sin_cos_f32.c **** * $Date:        19. March 2015
   5:../../Drivers/CMSIS/DSP_Lib/Source/ControllerFunctions/arm_sin_cos_f32.c **** * $Revision: 	V.1.4.5
   6:../../Drivers/CMSIS/DSP_Lib/Source/ControllerFunctions/arm_sin_cos_f32.c **** *    
   7:../../Drivers/CMSIS/DSP_Lib/Source/ControllerFunctions/arm_sin_cos_f32.c **** * Project: 	    CMSIS DSP Library    
   8:../../Drivers/CMSIS/DSP_Lib/Source/ControllerFunctions/arm_sin_cos_f32.c **** * Title:		arm_sin_cos_f32.c    
   9:../../Drivers/CMSIS/DSP_Lib/Source/ControllerFunctions/arm_sin_cos_f32.c **** *    
  10:../../Drivers/CMSIS/DSP_Lib/Source/ControllerFunctions/arm_sin_cos_f32.c **** * Description:	Sine and Cosine calculation for floating-point values.   
  11:../../Drivers/CMSIS/DSP_Lib/Source/ControllerFunctions/arm_sin_cos_f32.c **** *    
  12:../../Drivers/CMSIS/DSP_Lib/Source/ControllerFunctions/arm_sin_cos_f32.c **** * Target Processor: Cortex-M4/Cortex-M3/Cortex-M0
  13:../../Drivers/CMSIS/DSP_Lib/Source/ControllerFunctions/arm_sin_cos_f32.c **** *  
  14:../../Drivers/CMSIS/DSP_Lib/Source/ControllerFunctions/arm_sin_cos_f32.c **** * Redistribution and use in source and binary forms, with or without 
  15:../../Drivers/CMSIS/DSP_Lib/Source/ControllerFunctions/arm_sin_cos_f32.c **** * modification, are permitted provided that the following conditions
  16:../../Drivers/CMSIS/DSP_Lib/Source/ControllerFunctions/arm_sin_cos_f32.c **** * are met:
  17:../../Drivers/CMSIS/DSP_Lib/Source/ControllerFunctions/arm_sin_cos_f32.c **** *   - Redistributions of source code must retain the above copyright
  18:../../Drivers/CMSIS/DSP_Lib/Source/ControllerFunctions/arm_sin_cos_f32.c **** *     notice, this list of conditions and the following disclaimer.
  19:../../Drivers/CMSIS/DSP_Lib/Source/ControllerFunctions/arm_sin_cos_f32.c **** *   - Redistributions in binary form must reproduce the above copyright
  20:../../Drivers/CMSIS/DSP_Lib/Source/ControllerFunctions/arm_sin_cos_f32.c **** *     notice, this list of conditions and the following disclaimer in
  21:../../Drivers/CMSIS/DSP_Lib/Source/ControllerFunctions/arm_sin_cos_f32.c **** *     the documentation and/or other materials provided with the 
  22:../../Drivers/CMSIS/DSP_Lib/Source/ControllerFunctions/arm_sin_cos_f32.c **** *     distribution.
  23:../../Drivers/CMSIS/DSP_Lib/Source/ControllerFunctions/arm_sin_cos_f32.c **** *   - Neither the name of ARM LIMITED nor the names of its contributors
  24:../../Drivers/CMSIS/DSP_Lib/Source/ControllerFunctions/arm_sin_cos_f32.c **** *     may be used to endorse or promote products derived from this
  25:../../Drivers/CMSIS/DSP_Lib/Source/ControllerFunctions/arm_sin_cos_f32.c **** *     software without specific prior written permission.
  26:../../Drivers/CMSIS/DSP_Lib/Source/ControllerFunctions/arm_sin_cos_f32.c **** *
  27:../../Drivers/CMSIS/DSP_Lib/Source/ControllerFunctions/arm_sin_cos_f32.c **** * THIS SOFTWARE IS PROVIDED BY THE COPYRIGHT HOLDERS AND CONTRIBUTORS
  28:../../Drivers/CMSIS/DSP_Lib/Source/ControllerFunctions/arm_sin_cos_f32.c **** * "AS IS" AND ANY EXPRESS OR IMPLIED WARRANTIES, INCLUDING, BUT NOT
  29:../../Drivers/CMSIS/DSP_Lib/Source/ControllerFunctions/arm_sin_cos_f32.c **** * LIMITED TO, THE IMPLIED WARRANTIES OF MERCHANTABILITY AND FITNESS
  30:../../Drivers/CMSIS/DSP_Lib/Source/ControllerFunctions/arm_sin_cos_f32.c **** * FOR A PARTICULAR PURPOSE ARE DISCLAIMED. IN NO EVENT SHALL THE 
ARM GAS  /tmp/cclJsmWm.s 			page 2


  31:../../Drivers/CMSIS/DSP_Lib/Source/ControllerFunctions/arm_sin_cos_f32.c **** * COPYRIGHT OWNER OR CONTRIBUTORS BE LIABLE FOR ANY DIRECT, INDIRECT,
  32:../../Drivers/CMSIS/DSP_Lib/Source/ControllerFunctions/arm_sin_cos_f32.c **** * INCIDENTAL, SPECIAL, EXEMPLARY, OR CONSEQUENTIAL DAMAGES (INCLUDING,
  33:../../Drivers/CMSIS/DSP_Lib/Source/ControllerFunctions/arm_sin_cos_f32.c **** * BUT NOT LIMITED TO, PROCUREMENT OF SUBSTITUTE GOODS OR SERVICES;
  34:../../Drivers/CMSIS/DSP_Lib/Source/ControllerFunctions/arm_sin_cos_f32.c **** * LOSS OF USE, DATA, OR PROFITS; OR BUSINESS INTERRUPTION) HOWEVER
  35:../../Drivers/CMSIS/DSP_Lib/Source/ControllerFunctions/arm_sin_cos_f32.c **** * CAUSED AND ON ANY THEORY OF LIABILITY, WHETHER IN CONTRACT, STRICT
  36:../../Drivers/CMSIS/DSP_Lib/Source/ControllerFunctions/arm_sin_cos_f32.c **** * LIABILITY, OR TORT (INCLUDING NEGLIGENCE OR OTHERWISE) ARISING IN
  37:../../Drivers/CMSIS/DSP_Lib/Source/ControllerFunctions/arm_sin_cos_f32.c **** * ANY WAY OUT OF THE USE OF THIS SOFTWARE, EVEN IF ADVISED OF THE
  38:../../Drivers/CMSIS/DSP_Lib/Source/ControllerFunctions/arm_sin_cos_f32.c **** * POSSIBILITY OF SUCH DAMAGE.   
  39:../../Drivers/CMSIS/DSP_Lib/Source/ControllerFunctions/arm_sin_cos_f32.c **** * -------------------------------------------------------------------- */
  40:../../Drivers/CMSIS/DSP_Lib/Source/ControllerFunctions/arm_sin_cos_f32.c **** 
  41:../../Drivers/CMSIS/DSP_Lib/Source/ControllerFunctions/arm_sin_cos_f32.c **** #include "arm_math.h"
  42:../../Drivers/CMSIS/DSP_Lib/Source/ControllerFunctions/arm_sin_cos_f32.c **** #include "arm_common_tables.h"
  43:../../Drivers/CMSIS/DSP_Lib/Source/ControllerFunctions/arm_sin_cos_f32.c **** 
  44:../../Drivers/CMSIS/DSP_Lib/Source/ControllerFunctions/arm_sin_cos_f32.c **** /**    
  45:../../Drivers/CMSIS/DSP_Lib/Source/ControllerFunctions/arm_sin_cos_f32.c ****  * @ingroup groupController    
  46:../../Drivers/CMSIS/DSP_Lib/Source/ControllerFunctions/arm_sin_cos_f32.c ****  */
  47:../../Drivers/CMSIS/DSP_Lib/Source/ControllerFunctions/arm_sin_cos_f32.c **** 
  48:../../Drivers/CMSIS/DSP_Lib/Source/ControllerFunctions/arm_sin_cos_f32.c **** /**    
  49:../../Drivers/CMSIS/DSP_Lib/Source/ControllerFunctions/arm_sin_cos_f32.c ****  * @defgroup SinCos Sine Cosine   
  50:../../Drivers/CMSIS/DSP_Lib/Source/ControllerFunctions/arm_sin_cos_f32.c ****  *    
  51:../../Drivers/CMSIS/DSP_Lib/Source/ControllerFunctions/arm_sin_cos_f32.c ****  * Computes the trigonometric sine and cosine values using a combination of table lookup   
  52:../../Drivers/CMSIS/DSP_Lib/Source/ControllerFunctions/arm_sin_cos_f32.c ****  * and linear interpolation.     
  53:../../Drivers/CMSIS/DSP_Lib/Source/ControllerFunctions/arm_sin_cos_f32.c ****  * There are separate functions for Q31 and floating-point data types.   
  54:../../Drivers/CMSIS/DSP_Lib/Source/ControllerFunctions/arm_sin_cos_f32.c ****  * The input to the floating-point version is in degrees while the   
  55:../../Drivers/CMSIS/DSP_Lib/Source/ControllerFunctions/arm_sin_cos_f32.c ****  * fixed-point Q31 have a scaled input with the range   
  56:../../Drivers/CMSIS/DSP_Lib/Source/ControllerFunctions/arm_sin_cos_f32.c ****  * [-1 0.9999] mapping to [-180 +180] degrees.   
  57:../../Drivers/CMSIS/DSP_Lib/Source/ControllerFunctions/arm_sin_cos_f32.c ****  *
  58:../../Drivers/CMSIS/DSP_Lib/Source/ControllerFunctions/arm_sin_cos_f32.c ****  * The floating point function also allows values that are out of the usual range. When this happen
  59:../../Drivers/CMSIS/DSP_Lib/Source/ControllerFunctions/arm_sin_cos_f32.c ****  * take extra time to adjust the input value to the range of [-180 180].
  60:../../Drivers/CMSIS/DSP_Lib/Source/ControllerFunctions/arm_sin_cos_f32.c ****  *   
  61:../../Drivers/CMSIS/DSP_Lib/Source/ControllerFunctions/arm_sin_cos_f32.c ****  * The implementation is based on table lookup using 360 values together with linear interpolation.
  62:../../Drivers/CMSIS/DSP_Lib/Source/ControllerFunctions/arm_sin_cos_f32.c ****  * The steps used are:   
  63:../../Drivers/CMSIS/DSP_Lib/Source/ControllerFunctions/arm_sin_cos_f32.c ****  *  -# Calculation of the nearest integer table index.   
  64:../../Drivers/CMSIS/DSP_Lib/Source/ControllerFunctions/arm_sin_cos_f32.c ****  *  -# Compute the fractional portion (fract) of the input.   
  65:../../Drivers/CMSIS/DSP_Lib/Source/ControllerFunctions/arm_sin_cos_f32.c ****  *  -# Fetch the value corresponding to \c index from sine table to \c y0 and also value from \c in
  66:../../Drivers/CMSIS/DSP_Lib/Source/ControllerFunctions/arm_sin_cos_f32.c ****  *  -# Sine value is computed as <code> *psinVal = y0 + (fract * (y1 - y0))</code>.    
  67:../../Drivers/CMSIS/DSP_Lib/Source/ControllerFunctions/arm_sin_cos_f32.c ****  *  -# Fetch the value corresponding to \c index from cosine table to \c y0 and also value from \c 
  68:../../Drivers/CMSIS/DSP_Lib/Source/ControllerFunctions/arm_sin_cos_f32.c ****  *  -# Cosine value is computed as <code> *pcosVal = y0 + (fract * (y1 - y0))</code>.    
  69:../../Drivers/CMSIS/DSP_Lib/Source/ControllerFunctions/arm_sin_cos_f32.c ****  */
  70:../../Drivers/CMSIS/DSP_Lib/Source/ControllerFunctions/arm_sin_cos_f32.c **** 
  71:../../Drivers/CMSIS/DSP_Lib/Source/ControllerFunctions/arm_sin_cos_f32.c ****  /**    
  72:../../Drivers/CMSIS/DSP_Lib/Source/ControllerFunctions/arm_sin_cos_f32.c ****  * @addtogroup SinCos    
  73:../../Drivers/CMSIS/DSP_Lib/Source/ControllerFunctions/arm_sin_cos_f32.c ****  * @{    
  74:../../Drivers/CMSIS/DSP_Lib/Source/ControllerFunctions/arm_sin_cos_f32.c ****  */
  75:../../Drivers/CMSIS/DSP_Lib/Source/ControllerFunctions/arm_sin_cos_f32.c **** 
  76:../../Drivers/CMSIS/DSP_Lib/Source/ControllerFunctions/arm_sin_cos_f32.c **** /**    
  77:../../Drivers/CMSIS/DSP_Lib/Source/ControllerFunctions/arm_sin_cos_f32.c ****  * @brief  Floating-point sin_cos function.   
  78:../../Drivers/CMSIS/DSP_Lib/Source/ControllerFunctions/arm_sin_cos_f32.c ****  * @param[in]  theta    input value in degrees    
  79:../../Drivers/CMSIS/DSP_Lib/Source/ControllerFunctions/arm_sin_cos_f32.c ****  * @param[out] *pSinVal points to the processed sine output.    
  80:../../Drivers/CMSIS/DSP_Lib/Source/ControllerFunctions/arm_sin_cos_f32.c ****  * @param[out] *pCosVal points to the processed cos output.    
  81:../../Drivers/CMSIS/DSP_Lib/Source/ControllerFunctions/arm_sin_cos_f32.c ****  * @return none.   
  82:../../Drivers/CMSIS/DSP_Lib/Source/ControllerFunctions/arm_sin_cos_f32.c ****  */
  83:../../Drivers/CMSIS/DSP_Lib/Source/ControllerFunctions/arm_sin_cos_f32.c **** 
  84:../../Drivers/CMSIS/DSP_Lib/Source/ControllerFunctions/arm_sin_cos_f32.c **** void arm_sin_cos_f32(
  85:../../Drivers/CMSIS/DSP_Lib/Source/ControllerFunctions/arm_sin_cos_f32.c ****   float32_t theta,
  86:../../Drivers/CMSIS/DSP_Lib/Source/ControllerFunctions/arm_sin_cos_f32.c ****   float32_t * pSinVal,
  87:../../Drivers/CMSIS/DSP_Lib/Source/ControllerFunctions/arm_sin_cos_f32.c ****   float32_t * pCosVal)
ARM GAS  /tmp/cclJsmWm.s 			page 3


  88:../../Drivers/CMSIS/DSP_Lib/Source/ControllerFunctions/arm_sin_cos_f32.c **** {
  29              		.loc 1 88 0
  30              		.cfi_startproc
  31              		@ args = 0, pretend = 0, frame = 64
  32              		@ frame_needed = 1, uses_anonymous_args = 0
  33              		@ link register save eliminated.
  34 0000 80B4     		push	{r7}
  35              	.LCFI0:
  36              		.cfi_def_cfa_offset 4
  37              		.cfi_offset 7, -4
  38 0002 91B0     		sub	sp, sp, #68
  39              	.LCFI1:
  40              		.cfi_def_cfa_offset 72
  41 0004 00AF     		add	r7, sp, #0
  42              	.LCFI2:
  43              		.cfi_def_cfa_register 7
  44 0006 87ED030A 		fsts	s0, [r7, #12]
  45 000a B860     		str	r0, [r7, #8]
  46 000c 7960     		str	r1, [r7, #4]
  89:../../Drivers/CMSIS/DSP_Lib/Source/ControllerFunctions/arm_sin_cos_f32.c ****   float32_t fract, in;                             /* Temporary variables for input, output */
  90:../../Drivers/CMSIS/DSP_Lib/Source/ControllerFunctions/arm_sin_cos_f32.c ****   uint16_t indexS, indexC;                         /* Index variable */
  91:../../Drivers/CMSIS/DSP_Lib/Source/ControllerFunctions/arm_sin_cos_f32.c ****   float32_t f1, f2, d1, d2;                        /* Two nearest output values */
  92:../../Drivers/CMSIS/DSP_Lib/Source/ControllerFunctions/arm_sin_cos_f32.c ****   int32_t n;
  93:../../Drivers/CMSIS/DSP_Lib/Source/ControllerFunctions/arm_sin_cos_f32.c ****   float32_t findex, Dn, Df, temp;
  94:../../Drivers/CMSIS/DSP_Lib/Source/ControllerFunctions/arm_sin_cos_f32.c **** 
  95:../../Drivers/CMSIS/DSP_Lib/Source/ControllerFunctions/arm_sin_cos_f32.c ****   /* input x is in degrees */
  96:../../Drivers/CMSIS/DSP_Lib/Source/ControllerFunctions/arm_sin_cos_f32.c ****   /* Scale the input, divide input by 360, for cosine add 0.25 (pi/2) to read sine table */
  97:../../Drivers/CMSIS/DSP_Lib/Source/ControllerFunctions/arm_sin_cos_f32.c ****   in = theta * 0.00277777777778f;
  47              		.loc 1 97 0
  48 000e D7ED037A 		flds	s15, [r7, #12]
  49 0012 9FED997A 		flds	s14, .L5
  50 0016 67EE877A 		fmuls	s15, s15, s14
  51 001a C7ED0E7A 		fsts	s15, [r7, #56]
  98:../../Drivers/CMSIS/DSP_Lib/Source/ControllerFunctions/arm_sin_cos_f32.c **** 
  99:../../Drivers/CMSIS/DSP_Lib/Source/ControllerFunctions/arm_sin_cos_f32.c ****   /* Calculation of floor value of input */
 100:../../Drivers/CMSIS/DSP_Lib/Source/ControllerFunctions/arm_sin_cos_f32.c ****   n = (int32_t) in;
  52              		.loc 1 100 0
  53 001e D7ED0E7A 		flds	s15, [r7, #56]
  54 0022 FDEEE77A 		ftosizs	s15, s15
  55 0026 17EE903A 		fmrs	r3, s15	@ int
  56 002a FB63     		str	r3, [r7, #60]
 101:../../Drivers/CMSIS/DSP_Lib/Source/ControllerFunctions/arm_sin_cos_f32.c **** 
 102:../../Drivers/CMSIS/DSP_Lib/Source/ControllerFunctions/arm_sin_cos_f32.c ****   /* Make negative values towards -infinity */
 103:../../Drivers/CMSIS/DSP_Lib/Source/ControllerFunctions/arm_sin_cos_f32.c ****   if(in < 0.0f)
  57              		.loc 1 103 0
  58 002c D7ED0E7A 		flds	s15, [r7, #56]
  59 0030 F5EEC07A 		fcmpezs	s15
  60 0034 F1EE10FA 		fmstat
  61 0038 02D5     		bpl	.L2
 104:../../Drivers/CMSIS/DSP_Lib/Source/ControllerFunctions/arm_sin_cos_f32.c ****   {
 105:../../Drivers/CMSIS/DSP_Lib/Source/ControllerFunctions/arm_sin_cos_f32.c ****     n--;
  62              		.loc 1 105 0
  63 003a FB6B     		ldr	r3, [r7, #60]
  64 003c 013B     		subs	r3, r3, #1
  65 003e FB63     		str	r3, [r7, #60]
  66              	.L2:
 106:../../Drivers/CMSIS/DSP_Lib/Source/ControllerFunctions/arm_sin_cos_f32.c ****   }
ARM GAS  /tmp/cclJsmWm.s 			page 4


 107:../../Drivers/CMSIS/DSP_Lib/Source/ControllerFunctions/arm_sin_cos_f32.c ****   /* Map input value to [0 1] */
 108:../../Drivers/CMSIS/DSP_Lib/Source/ControllerFunctions/arm_sin_cos_f32.c ****   in = in - (float32_t) n;
  67              		.loc 1 108 0
  68 0040 FB6B     		ldr	r3, [r7, #60]
  69 0042 07EE903A 		fmsr	s15, r3	@ int
  70 0046 F8EEE77A 		fsitos	s15, s15
  71 004a 97ED0E7A 		flds	s14, [r7, #56]
  72 004e 77EE677A 		fsubs	s15, s14, s15
  73 0052 C7ED0E7A 		fsts	s15, [r7, #56]
 109:../../Drivers/CMSIS/DSP_Lib/Source/ControllerFunctions/arm_sin_cos_f32.c **** 
 110:../../Drivers/CMSIS/DSP_Lib/Source/ControllerFunctions/arm_sin_cos_f32.c ****   /* Calculation of index of the table */
 111:../../Drivers/CMSIS/DSP_Lib/Source/ControllerFunctions/arm_sin_cos_f32.c ****   findex = (float32_t) FAST_MATH_TABLE_SIZE * in;
  74              		.loc 1 111 0
  75 0056 D7ED0E7A 		flds	s15, [r7, #56]
  76 005a 9FED887A 		flds	s14, .L5+4
  77 005e 67EE877A 		fmuls	s15, s15, s14
  78 0062 C7ED0D7A 		fsts	s15, [r7, #52]
 112:../../Drivers/CMSIS/DSP_Lib/Source/ControllerFunctions/arm_sin_cos_f32.c ****   indexS = ((uint16_t)findex) & 0x1ff;
  79              		.loc 1 112 0
  80 0066 D7ED0D7A 		flds	s15, [r7, #52]
  81 006a FCEEE77A 		ftouizs	s15, s15
  82 006e C7ED007A 		fsts	s15, [r7]	@ int
  83 0072 3B88     		ldrh	r3, [r7]	@ movhi
  84 0074 9BB2     		uxth	r3, r3
  85 0076 C3F30803 		ubfx	r3, r3, #0, #9
  86 007a 7B86     		strh	r3, [r7, #50]	@ movhi
 113:../../Drivers/CMSIS/DSP_Lib/Source/ControllerFunctions/arm_sin_cos_f32.c ****   indexC = (indexS + (FAST_MATH_TABLE_SIZE / 4)) & 0x1ff;
  87              		.loc 1 113 0
  88 007c 7B8E     		ldrh	r3, [r7, #50]	@ movhi
  89 007e 8033     		adds	r3, r3, #128
  90 0080 9BB2     		uxth	r3, r3
  91 0082 C3F30803 		ubfx	r3, r3, #0, #9
  92 0086 3B86     		strh	r3, [r7, #48]	@ movhi
 114:../../Drivers/CMSIS/DSP_Lib/Source/ControllerFunctions/arm_sin_cos_f32.c **** 
 115:../../Drivers/CMSIS/DSP_Lib/Source/ControllerFunctions/arm_sin_cos_f32.c ****   /* fractional value calculation */
 116:../../Drivers/CMSIS/DSP_Lib/Source/ControllerFunctions/arm_sin_cos_f32.c ****   fract = findex - (float32_t) indexS;
  93              		.loc 1 116 0
  94 0088 7B8E     		ldrh	r3, [r7, #50]
  95 008a 07EE903A 		fmsr	s15, r3	@ int
  96 008e F8EE677A 		fuitos	s15, s15
  97 0092 97ED0D7A 		flds	s14, [r7, #52]
  98 0096 77EE677A 		fsubs	s15, s14, s15
  99 009a C7ED0B7A 		fsts	s15, [r7, #44]
 117:../../Drivers/CMSIS/DSP_Lib/Source/ControllerFunctions/arm_sin_cos_f32.c **** 
 118:../../Drivers/CMSIS/DSP_Lib/Source/ControllerFunctions/arm_sin_cos_f32.c ****   /* Read two nearest values of input value from the cos & sin tables */
 119:../../Drivers/CMSIS/DSP_Lib/Source/ControllerFunctions/arm_sin_cos_f32.c ****   f1 = sinTable_f32[indexC+0];
 100              		.loc 1 119 0
 101 009e 3B8E     		ldrh	r3, [r7, #48]
 102 00a0 774A     		ldr	r2, .L5+8
 103 00a2 9B00     		lsls	r3, r3, #2
 104 00a4 1344     		add	r3, r3, r2
 105 00a6 1B68     		ldr	r3, [r3]	@ float
 106 00a8 BB62     		str	r3, [r7, #40]	@ float
 120:../../Drivers/CMSIS/DSP_Lib/Source/ControllerFunctions/arm_sin_cos_f32.c ****   f2 = sinTable_f32[indexC+1];
 107              		.loc 1 120 0
 108 00aa 3B8E     		ldrh	r3, [r7, #48]
 109 00ac 0133     		adds	r3, r3, #1
ARM GAS  /tmp/cclJsmWm.s 			page 5


 110 00ae 744A     		ldr	r2, .L5+8
 111 00b0 9B00     		lsls	r3, r3, #2
 112 00b2 1344     		add	r3, r3, r2
 113 00b4 1B68     		ldr	r3, [r3]	@ float
 114 00b6 7B62     		str	r3, [r7, #36]	@ float
 121:../../Drivers/CMSIS/DSP_Lib/Source/ControllerFunctions/arm_sin_cos_f32.c ****   d1 = -sinTable_f32[indexS+0];
 115              		.loc 1 121 0
 116 00b8 7B8E     		ldrh	r3, [r7, #50]
 117 00ba 714A     		ldr	r2, .L5+8
 118 00bc 9B00     		lsls	r3, r3, #2
 119 00be 1344     		add	r3, r3, r2
 120 00c0 D3ED007A 		flds	s15, [r3]
 121 00c4 F1EE677A 		fnegs	s15, s15
 122 00c8 C7ED087A 		fsts	s15, [r7, #32]
 122:../../Drivers/CMSIS/DSP_Lib/Source/ControllerFunctions/arm_sin_cos_f32.c ****   d2 = -sinTable_f32[indexS+1];
 123              		.loc 1 122 0
 124 00cc 7B8E     		ldrh	r3, [r7, #50]
 125 00ce 0133     		adds	r3, r3, #1
 126 00d0 6B4A     		ldr	r2, .L5+8
 127 00d2 9B00     		lsls	r3, r3, #2
 128 00d4 1344     		add	r3, r3, r2
 129 00d6 D3ED007A 		flds	s15, [r3]
 130 00da F1EE677A 		fnegs	s15, s15
 131 00de C7ED077A 		fsts	s15, [r7, #28]
 123:../../Drivers/CMSIS/DSP_Lib/Source/ControllerFunctions/arm_sin_cos_f32.c **** 
 124:../../Drivers/CMSIS/DSP_Lib/Source/ControllerFunctions/arm_sin_cos_f32.c ****   Dn = 0.0122718463030f; // delta between the two points (fixed), in this case 2*pi/FAST_MATH_TABLE
 132              		.loc 1 124 0
 133 00e2 684B     		ldr	r3, .L5+12
 134 00e4 BB61     		str	r3, [r7, #24]	@ float
 125:../../Drivers/CMSIS/DSP_Lib/Source/ControllerFunctions/arm_sin_cos_f32.c ****   Df = f2 - f1; // delta between the values of the functions
 135              		.loc 1 125 0
 136 00e6 97ED097A 		flds	s14, [r7, #36]
 137 00ea D7ED0A7A 		flds	s15, [r7, #40]
 138 00ee 77EE677A 		fsubs	s15, s14, s15
 139 00f2 C7ED057A 		fsts	s15, [r7, #20]
 126:../../Drivers/CMSIS/DSP_Lib/Source/ControllerFunctions/arm_sin_cos_f32.c ****   temp = Dn*(d1 + d2) - 2*Df;
 140              		.loc 1 126 0
 141 00f6 97ED087A 		flds	s14, [r7, #32]
 142 00fa D7ED077A 		flds	s15, [r7, #28]
 143 00fe 37EE277A 		fadds	s14, s14, s15
 144 0102 D7ED067A 		flds	s15, [r7, #24]
 145 0106 27EE277A 		fmuls	s14, s14, s15
 146 010a D7ED057A 		flds	s15, [r7, #20]
 147 010e 77EEA77A 		fadds	s15, s15, s15
 148 0112 77EE677A 		fsubs	s15, s14, s15
 149 0116 C7ED047A 		fsts	s15, [r7, #16]
 127:../../Drivers/CMSIS/DSP_Lib/Source/ControllerFunctions/arm_sin_cos_f32.c ****   temp = fract*temp + (3*Df - (d2 + 2*d1)*Dn);
 150              		.loc 1 127 0
 151 011a 97ED0B7A 		flds	s14, [r7, #44]
 152 011e D7ED047A 		flds	s15, [r7, #16]
 153 0122 27EE277A 		fmuls	s14, s14, s15
 154 0126 D7ED057A 		flds	s15, [r7, #20]
 155 012a F0EE086A 		fconsts	s13, #8
 156 012e 67EEA66A 		fmuls	s13, s15, s13
 157 0132 D7ED087A 		flds	s15, [r7, #32]
 158 0136 37EEA76A 		fadds	s12, s15, s15
 159 013a D7ED077A 		flds	s15, [r7, #28]
ARM GAS  /tmp/cclJsmWm.s 			page 6


 160 013e 36EE276A 		fadds	s12, s12, s15
 161 0142 D7ED067A 		flds	s15, [r7, #24]
 162 0146 66EE277A 		fmuls	s15, s12, s15
 163 014a 76EEE77A 		fsubs	s15, s13, s15
 164 014e 77EE277A 		fadds	s15, s14, s15
 165 0152 C7ED047A 		fsts	s15, [r7, #16]
 128:../../Drivers/CMSIS/DSP_Lib/Source/ControllerFunctions/arm_sin_cos_f32.c ****   temp = fract*temp + d1*Dn;
 166              		.loc 1 128 0
 167 0156 97ED0B7A 		flds	s14, [r7, #44]
 168 015a D7ED047A 		flds	s15, [r7, #16]
 169 015e 27EE277A 		fmuls	s14, s14, s15
 170 0162 D7ED086A 		flds	s13, [r7, #32]
 171 0166 D7ED067A 		flds	s15, [r7, #24]
 172 016a 66EEA77A 		fmuls	s15, s13, s15
 173 016e 77EE277A 		fadds	s15, s14, s15
 174 0172 C7ED047A 		fsts	s15, [r7, #16]
 129:../../Drivers/CMSIS/DSP_Lib/Source/ControllerFunctions/arm_sin_cos_f32.c **** 
 130:../../Drivers/CMSIS/DSP_Lib/Source/ControllerFunctions/arm_sin_cos_f32.c ****   /* Calculation of cosine value */
 131:../../Drivers/CMSIS/DSP_Lib/Source/ControllerFunctions/arm_sin_cos_f32.c ****   *pCosVal = fract*temp + f1;
 175              		.loc 1 131 0
 176 0176 97ED0B7A 		flds	s14, [r7, #44]
 177 017a D7ED047A 		flds	s15, [r7, #16]
 178 017e 27EE277A 		fmuls	s14, s14, s15
 179 0182 D7ED0A7A 		flds	s15, [r7, #40]
 180 0186 77EE277A 		fadds	s15, s14, s15
 181 018a 7B68     		ldr	r3, [r7, #4]
 182 018c C3ED007A 		fsts	s15, [r3]
 132:../../Drivers/CMSIS/DSP_Lib/Source/ControllerFunctions/arm_sin_cos_f32.c ****   
 133:../../Drivers/CMSIS/DSP_Lib/Source/ControllerFunctions/arm_sin_cos_f32.c ****   /* Read two nearest values of input value from the cos & sin tables */
 134:../../Drivers/CMSIS/DSP_Lib/Source/ControllerFunctions/arm_sin_cos_f32.c ****   f1 = sinTable_f32[indexS+0];
 183              		.loc 1 134 0
 184 0190 7B8E     		ldrh	r3, [r7, #50]
 185 0192 3B4A     		ldr	r2, .L5+8
 186 0194 9B00     		lsls	r3, r3, #2
 187 0196 1344     		add	r3, r3, r2
 188 0198 1B68     		ldr	r3, [r3]	@ float
 189 019a BB62     		str	r3, [r7, #40]	@ float
 135:../../Drivers/CMSIS/DSP_Lib/Source/ControllerFunctions/arm_sin_cos_f32.c ****   f2 = sinTable_f32[indexS+1];
 190              		.loc 1 135 0
 191 019c 7B8E     		ldrh	r3, [r7, #50]
 192 019e 0133     		adds	r3, r3, #1
 193 01a0 374A     		ldr	r2, .L5+8
 194 01a2 9B00     		lsls	r3, r3, #2
 195 01a4 1344     		add	r3, r3, r2
 196 01a6 1B68     		ldr	r3, [r3]	@ float
 197 01a8 7B62     		str	r3, [r7, #36]	@ float
 136:../../Drivers/CMSIS/DSP_Lib/Source/ControllerFunctions/arm_sin_cos_f32.c ****   d1 = sinTable_f32[indexC+0];
 198              		.loc 1 136 0
 199 01aa 3B8E     		ldrh	r3, [r7, #48]
 200 01ac 344A     		ldr	r2, .L5+8
 201 01ae 9B00     		lsls	r3, r3, #2
 202 01b0 1344     		add	r3, r3, r2
 203 01b2 1B68     		ldr	r3, [r3]	@ float
 204 01b4 3B62     		str	r3, [r7, #32]	@ float
 137:../../Drivers/CMSIS/DSP_Lib/Source/ControllerFunctions/arm_sin_cos_f32.c ****   d2 = sinTable_f32[indexC+1];
 205              		.loc 1 137 0
 206 01b6 3B8E     		ldrh	r3, [r7, #48]
ARM GAS  /tmp/cclJsmWm.s 			page 7


 207 01b8 0133     		adds	r3, r3, #1
 208 01ba 314A     		ldr	r2, .L5+8
 209 01bc 9B00     		lsls	r3, r3, #2
 210 01be 1344     		add	r3, r3, r2
 211 01c0 1B68     		ldr	r3, [r3]	@ float
 212 01c2 FB61     		str	r3, [r7, #28]	@ float
 138:../../Drivers/CMSIS/DSP_Lib/Source/ControllerFunctions/arm_sin_cos_f32.c **** 
 139:../../Drivers/CMSIS/DSP_Lib/Source/ControllerFunctions/arm_sin_cos_f32.c ****   Df = f2 - f1; // delta between the values of the functions
 213              		.loc 1 139 0
 214 01c4 97ED097A 		flds	s14, [r7, #36]
 215 01c8 D7ED0A7A 		flds	s15, [r7, #40]
 216 01cc 77EE677A 		fsubs	s15, s14, s15
 217 01d0 C7ED057A 		fsts	s15, [r7, #20]
 140:../../Drivers/CMSIS/DSP_Lib/Source/ControllerFunctions/arm_sin_cos_f32.c ****   temp = Dn*(d1 + d2) - 2*Df;
 218              		.loc 1 140 0
 219 01d4 97ED087A 		flds	s14, [r7, #32]
 220 01d8 D7ED077A 		flds	s15, [r7, #28]
 221 01dc 37EE277A 		fadds	s14, s14, s15
 222 01e0 D7ED067A 		flds	s15, [r7, #24]
 223 01e4 27EE277A 		fmuls	s14, s14, s15
 224 01e8 D7ED057A 		flds	s15, [r7, #20]
 225 01ec 77EEA77A 		fadds	s15, s15, s15
 226 01f0 77EE677A 		fsubs	s15, s14, s15
 227 01f4 C7ED047A 		fsts	s15, [r7, #16]
 141:../../Drivers/CMSIS/DSP_Lib/Source/ControllerFunctions/arm_sin_cos_f32.c ****   temp = fract*temp + (3*Df - (d2 + 2*d1)*Dn);
 228              		.loc 1 141 0
 229 01f8 97ED0B7A 		flds	s14, [r7, #44]
 230 01fc D7ED047A 		flds	s15, [r7, #16]
 231 0200 27EE277A 		fmuls	s14, s14, s15
 232 0204 D7ED057A 		flds	s15, [r7, #20]
 233 0208 F0EE086A 		fconsts	s13, #8
 234 020c 67EEA66A 		fmuls	s13, s15, s13
 235 0210 D7ED087A 		flds	s15, [r7, #32]
 236 0214 37EEA76A 		fadds	s12, s15, s15
 237 0218 D7ED077A 		flds	s15, [r7, #28]
 238 021c 36EE276A 		fadds	s12, s12, s15
 239 0220 D7ED067A 		flds	s15, [r7, #24]
 240 0224 66EE277A 		fmuls	s15, s12, s15
 241 0228 76EEE77A 		fsubs	s15, s13, s15
 242 022c 77EE277A 		fadds	s15, s14, s15
 243 0230 C7ED047A 		fsts	s15, [r7, #16]
 142:../../Drivers/CMSIS/DSP_Lib/Source/ControllerFunctions/arm_sin_cos_f32.c ****   temp = fract*temp + d1*Dn;
 244              		.loc 1 142 0
 245 0234 97ED0B7A 		flds	s14, [r7, #44]
 246 0238 D7ED047A 		flds	s15, [r7, #16]
 247 023c 27EE277A 		fmuls	s14, s14, s15
 248 0240 D7ED086A 		flds	s13, [r7, #32]
 249 0244 D7ED067A 		flds	s15, [r7, #24]
 250 0248 66EEA77A 		fmuls	s15, s13, s15
 251 024c 77EE277A 		fadds	s15, s14, s15
 252 0250 C7ED047A 		fsts	s15, [r7, #16]
 143:../../Drivers/CMSIS/DSP_Lib/Source/ControllerFunctions/arm_sin_cos_f32.c ****   
 144:../../Drivers/CMSIS/DSP_Lib/Source/ControllerFunctions/arm_sin_cos_f32.c ****   /* Calculation of sine value */
 145:../../Drivers/CMSIS/DSP_Lib/Source/ControllerFunctions/arm_sin_cos_f32.c ****   *pSinVal = fract*temp + f1;
 253              		.loc 1 145 0
 254 0254 97ED0B7A 		flds	s14, [r7, #44]
 255 0258 D7ED047A 		flds	s15, [r7, #16]
ARM GAS  /tmp/cclJsmWm.s 			page 8


 256 025c 27EE277A 		fmuls	s14, s14, s15
 257 0260 D7ED0A7A 		flds	s15, [r7, #40]
 258 0264 77EE277A 		fadds	s15, s14, s15
 259 0268 BB68     		ldr	r3, [r7, #8]
 260 026a C3ED007A 		fsts	s15, [r3]
 146:../../Drivers/CMSIS/DSP_Lib/Source/ControllerFunctions/arm_sin_cos_f32.c **** }
 261              		.loc 1 146 0
 262 026e 4437     		adds	r7, r7, #68
 263              	.LCFI3:
 264              		.cfi_def_cfa_offset 4
 265 0270 BD46     		mov	sp, r7
 266              	.LCFI4:
 267              		.cfi_def_cfa_register 13
 268              		@ sp needed
 269 0272 5DF8047B 		ldr	r7, [sp], #4
 270              	.LCFI5:
 271              		.cfi_restore 7
 272              		.cfi_def_cfa_offset 0
 273 0276 7047     		bx	lr
 274              	.L6:
 275              		.align	2
 276              	.L5:
 277 0278 610B363B 		.word	993397601
 278 027c 00000044 		.word	1140850688
 279 0280 00000000 		.word	sinTable_f32
 280 0284 DB0F493C 		.word	1011421147
 281              		.cfi_endproc
 282              	.LFE139:
 284              		.text
 285              	.Letext0:
 286              		.file 2 "/usr/arm-none-eabi/include/machine/_default_types.h"
 287              		.file 3 "/usr/arm-none-eabi/include/sys/_stdint.h"
 288              		.file 4 "../../Drivers/CMSIS/Include/arm_math.h"
 289              		.file 5 "../../Drivers/CMSIS/Include/arm_common_tables.h"
ARM GAS  /tmp/cclJsmWm.s 			page 9


DEFINED SYMBOLS
                            *ABS*:0000000000000000 arm_sin_cos_f32.c
     /tmp/cclJsmWm.s:21     .text.arm_sin_cos_f32:0000000000000000 $t
     /tmp/cclJsmWm.s:26     .text.arm_sin_cos_f32:0000000000000000 arm_sin_cos_f32
     /tmp/cclJsmWm.s:277    .text.arm_sin_cos_f32:0000000000000278 $d
                     .debug_frame:0000000000000010 $d

UNDEFINED SYMBOLS
sinTable_f32
