ARM GAS  /tmp/ccC3id5J.s 			page 1


   1              		.syntax unified
   2              		.cpu cortex-m4
   3              		.eabi_attribute 27, 1
   4              		.eabi_attribute 28, 1
   5              		.fpu fpv4-sp-d16
   6              		.eabi_attribute 20, 1
   7              		.eabi_attribute 21, 1
   8              		.eabi_attribute 23, 3
   9              		.eabi_attribute 24, 1
  10              		.eabi_attribute 25, 1
  11              		.eabi_attribute 26, 1
  12              		.eabi_attribute 30, 6
  13              		.eabi_attribute 34, 1
  14              		.eabi_attribute 18, 4
  15              		.thumb
  16              		.file	"arm_sin_f32.c"
  17              		.text
  18              	.Ltext0:
  19              		.cfi_sections	.debug_frame
  20              		.section	.text.arm_sin_f32,"ax",%progbits
  21              		.align	2
  22              		.global	arm_sin_f32
  23              		.thumb
  24              		.thumb_func
  26              	arm_sin_f32:
  27              	.LFB139:
  28              		.file 1 "../../Drivers/CMSIS/DSP_Lib/Source/FastMathFunctions/arm_sin_f32.c"
   1:../../Drivers/CMSIS/DSP_Lib/Source/FastMathFunctions/arm_sin_f32.c **** /* ----------------------------------------------------------------------
   2:../../Drivers/CMSIS/DSP_Lib/Source/FastMathFunctions/arm_sin_f32.c **** * Copyright (C) 2010-2014 ARM Limited. All rights reserved.
   3:../../Drivers/CMSIS/DSP_Lib/Source/FastMathFunctions/arm_sin_f32.c **** *
   4:../../Drivers/CMSIS/DSP_Lib/Source/FastMathFunctions/arm_sin_f32.c **** * $Date:        21. September 2015
   5:../../Drivers/CMSIS/DSP_Lib/Source/FastMathFunctions/arm_sin_f32.c **** * $Revision:    V.1.4.5 a
   6:../../Drivers/CMSIS/DSP_Lib/Source/FastMathFunctions/arm_sin_f32.c **** *
   7:../../Drivers/CMSIS/DSP_Lib/Source/FastMathFunctions/arm_sin_f32.c **** * Project:      CMSIS DSP Library
   8:../../Drivers/CMSIS/DSP_Lib/Source/FastMathFunctions/arm_sin_f32.c **** * Title:        arm_sin_f32.c
   9:../../Drivers/CMSIS/DSP_Lib/Source/FastMathFunctions/arm_sin_f32.c **** *
  10:../../Drivers/CMSIS/DSP_Lib/Source/FastMathFunctions/arm_sin_f32.c **** * Description:  Fast sine calculation for floating-point values.
  11:../../Drivers/CMSIS/DSP_Lib/Source/FastMathFunctions/arm_sin_f32.c **** *
  12:../../Drivers/CMSIS/DSP_Lib/Source/FastMathFunctions/arm_sin_f32.c **** * Target Processor: Cortex-M4/Cortex-M3/Cortex-M0
  13:../../Drivers/CMSIS/DSP_Lib/Source/FastMathFunctions/arm_sin_f32.c **** *
  14:../../Drivers/CMSIS/DSP_Lib/Source/FastMathFunctions/arm_sin_f32.c **** * Redistribution and use in source and binary forms, with or without
  15:../../Drivers/CMSIS/DSP_Lib/Source/FastMathFunctions/arm_sin_f32.c **** * modification, are permitted provided that the following conditions
  16:../../Drivers/CMSIS/DSP_Lib/Source/FastMathFunctions/arm_sin_f32.c **** * are met:
  17:../../Drivers/CMSIS/DSP_Lib/Source/FastMathFunctions/arm_sin_f32.c **** *   - Redistributions of source code must retain the above copyright
  18:../../Drivers/CMSIS/DSP_Lib/Source/FastMathFunctions/arm_sin_f32.c **** *     notice, this list of conditions and the following disclaimer.
  19:../../Drivers/CMSIS/DSP_Lib/Source/FastMathFunctions/arm_sin_f32.c **** *   - Redistributions in binary form must reproduce the above copyright
  20:../../Drivers/CMSIS/DSP_Lib/Source/FastMathFunctions/arm_sin_f32.c **** *     notice, this list of conditions and the following disclaimer in
  21:../../Drivers/CMSIS/DSP_Lib/Source/FastMathFunctions/arm_sin_f32.c **** *     the documentation and/or other materials provided with the
  22:../../Drivers/CMSIS/DSP_Lib/Source/FastMathFunctions/arm_sin_f32.c **** *     distribution.
  23:../../Drivers/CMSIS/DSP_Lib/Source/FastMathFunctions/arm_sin_f32.c **** *   - Neither the name of ARM LIMITED nor the names of its contributors
  24:../../Drivers/CMSIS/DSP_Lib/Source/FastMathFunctions/arm_sin_f32.c **** *     may be used to endorse or promote products derived from this
  25:../../Drivers/CMSIS/DSP_Lib/Source/FastMathFunctions/arm_sin_f32.c **** *     software without specific prior written permission.
  26:../../Drivers/CMSIS/DSP_Lib/Source/FastMathFunctions/arm_sin_f32.c **** *
  27:../../Drivers/CMSIS/DSP_Lib/Source/FastMathFunctions/arm_sin_f32.c **** * THIS SOFTWARE IS PROVIDED BY THE COPYRIGHT HOLDERS AND CONTRIBUTORS
  28:../../Drivers/CMSIS/DSP_Lib/Source/FastMathFunctions/arm_sin_f32.c **** * "AS IS" AND ANY EXPRESS OR IMPLIED WARRANTIES, INCLUDING, BUT NOT
  29:../../Drivers/CMSIS/DSP_Lib/Source/FastMathFunctions/arm_sin_f32.c **** * LIMITED TO, THE IMPLIED WARRANTIES OF MERCHANTABILITY AND FITNESS
  30:../../Drivers/CMSIS/DSP_Lib/Source/FastMathFunctions/arm_sin_f32.c **** * FOR A PARTICULAR PURPOSE ARE DISCLAIMED. IN NO EVENT SHALL THE
ARM GAS  /tmp/ccC3id5J.s 			page 2


  31:../../Drivers/CMSIS/DSP_Lib/Source/FastMathFunctions/arm_sin_f32.c **** * COPYRIGHT OWNER OR CONTRIBUTORS BE LIABLE FOR ANY DIRECT, INDIRECT,
  32:../../Drivers/CMSIS/DSP_Lib/Source/FastMathFunctions/arm_sin_f32.c **** * INCIDENTAL, SPECIAL, EXEMPLARY, OR CONSEQUENTIAL DAMAGES (INCLUDING,
  33:../../Drivers/CMSIS/DSP_Lib/Source/FastMathFunctions/arm_sin_f32.c **** * BUT NOT LIMITED TO, PROCUREMENT OF SUBSTITUTE GOODS OR SERVICES;
  34:../../Drivers/CMSIS/DSP_Lib/Source/FastMathFunctions/arm_sin_f32.c **** * LOSS OF USE, DATA, OR PROFITS; OR BUSINESS INTERRUPTION) HOWEVER
  35:../../Drivers/CMSIS/DSP_Lib/Source/FastMathFunctions/arm_sin_f32.c **** * CAUSED AND ON ANY THEORY OF LIABILITY, WHETHER IN CONTRACT, STRICT
  36:../../Drivers/CMSIS/DSP_Lib/Source/FastMathFunctions/arm_sin_f32.c **** * LIABILITY, OR TORT (INCLUDING NEGLIGENCE OR OTHERWISE) ARISING IN
  37:../../Drivers/CMSIS/DSP_Lib/Source/FastMathFunctions/arm_sin_f32.c **** * ANY WAY OUT OF THE USE OF THIS SOFTWARE, EVEN IF ADVISED OF THE
  38:../../Drivers/CMSIS/DSP_Lib/Source/FastMathFunctions/arm_sin_f32.c **** * POSSIBILITY OF SUCH DAMAGE.
  39:../../Drivers/CMSIS/DSP_Lib/Source/FastMathFunctions/arm_sin_f32.c **** * -------------------------------------------------------------------- */
  40:../../Drivers/CMSIS/DSP_Lib/Source/FastMathFunctions/arm_sin_f32.c **** 
  41:../../Drivers/CMSIS/DSP_Lib/Source/FastMathFunctions/arm_sin_f32.c **** #include "arm_math.h"
  42:../../Drivers/CMSIS/DSP_Lib/Source/FastMathFunctions/arm_sin_f32.c **** #include "arm_common_tables.h"
  43:../../Drivers/CMSIS/DSP_Lib/Source/FastMathFunctions/arm_sin_f32.c **** #include <math.h>
  44:../../Drivers/CMSIS/DSP_Lib/Source/FastMathFunctions/arm_sin_f32.c **** 
  45:../../Drivers/CMSIS/DSP_Lib/Source/FastMathFunctions/arm_sin_f32.c **** /**
  46:../../Drivers/CMSIS/DSP_Lib/Source/FastMathFunctions/arm_sin_f32.c ****  * @ingroup groupFastMath
  47:../../Drivers/CMSIS/DSP_Lib/Source/FastMathFunctions/arm_sin_f32.c ****  */
  48:../../Drivers/CMSIS/DSP_Lib/Source/FastMathFunctions/arm_sin_f32.c **** 
  49:../../Drivers/CMSIS/DSP_Lib/Source/FastMathFunctions/arm_sin_f32.c **** /**
  50:../../Drivers/CMSIS/DSP_Lib/Source/FastMathFunctions/arm_sin_f32.c ****  * @defgroup sin Sine
  51:../../Drivers/CMSIS/DSP_Lib/Source/FastMathFunctions/arm_sin_f32.c ****  *
  52:../../Drivers/CMSIS/DSP_Lib/Source/FastMathFunctions/arm_sin_f32.c ****  * Computes the trigonometric sine function using a combination of table lookup
  53:../../Drivers/CMSIS/DSP_Lib/Source/FastMathFunctions/arm_sin_f32.c ****  * and linear interpolation.  There are separate functions for
  54:../../Drivers/CMSIS/DSP_Lib/Source/FastMathFunctions/arm_sin_f32.c ****  * Q15, Q31, and floating-point data types.
  55:../../Drivers/CMSIS/DSP_Lib/Source/FastMathFunctions/arm_sin_f32.c ****  * The input to the floating-point version is in radians while the
  56:../../Drivers/CMSIS/DSP_Lib/Source/FastMathFunctions/arm_sin_f32.c ****  * fixed-point Q15 and Q31 have a scaled input with the range
  57:../../Drivers/CMSIS/DSP_Lib/Source/FastMathFunctions/arm_sin_f32.c ****  * [0 +0.9999] mapping to [0 2*pi).  The fixed-point range is chosen so that a
  58:../../Drivers/CMSIS/DSP_Lib/Source/FastMathFunctions/arm_sin_f32.c ****  * value of 2*pi wraps around to 0.
  59:../../Drivers/CMSIS/DSP_Lib/Source/FastMathFunctions/arm_sin_f32.c ****  *
  60:../../Drivers/CMSIS/DSP_Lib/Source/FastMathFunctions/arm_sin_f32.c ****  * The implementation is based on table lookup using 256 values together with linear interpolation.
  61:../../Drivers/CMSIS/DSP_Lib/Source/FastMathFunctions/arm_sin_f32.c ****  * The steps used are:
  62:../../Drivers/CMSIS/DSP_Lib/Source/FastMathFunctions/arm_sin_f32.c ****  *  -# Calculation of the nearest integer table index
  63:../../Drivers/CMSIS/DSP_Lib/Source/FastMathFunctions/arm_sin_f32.c ****  *  -# Compute the fractional portion (fract) of the table index.
  64:../../Drivers/CMSIS/DSP_Lib/Source/FastMathFunctions/arm_sin_f32.c ****  *  -# The final result equals <code>(1.0f-fract)*a + fract*b;</code>
  65:../../Drivers/CMSIS/DSP_Lib/Source/FastMathFunctions/arm_sin_f32.c ****  *
  66:../../Drivers/CMSIS/DSP_Lib/Source/FastMathFunctions/arm_sin_f32.c ****  * where
  67:../../Drivers/CMSIS/DSP_Lib/Source/FastMathFunctions/arm_sin_f32.c ****  * <pre>
  68:../../Drivers/CMSIS/DSP_Lib/Source/FastMathFunctions/arm_sin_f32.c ****  *    b=Table[index+0];
  69:../../Drivers/CMSIS/DSP_Lib/Source/FastMathFunctions/arm_sin_f32.c ****  *    c=Table[index+1];
  70:../../Drivers/CMSIS/DSP_Lib/Source/FastMathFunctions/arm_sin_f32.c ****  * </pre>
  71:../../Drivers/CMSIS/DSP_Lib/Source/FastMathFunctions/arm_sin_f32.c ****  */
  72:../../Drivers/CMSIS/DSP_Lib/Source/FastMathFunctions/arm_sin_f32.c **** 
  73:../../Drivers/CMSIS/DSP_Lib/Source/FastMathFunctions/arm_sin_f32.c **** /**
  74:../../Drivers/CMSIS/DSP_Lib/Source/FastMathFunctions/arm_sin_f32.c ****  * @addtogroup sin
  75:../../Drivers/CMSIS/DSP_Lib/Source/FastMathFunctions/arm_sin_f32.c ****  * @{
  76:../../Drivers/CMSIS/DSP_Lib/Source/FastMathFunctions/arm_sin_f32.c ****  */
  77:../../Drivers/CMSIS/DSP_Lib/Source/FastMathFunctions/arm_sin_f32.c **** 
  78:../../Drivers/CMSIS/DSP_Lib/Source/FastMathFunctions/arm_sin_f32.c **** /**
  79:../../Drivers/CMSIS/DSP_Lib/Source/FastMathFunctions/arm_sin_f32.c ****  * @brief  Fast approximation to the trigonometric sine function for floating-point data.
  80:../../Drivers/CMSIS/DSP_Lib/Source/FastMathFunctions/arm_sin_f32.c ****  * @param[in] x input value in radians.
  81:../../Drivers/CMSIS/DSP_Lib/Source/FastMathFunctions/arm_sin_f32.c ****  * @return  sin(x).
  82:../../Drivers/CMSIS/DSP_Lib/Source/FastMathFunctions/arm_sin_f32.c ****  */
  83:../../Drivers/CMSIS/DSP_Lib/Source/FastMathFunctions/arm_sin_f32.c **** 
  84:../../Drivers/CMSIS/DSP_Lib/Source/FastMathFunctions/arm_sin_f32.c **** float32_t arm_sin_f32(
  85:../../Drivers/CMSIS/DSP_Lib/Source/FastMathFunctions/arm_sin_f32.c ****   float32_t x)
  86:../../Drivers/CMSIS/DSP_Lib/Source/FastMathFunctions/arm_sin_f32.c **** {
  29              		.loc 1 86 0
ARM GAS  /tmp/ccC3id5J.s 			page 3


  30              		.cfi_startproc
  31              		@ args = 0, pretend = 0, frame = 40
  32              		@ frame_needed = 1, uses_anonymous_args = 0
  33              		@ link register save eliminated.
  34 0000 80B4     		push	{r7}
  35              	.LCFI0:
  36              		.cfi_def_cfa_offset 4
  37              		.cfi_offset 7, -4
  38 0002 8BB0     		sub	sp, sp, #44
  39              	.LCFI1:
  40              		.cfi_def_cfa_offset 48
  41 0004 00AF     		add	r7, sp, #0
  42              	.LCFI2:
  43              		.cfi_def_cfa_register 7
  44 0006 87ED010A 		fsts	s0, [r7, #4]
  87:../../Drivers/CMSIS/DSP_Lib/Source/FastMathFunctions/arm_sin_f32.c ****   float32_t sinVal, fract, in;                           /* Temporary variables for input, output *
  88:../../Drivers/CMSIS/DSP_Lib/Source/FastMathFunctions/arm_sin_f32.c ****   uint16_t index;                                        /* Index variable */
  89:../../Drivers/CMSIS/DSP_Lib/Source/FastMathFunctions/arm_sin_f32.c ****   float32_t a, b;                                        /* Two nearest output values */
  90:../../Drivers/CMSIS/DSP_Lib/Source/FastMathFunctions/arm_sin_f32.c ****   int32_t n;
  91:../../Drivers/CMSIS/DSP_Lib/Source/FastMathFunctions/arm_sin_f32.c ****   float32_t findex;
  92:../../Drivers/CMSIS/DSP_Lib/Source/FastMathFunctions/arm_sin_f32.c **** 
  93:../../Drivers/CMSIS/DSP_Lib/Source/FastMathFunctions/arm_sin_f32.c ****   /* input x is in radians */
  94:../../Drivers/CMSIS/DSP_Lib/Source/FastMathFunctions/arm_sin_f32.c ****   /* Scale the input to [0 1] range from [0 2*PI] , divide input by 2*pi */
  95:../../Drivers/CMSIS/DSP_Lib/Source/FastMathFunctions/arm_sin_f32.c ****   in = x * 0.159154943092f;
  45              		.loc 1 95 0
  46 000a D7ED017A 		flds	s15, [r7, #4]
  47 000e 9FED3E7A 		flds	s14, .L9
  48 0012 67EE877A 		fmuls	s15, s15, s14
  49 0016 C7ED077A 		fsts	s15, [r7, #28]
  96:../../Drivers/CMSIS/DSP_Lib/Source/FastMathFunctions/arm_sin_f32.c **** 
  97:../../Drivers/CMSIS/DSP_Lib/Source/FastMathFunctions/arm_sin_f32.c ****   /* Calculation of floor value of input */
  98:../../Drivers/CMSIS/DSP_Lib/Source/FastMathFunctions/arm_sin_f32.c ****   n = (int32_t) in;
  50              		.loc 1 98 0
  51 001a D7ED077A 		flds	s15, [r7, #28]
  52 001e FDEEE77A 		ftosizs	s15, s15
  53 0022 17EE903A 		fmrs	r3, s15	@ int
  54 0026 7B62     		str	r3, [r7, #36]
  99:../../Drivers/CMSIS/DSP_Lib/Source/FastMathFunctions/arm_sin_f32.c **** 
 100:../../Drivers/CMSIS/DSP_Lib/Source/FastMathFunctions/arm_sin_f32.c ****   /* Make negative values towards -infinity */
 101:../../Drivers/CMSIS/DSP_Lib/Source/FastMathFunctions/arm_sin_f32.c ****   if(x < 0.0f)
  55              		.loc 1 101 0
  56 0028 D7ED017A 		flds	s15, [r7, #4]
  57 002c F5EEC07A 		fcmpezs	s15
  58 0030 F1EE10FA 		fmstat
  59 0034 02D5     		bpl	.L2
 102:../../Drivers/CMSIS/DSP_Lib/Source/FastMathFunctions/arm_sin_f32.c ****   {
 103:../../Drivers/CMSIS/DSP_Lib/Source/FastMathFunctions/arm_sin_f32.c ****     n--;
  60              		.loc 1 103 0
  61 0036 7B6A     		ldr	r3, [r7, #36]
  62 0038 013B     		subs	r3, r3, #1
  63 003a 7B62     		str	r3, [r7, #36]
  64              	.L2:
 104:../../Drivers/CMSIS/DSP_Lib/Source/FastMathFunctions/arm_sin_f32.c ****   }
 105:../../Drivers/CMSIS/DSP_Lib/Source/FastMathFunctions/arm_sin_f32.c **** 
 106:../../Drivers/CMSIS/DSP_Lib/Source/FastMathFunctions/arm_sin_f32.c ****   /* Map input value to [0 1] */
 107:../../Drivers/CMSIS/DSP_Lib/Source/FastMathFunctions/arm_sin_f32.c ****   in = in - (float32_t) n;
  65              		.loc 1 107 0
ARM GAS  /tmp/ccC3id5J.s 			page 4


  66 003c 7B6A     		ldr	r3, [r7, #36]
  67 003e 07EE903A 		fmsr	s15, r3	@ int
  68 0042 F8EEE77A 		fsitos	s15, s15
  69 0046 97ED077A 		flds	s14, [r7, #28]
  70 004a 77EE677A 		fsubs	s15, s14, s15
  71 004e C7ED077A 		fsts	s15, [r7, #28]
 108:../../Drivers/CMSIS/DSP_Lib/Source/FastMathFunctions/arm_sin_f32.c **** 
 109:../../Drivers/CMSIS/DSP_Lib/Source/FastMathFunctions/arm_sin_f32.c ****   /* Calculation of index of the table */
 110:../../Drivers/CMSIS/DSP_Lib/Source/FastMathFunctions/arm_sin_f32.c ****   findex = (float32_t) FAST_MATH_TABLE_SIZE * in;
  72              		.loc 1 110 0
  73 0052 D7ED077A 		flds	s15, [r7, #28]
  74 0056 9FED2D7A 		flds	s14, .L9+4
  75 005a 67EE877A 		fmuls	s15, s15, s14
  76 005e C7ED087A 		fsts	s15, [r7, #32]
 111:../../Drivers/CMSIS/DSP_Lib/Source/FastMathFunctions/arm_sin_f32.c ****   if (findex >= 512.0f) {
  77              		.loc 1 111 0
  78 0062 D7ED087A 		flds	s15, [r7, #32]
  79 0066 9FED297A 		flds	s14, .L9+4
  80 006a F4EEC77A 		fcmpes	s15, s14
  81 006e F1EE10FA 		fmstat
  82 0072 07DB     		blt	.L4
 112:../../Drivers/CMSIS/DSP_Lib/Source/FastMathFunctions/arm_sin_f32.c ****     findex -= 512.0f;
  83              		.loc 1 112 0
  84 0074 D7ED087A 		flds	s15, [r7, #32]
  85 0078 9FED247A 		flds	s14, .L9+4
  86 007c 77EEC77A 		fsubs	s15, s15, s14
  87 0080 C7ED087A 		fsts	s15, [r7, #32]
  88              	.L4:
 113:../../Drivers/CMSIS/DSP_Lib/Source/FastMathFunctions/arm_sin_f32.c ****   }
 114:../../Drivers/CMSIS/DSP_Lib/Source/FastMathFunctions/arm_sin_f32.c **** 
 115:../../Drivers/CMSIS/DSP_Lib/Source/FastMathFunctions/arm_sin_f32.c ****   index = ((uint16_t)findex) & 0x1ff;
  89              		.loc 1 115 0
  90 0084 D7ED087A 		flds	s15, [r7, #32]
  91 0088 FCEEE77A 		ftouizs	s15, s15
  92 008c C7ED007A 		fsts	s15, [r7]	@ int
  93 0090 3B88     		ldrh	r3, [r7]	@ movhi
  94 0092 9BB2     		uxth	r3, r3
  95 0094 C3F30803 		ubfx	r3, r3, #0, #9
  96 0098 7B83     		strh	r3, [r7, #26]	@ movhi
 116:../../Drivers/CMSIS/DSP_Lib/Source/FastMathFunctions/arm_sin_f32.c **** 
 117:../../Drivers/CMSIS/DSP_Lib/Source/FastMathFunctions/arm_sin_f32.c ****   /* fractional value calculation */
 118:../../Drivers/CMSIS/DSP_Lib/Source/FastMathFunctions/arm_sin_f32.c ****   fract = findex - (float32_t) index;
  97              		.loc 1 118 0
  98 009a 7B8B     		ldrh	r3, [r7, #26]
  99 009c 07EE903A 		fmsr	s15, r3	@ int
 100 00a0 F8EE677A 		fuitos	s15, s15
 101 00a4 97ED087A 		flds	s14, [r7, #32]
 102 00a8 77EE677A 		fsubs	s15, s14, s15
 103 00ac C7ED057A 		fsts	s15, [r7, #20]
 119:../../Drivers/CMSIS/DSP_Lib/Source/FastMathFunctions/arm_sin_f32.c **** 
 120:../../Drivers/CMSIS/DSP_Lib/Source/FastMathFunctions/arm_sin_f32.c ****   /* Read two nearest values of input value from the sin table */
 121:../../Drivers/CMSIS/DSP_Lib/Source/FastMathFunctions/arm_sin_f32.c ****   a = sinTable_f32[index];
 104              		.loc 1 121 0
 105 00b0 7B8B     		ldrh	r3, [r7, #26]
 106 00b2 174A     		ldr	r2, .L9+8
 107 00b4 9B00     		lsls	r3, r3, #2
 108 00b6 1344     		add	r3, r3, r2
ARM GAS  /tmp/ccC3id5J.s 			page 5


 109 00b8 1B68     		ldr	r3, [r3]	@ float
 110 00ba 3B61     		str	r3, [r7, #16]	@ float
 122:../../Drivers/CMSIS/DSP_Lib/Source/FastMathFunctions/arm_sin_f32.c ****   b = sinTable_f32[index+1];
 111              		.loc 1 122 0
 112 00bc 7B8B     		ldrh	r3, [r7, #26]
 113 00be 0133     		adds	r3, r3, #1
 114 00c0 134A     		ldr	r2, .L9+8
 115 00c2 9B00     		lsls	r3, r3, #2
 116 00c4 1344     		add	r3, r3, r2
 117 00c6 1B68     		ldr	r3, [r3]	@ float
 118 00c8 FB60     		str	r3, [r7, #12]	@ float
 123:../../Drivers/CMSIS/DSP_Lib/Source/FastMathFunctions/arm_sin_f32.c **** 
 124:../../Drivers/CMSIS/DSP_Lib/Source/FastMathFunctions/arm_sin_f32.c ****   /* Linear interpolation process */
 125:../../Drivers/CMSIS/DSP_Lib/Source/FastMathFunctions/arm_sin_f32.c ****   sinVal = (1.0f-fract)*a + fract*b;
 119              		.loc 1 125 0
 120 00ca B7EE007A 		fconsts	s14, #112
 121 00ce D7ED057A 		flds	s15, [r7, #20]
 122 00d2 37EE677A 		fsubs	s14, s14, s15
 123 00d6 D7ED047A 		flds	s15, [r7, #16]
 124 00da 27EE277A 		fmuls	s14, s14, s15
 125 00de D7ED056A 		flds	s13, [r7, #20]
 126 00e2 D7ED037A 		flds	s15, [r7, #12]
 127 00e6 66EEA77A 		fmuls	s15, s13, s15
 128 00ea 77EE277A 		fadds	s15, s14, s15
 129 00ee C7ED027A 		fsts	s15, [r7, #8]
 126:../../Drivers/CMSIS/DSP_Lib/Source/FastMathFunctions/arm_sin_f32.c **** 
 127:../../Drivers/CMSIS/DSP_Lib/Source/FastMathFunctions/arm_sin_f32.c ****   /* Return the output value */
 128:../../Drivers/CMSIS/DSP_Lib/Source/FastMathFunctions/arm_sin_f32.c ****   return (sinVal);
 130              		.loc 1 128 0
 131 00f2 BB68     		ldr	r3, [r7, #8]	@ float
 132 00f4 07EE903A 		fmsr	s15, r3
 129:../../Drivers/CMSIS/DSP_Lib/Source/FastMathFunctions/arm_sin_f32.c **** }
 133              		.loc 1 129 0
 134 00f8 B0EE670A 		fcpys	s0, s15
 135 00fc 2C37     		adds	r7, r7, #44
 136              	.LCFI3:
 137              		.cfi_def_cfa_offset 4
 138 00fe BD46     		mov	sp, r7
 139              	.LCFI4:
 140              		.cfi_def_cfa_register 13
 141              		@ sp needed
 142 0100 5DF8047B 		ldr	r7, [sp], #4
 143              	.LCFI5:
 144              		.cfi_restore 7
 145              		.cfi_def_cfa_offset 0
 146 0104 7047     		bx	lr
 147              	.L10:
 148 0106 00BF     		.align	2
 149              	.L9:
 150 0108 83F9223E 		.word	1042479491
 151 010c 00000044 		.word	1140850688
 152 0110 00000000 		.word	sinTable_f32
 153              		.cfi_endproc
 154              	.LFE139:
 156              		.text
 157              	.Letext0:
 158              		.file 2 "/usr/arm-none-eabi/include/machine/_default_types.h"
ARM GAS  /tmp/ccC3id5J.s 			page 6


 159              		.file 3 "/usr/arm-none-eabi/include/sys/_stdint.h"
 160              		.file 4 "../../Drivers/CMSIS/Include/arm_math.h"
 161              		.file 5 "../../Drivers/CMSIS/Include/arm_common_tables.h"
ARM GAS  /tmp/ccC3id5J.s 			page 7


DEFINED SYMBOLS
                            *ABS*:0000000000000000 arm_sin_f32.c
     /tmp/ccC3id5J.s:21     .text.arm_sin_f32:0000000000000000 $t
     /tmp/ccC3id5J.s:26     .text.arm_sin_f32:0000000000000000 arm_sin_f32
     /tmp/ccC3id5J.s:150    .text.arm_sin_f32:0000000000000108 $d
                     .debug_frame:0000000000000010 $d

UNDEFINED SYMBOLS
sinTable_f32
