ARM GAS  /tmp/cckClR9P.s 			page 1


   1              		.syntax unified
   2              		.cpu cortex-m4
   3              		.eabi_attribute 27, 1
   4              		.eabi_attribute 28, 1
   5              		.fpu fpv4-sp-d16
   6              		.eabi_attribute 20, 1
   7              		.eabi_attribute 21, 1
   8              		.eabi_attribute 23, 3
   9              		.eabi_attribute 24, 1
  10              		.eabi_attribute 25, 1
  11              		.eabi_attribute 26, 1
  12              		.eabi_attribute 30, 6
  13              		.eabi_attribute 34, 1
  14              		.eabi_attribute 18, 4
  15              		.thumb
  16              		.file	"arm_cos_f32.c"
  17              		.text
  18              	.Ltext0:
  19              		.cfi_sections	.debug_frame
  20              		.section	.text.arm_cos_f32,"ax",%progbits
  21              		.align	2
  22              		.global	arm_cos_f32
  23              		.thumb
  24              		.thumb_func
  26              	arm_cos_f32:
  27              	.LFB139:
  28              		.file 1 "../../Drivers/CMSIS/DSP_Lib/Source/FastMathFunctions/arm_cos_f32.c"
   1:../../Drivers/CMSIS/DSP_Lib/Source/FastMathFunctions/arm_cos_f32.c **** /* ----------------------------------------------------------------------
   2:../../Drivers/CMSIS/DSP_Lib/Source/FastMathFunctions/arm_cos_f32.c **** * Copyright (C) 2010-2014 ARM Limited. All rights reserved.
   3:../../Drivers/CMSIS/DSP_Lib/Source/FastMathFunctions/arm_cos_f32.c **** *
   4:../../Drivers/CMSIS/DSP_Lib/Source/FastMathFunctions/arm_cos_f32.c **** * $Date:        21. September 2015
   5:../../Drivers/CMSIS/DSP_Lib/Source/FastMathFunctions/arm_cos_f32.c **** * $Revision:    V.1.4.5 a
   6:../../Drivers/CMSIS/DSP_Lib/Source/FastMathFunctions/arm_cos_f32.c **** *
   7:../../Drivers/CMSIS/DSP_Lib/Source/FastMathFunctions/arm_cos_f32.c **** * Project:      CMSIS DSP Library
   8:../../Drivers/CMSIS/DSP_Lib/Source/FastMathFunctions/arm_cos_f32.c **** * Title:        arm_cos_f32.c
   9:../../Drivers/CMSIS/DSP_Lib/Source/FastMathFunctions/arm_cos_f32.c **** *
  10:../../Drivers/CMSIS/DSP_Lib/Source/FastMathFunctions/arm_cos_f32.c **** * Description:  Fast cosine calculation for floating-point values.
  11:../../Drivers/CMSIS/DSP_Lib/Source/FastMathFunctions/arm_cos_f32.c **** *
  12:../../Drivers/CMSIS/DSP_Lib/Source/FastMathFunctions/arm_cos_f32.c **** * Target Processor: Cortex-M4/Cortex-M3/Cortex-M0
  13:../../Drivers/CMSIS/DSP_Lib/Source/FastMathFunctions/arm_cos_f32.c **** *
  14:../../Drivers/CMSIS/DSP_Lib/Source/FastMathFunctions/arm_cos_f32.c **** * Redistribution and use in source and binary forms, with or without
  15:../../Drivers/CMSIS/DSP_Lib/Source/FastMathFunctions/arm_cos_f32.c **** * modification, are permitted provided that the following conditions
  16:../../Drivers/CMSIS/DSP_Lib/Source/FastMathFunctions/arm_cos_f32.c **** * are met:
  17:../../Drivers/CMSIS/DSP_Lib/Source/FastMathFunctions/arm_cos_f32.c **** *   - Redistributions of source code must retain the above copyright
  18:../../Drivers/CMSIS/DSP_Lib/Source/FastMathFunctions/arm_cos_f32.c **** *     notice, this list of conditions and the following disclaimer.
  19:../../Drivers/CMSIS/DSP_Lib/Source/FastMathFunctions/arm_cos_f32.c **** *   - Redistributions in binary form must reproduce the above copyright
  20:../../Drivers/CMSIS/DSP_Lib/Source/FastMathFunctions/arm_cos_f32.c **** *     notice, this list of conditions and the following disclaimer in
  21:../../Drivers/CMSIS/DSP_Lib/Source/FastMathFunctions/arm_cos_f32.c **** *     the documentation and/or other materials provided with the
  22:../../Drivers/CMSIS/DSP_Lib/Source/FastMathFunctions/arm_cos_f32.c **** *     distribution.
  23:../../Drivers/CMSIS/DSP_Lib/Source/FastMathFunctions/arm_cos_f32.c **** *   - Neither the name of ARM LIMITED nor the names of its contributors
  24:../../Drivers/CMSIS/DSP_Lib/Source/FastMathFunctions/arm_cos_f32.c **** *     may be used to endorse or promote products derived from this
  25:../../Drivers/CMSIS/DSP_Lib/Source/FastMathFunctions/arm_cos_f32.c **** *     software without specific prior written permission.
  26:../../Drivers/CMSIS/DSP_Lib/Source/FastMathFunctions/arm_cos_f32.c **** *
  27:../../Drivers/CMSIS/DSP_Lib/Source/FastMathFunctions/arm_cos_f32.c **** * THIS SOFTWARE IS PROVIDED BY THE COPYRIGHT HOLDERS AND CONTRIBUTORS
  28:../../Drivers/CMSIS/DSP_Lib/Source/FastMathFunctions/arm_cos_f32.c **** * "AS IS" AND ANY EXPRESS OR IMPLIED WARRANTIES, INCLUDING, BUT NOT
  29:../../Drivers/CMSIS/DSP_Lib/Source/FastMathFunctions/arm_cos_f32.c **** * LIMITED TO, THE IMPLIED WARRANTIES OF MERCHANTABILITY AND FITNESS
  30:../../Drivers/CMSIS/DSP_Lib/Source/FastMathFunctions/arm_cos_f32.c **** * FOR A PARTICULAR PURPOSE ARE DISCLAIMED. IN NO EVENT SHALL THE
ARM GAS  /tmp/cckClR9P.s 			page 2


  31:../../Drivers/CMSIS/DSP_Lib/Source/FastMathFunctions/arm_cos_f32.c **** * COPYRIGHT OWNER OR CONTRIBUTORS BE LIABLE FOR ANY DIRECT, INDIRECT,
  32:../../Drivers/CMSIS/DSP_Lib/Source/FastMathFunctions/arm_cos_f32.c **** * INCIDENTAL, SPECIAL, EXEMPLARY, OR CONSEQUENTIAL DAMAGES (INCLUDING,
  33:../../Drivers/CMSIS/DSP_Lib/Source/FastMathFunctions/arm_cos_f32.c **** * BUT NOT LIMITED TO, PROCUREMENT OF SUBSTITUTE GOODS OR SERVICES;
  34:../../Drivers/CMSIS/DSP_Lib/Source/FastMathFunctions/arm_cos_f32.c **** * LOSS OF USE, DATA, OR PROFITS; OR BUSINESS INTERRUPTION) HOWEVER
  35:../../Drivers/CMSIS/DSP_Lib/Source/FastMathFunctions/arm_cos_f32.c **** * CAUSED AND ON ANY THEORY OF LIABILITY, WHETHER IN CONTRACT, STRICT
  36:../../Drivers/CMSIS/DSP_Lib/Source/FastMathFunctions/arm_cos_f32.c **** * LIABILITY, OR TORT (INCLUDING NEGLIGENCE OR OTHERWISE) ARISING IN
  37:../../Drivers/CMSIS/DSP_Lib/Source/FastMathFunctions/arm_cos_f32.c **** * ANY WAY OUT OF THE USE OF THIS SOFTWARE, EVEN IF ADVISED OF THE
  38:../../Drivers/CMSIS/DSP_Lib/Source/FastMathFunctions/arm_cos_f32.c **** * POSSIBILITY OF SUCH DAMAGE.
  39:../../Drivers/CMSIS/DSP_Lib/Source/FastMathFunctions/arm_cos_f32.c **** * -------------------------------------------------------------------- */
  40:../../Drivers/CMSIS/DSP_Lib/Source/FastMathFunctions/arm_cos_f32.c **** 
  41:../../Drivers/CMSIS/DSP_Lib/Source/FastMathFunctions/arm_cos_f32.c **** #include "arm_math.h"
  42:../../Drivers/CMSIS/DSP_Lib/Source/FastMathFunctions/arm_cos_f32.c **** #include "arm_common_tables.h"
  43:../../Drivers/CMSIS/DSP_Lib/Source/FastMathFunctions/arm_cos_f32.c **** /**
  44:../../Drivers/CMSIS/DSP_Lib/Source/FastMathFunctions/arm_cos_f32.c ****  * @ingroup groupFastMath
  45:../../Drivers/CMSIS/DSP_Lib/Source/FastMathFunctions/arm_cos_f32.c ****  */
  46:../../Drivers/CMSIS/DSP_Lib/Source/FastMathFunctions/arm_cos_f32.c **** 
  47:../../Drivers/CMSIS/DSP_Lib/Source/FastMathFunctions/arm_cos_f32.c **** /**
  48:../../Drivers/CMSIS/DSP_Lib/Source/FastMathFunctions/arm_cos_f32.c ****  * @defgroup cos Cosine
  49:../../Drivers/CMSIS/DSP_Lib/Source/FastMathFunctions/arm_cos_f32.c ****  *
  50:../../Drivers/CMSIS/DSP_Lib/Source/FastMathFunctions/arm_cos_f32.c ****  * Computes the trigonometric cosine function using a combination of table lookup
  51:../../Drivers/CMSIS/DSP_Lib/Source/FastMathFunctions/arm_cos_f32.c ****  * and linear interpolation.  There are separate functions for
  52:../../Drivers/CMSIS/DSP_Lib/Source/FastMathFunctions/arm_cos_f32.c ****  * Q15, Q31, and floating-point data types.
  53:../../Drivers/CMSIS/DSP_Lib/Source/FastMathFunctions/arm_cos_f32.c ****  * The input to the floating-point version is in radians while the
  54:../../Drivers/CMSIS/DSP_Lib/Source/FastMathFunctions/arm_cos_f32.c ****  * fixed-point Q15 and Q31 have a scaled input with the range
  55:../../Drivers/CMSIS/DSP_Lib/Source/FastMathFunctions/arm_cos_f32.c ****  * [0 +0.9999] mapping to [0 2*pi).  The fixed-point range is chosen so that a
  56:../../Drivers/CMSIS/DSP_Lib/Source/FastMathFunctions/arm_cos_f32.c ****  * value of 2*pi wraps around to 0.
  57:../../Drivers/CMSIS/DSP_Lib/Source/FastMathFunctions/arm_cos_f32.c ****  *
  58:../../Drivers/CMSIS/DSP_Lib/Source/FastMathFunctions/arm_cos_f32.c ****  * The implementation is based on table lookup using 256 values together with linear interpolation.
  59:../../Drivers/CMSIS/DSP_Lib/Source/FastMathFunctions/arm_cos_f32.c ****  * The steps used are:
  60:../../Drivers/CMSIS/DSP_Lib/Source/FastMathFunctions/arm_cos_f32.c ****  *  -# Calculation of the nearest integer table index
  61:../../Drivers/CMSIS/DSP_Lib/Source/FastMathFunctions/arm_cos_f32.c ****  *  -# Compute the fractional portion (fract) of the table index.
  62:../../Drivers/CMSIS/DSP_Lib/Source/FastMathFunctions/arm_cos_f32.c ****  *  -# The final result equals <code>(1.0f-fract)*a + fract*b;</code>
  63:../../Drivers/CMSIS/DSP_Lib/Source/FastMathFunctions/arm_cos_f32.c ****  *
  64:../../Drivers/CMSIS/DSP_Lib/Source/FastMathFunctions/arm_cos_f32.c ****  * where
  65:../../Drivers/CMSIS/DSP_Lib/Source/FastMathFunctions/arm_cos_f32.c ****  * <pre>
  66:../../Drivers/CMSIS/DSP_Lib/Source/FastMathFunctions/arm_cos_f32.c ****  *    b=Table[index+0];
  67:../../Drivers/CMSIS/DSP_Lib/Source/FastMathFunctions/arm_cos_f32.c ****  *    c=Table[index+1];
  68:../../Drivers/CMSIS/DSP_Lib/Source/FastMathFunctions/arm_cos_f32.c ****  * </pre>
  69:../../Drivers/CMSIS/DSP_Lib/Source/FastMathFunctions/arm_cos_f32.c ****  */
  70:../../Drivers/CMSIS/DSP_Lib/Source/FastMathFunctions/arm_cos_f32.c **** 
  71:../../Drivers/CMSIS/DSP_Lib/Source/FastMathFunctions/arm_cos_f32.c ****  /**
  72:../../Drivers/CMSIS/DSP_Lib/Source/FastMathFunctions/arm_cos_f32.c ****  * @addtogroup cos
  73:../../Drivers/CMSIS/DSP_Lib/Source/FastMathFunctions/arm_cos_f32.c ****  * @{
  74:../../Drivers/CMSIS/DSP_Lib/Source/FastMathFunctions/arm_cos_f32.c ****  */
  75:../../Drivers/CMSIS/DSP_Lib/Source/FastMathFunctions/arm_cos_f32.c **** 
  76:../../Drivers/CMSIS/DSP_Lib/Source/FastMathFunctions/arm_cos_f32.c **** /**
  77:../../Drivers/CMSIS/DSP_Lib/Source/FastMathFunctions/arm_cos_f32.c ****  * @brief  Fast approximation to the trigonometric cosine function for floating-point data.
  78:../../Drivers/CMSIS/DSP_Lib/Source/FastMathFunctions/arm_cos_f32.c ****  * @param[in] x input value in radians.
  79:../../Drivers/CMSIS/DSP_Lib/Source/FastMathFunctions/arm_cos_f32.c ****  * @return cos(x).
  80:../../Drivers/CMSIS/DSP_Lib/Source/FastMathFunctions/arm_cos_f32.c ****  */
  81:../../Drivers/CMSIS/DSP_Lib/Source/FastMathFunctions/arm_cos_f32.c **** 
  82:../../Drivers/CMSIS/DSP_Lib/Source/FastMathFunctions/arm_cos_f32.c **** float32_t arm_cos_f32(
  83:../../Drivers/CMSIS/DSP_Lib/Source/FastMathFunctions/arm_cos_f32.c ****   float32_t x)
  84:../../Drivers/CMSIS/DSP_Lib/Source/FastMathFunctions/arm_cos_f32.c **** {
  29              		.loc 1 84 0
  30              		.cfi_startproc
  31              		@ args = 0, pretend = 0, frame = 40
ARM GAS  /tmp/cckClR9P.s 			page 3


  32              		@ frame_needed = 1, uses_anonymous_args = 0
  33              		@ link register save eliminated.
  34 0000 80B4     		push	{r7}
  35              	.LCFI0:
  36              		.cfi_def_cfa_offset 4
  37              		.cfi_offset 7, -4
  38 0002 8BB0     		sub	sp, sp, #44
  39              	.LCFI1:
  40              		.cfi_def_cfa_offset 48
  41 0004 00AF     		add	r7, sp, #0
  42              	.LCFI2:
  43              		.cfi_def_cfa_register 7
  44 0006 87ED010A 		fsts	s0, [r7, #4]
  85:../../Drivers/CMSIS/DSP_Lib/Source/FastMathFunctions/arm_cos_f32.c ****   float32_t cosVal, fract, in;                   /* Temporary variables for input, output */
  86:../../Drivers/CMSIS/DSP_Lib/Source/FastMathFunctions/arm_cos_f32.c ****   uint16_t index;                                /* Index variable */
  87:../../Drivers/CMSIS/DSP_Lib/Source/FastMathFunctions/arm_cos_f32.c ****   float32_t a, b;                                /* Two nearest output values */
  88:../../Drivers/CMSIS/DSP_Lib/Source/FastMathFunctions/arm_cos_f32.c ****   int32_t n;
  89:../../Drivers/CMSIS/DSP_Lib/Source/FastMathFunctions/arm_cos_f32.c ****   float32_t findex;
  90:../../Drivers/CMSIS/DSP_Lib/Source/FastMathFunctions/arm_cos_f32.c **** 
  91:../../Drivers/CMSIS/DSP_Lib/Source/FastMathFunctions/arm_cos_f32.c ****   /* input x is in radians */
  92:../../Drivers/CMSIS/DSP_Lib/Source/FastMathFunctions/arm_cos_f32.c ****   /* Scale the input to [0 1] range from [0 2*PI] , divide input by 2*pi, add 0.25 (pi/2) to read s
  93:../../Drivers/CMSIS/DSP_Lib/Source/FastMathFunctions/arm_cos_f32.c ****   in = x * 0.159154943092f + 0.25f;
  45              		.loc 1 93 0
  46 000a D7ED017A 		flds	s15, [r7, #4]
  47 000e 9FED377A 		flds	s14, .L6
  48 0012 67EE877A 		fmuls	s15, s15, s14
  49 0016 B5EE007A 		fconsts	s14, #80
  50 001a 77EE877A 		fadds	s15, s15, s14
  51 001e C7ED087A 		fsts	s15, [r7, #32]
  94:../../Drivers/CMSIS/DSP_Lib/Source/FastMathFunctions/arm_cos_f32.c **** 
  95:../../Drivers/CMSIS/DSP_Lib/Source/FastMathFunctions/arm_cos_f32.c ****   /* Calculation of floor value of input */
  96:../../Drivers/CMSIS/DSP_Lib/Source/FastMathFunctions/arm_cos_f32.c ****   n = (int32_t) in;
  52              		.loc 1 96 0
  53 0022 D7ED087A 		flds	s15, [r7, #32]
  54 0026 FDEEE77A 		ftosizs	s15, s15
  55 002a 17EE903A 		fmrs	r3, s15	@ int
  56 002e 7B62     		str	r3, [r7, #36]
  97:../../Drivers/CMSIS/DSP_Lib/Source/FastMathFunctions/arm_cos_f32.c **** 
  98:../../Drivers/CMSIS/DSP_Lib/Source/FastMathFunctions/arm_cos_f32.c ****   /* Make negative values towards -infinity */
  99:../../Drivers/CMSIS/DSP_Lib/Source/FastMathFunctions/arm_cos_f32.c ****   if(in < 0.0f)
  57              		.loc 1 99 0
  58 0030 D7ED087A 		flds	s15, [r7, #32]
  59 0034 F5EEC07A 		fcmpezs	s15
  60 0038 F1EE10FA 		fmstat
  61 003c 02D5     		bpl	.L2
 100:../../Drivers/CMSIS/DSP_Lib/Source/FastMathFunctions/arm_cos_f32.c ****   {
 101:../../Drivers/CMSIS/DSP_Lib/Source/FastMathFunctions/arm_cos_f32.c ****     n--;
  62              		.loc 1 101 0
  63 003e 7B6A     		ldr	r3, [r7, #36]
  64 0040 013B     		subs	r3, r3, #1
  65 0042 7B62     		str	r3, [r7, #36]
  66              	.L2:
 102:../../Drivers/CMSIS/DSP_Lib/Source/FastMathFunctions/arm_cos_f32.c ****   }
 103:../../Drivers/CMSIS/DSP_Lib/Source/FastMathFunctions/arm_cos_f32.c **** 
 104:../../Drivers/CMSIS/DSP_Lib/Source/FastMathFunctions/arm_cos_f32.c ****   /* Map input value to [0 1] */
 105:../../Drivers/CMSIS/DSP_Lib/Source/FastMathFunctions/arm_cos_f32.c ****   in = in - (float32_t) n;
  67              		.loc 1 105 0
ARM GAS  /tmp/cckClR9P.s 			page 4


  68 0044 7B6A     		ldr	r3, [r7, #36]
  69 0046 07EE903A 		fmsr	s15, r3	@ int
  70 004a F8EEE77A 		fsitos	s15, s15
  71 004e 97ED087A 		flds	s14, [r7, #32]
  72 0052 77EE677A 		fsubs	s15, s14, s15
  73 0056 C7ED087A 		fsts	s15, [r7, #32]
 106:../../Drivers/CMSIS/DSP_Lib/Source/FastMathFunctions/arm_cos_f32.c **** 
 107:../../Drivers/CMSIS/DSP_Lib/Source/FastMathFunctions/arm_cos_f32.c ****   /* Calculation of index of the table */
 108:../../Drivers/CMSIS/DSP_Lib/Source/FastMathFunctions/arm_cos_f32.c ****   findex = (float32_t) FAST_MATH_TABLE_SIZE * in;
  74              		.loc 1 108 0
  75 005a D7ED087A 		flds	s15, [r7, #32]
  76 005e 9FED247A 		flds	s14, .L6+4
  77 0062 67EE877A 		fmuls	s15, s15, s14
  78 0066 C7ED077A 		fsts	s15, [r7, #28]
 109:../../Drivers/CMSIS/DSP_Lib/Source/FastMathFunctions/arm_cos_f32.c ****   index = ((uint16_t)findex) & 0x1ff;
  79              		.loc 1 109 0
  80 006a D7ED077A 		flds	s15, [r7, #28]
  81 006e FCEEE77A 		ftouizs	s15, s15
  82 0072 C7ED007A 		fsts	s15, [r7]	@ int
  83 0076 3B88     		ldrh	r3, [r7]	@ movhi
  84 0078 9BB2     		uxth	r3, r3
  85 007a C3F30803 		ubfx	r3, r3, #0, #9
  86 007e 7B83     		strh	r3, [r7, #26]	@ movhi
 110:../../Drivers/CMSIS/DSP_Lib/Source/FastMathFunctions/arm_cos_f32.c **** 
 111:../../Drivers/CMSIS/DSP_Lib/Source/FastMathFunctions/arm_cos_f32.c ****   /* fractional value calculation */
 112:../../Drivers/CMSIS/DSP_Lib/Source/FastMathFunctions/arm_cos_f32.c ****   fract = findex - (float32_t) index;
  87              		.loc 1 112 0
  88 0080 7B8B     		ldrh	r3, [r7, #26]
  89 0082 07EE903A 		fmsr	s15, r3	@ int
  90 0086 F8EE677A 		fuitos	s15, s15
  91 008a 97ED077A 		flds	s14, [r7, #28]
  92 008e 77EE677A 		fsubs	s15, s14, s15
  93 0092 C7ED057A 		fsts	s15, [r7, #20]
 113:../../Drivers/CMSIS/DSP_Lib/Source/FastMathFunctions/arm_cos_f32.c **** 
 114:../../Drivers/CMSIS/DSP_Lib/Source/FastMathFunctions/arm_cos_f32.c ****   /* Read two nearest values of input value from the cos table */
 115:../../Drivers/CMSIS/DSP_Lib/Source/FastMathFunctions/arm_cos_f32.c ****   a = sinTable_f32[index];
  94              		.loc 1 115 0
  95 0096 7B8B     		ldrh	r3, [r7, #26]
  96 0098 164A     		ldr	r2, .L6+8
  97 009a 9B00     		lsls	r3, r3, #2
  98 009c 1344     		add	r3, r3, r2
  99 009e 1B68     		ldr	r3, [r3]	@ float
 100 00a0 3B61     		str	r3, [r7, #16]	@ float
 116:../../Drivers/CMSIS/DSP_Lib/Source/FastMathFunctions/arm_cos_f32.c ****   b = sinTable_f32[index+1];
 101              		.loc 1 116 0
 102 00a2 7B8B     		ldrh	r3, [r7, #26]
 103 00a4 0133     		adds	r3, r3, #1
 104 00a6 134A     		ldr	r2, .L6+8
 105 00a8 9B00     		lsls	r3, r3, #2
 106 00aa 1344     		add	r3, r3, r2
 107 00ac 1B68     		ldr	r3, [r3]	@ float
 108 00ae FB60     		str	r3, [r7, #12]	@ float
 117:../../Drivers/CMSIS/DSP_Lib/Source/FastMathFunctions/arm_cos_f32.c **** 
 118:../../Drivers/CMSIS/DSP_Lib/Source/FastMathFunctions/arm_cos_f32.c ****   /* Linear interpolation process */
 119:../../Drivers/CMSIS/DSP_Lib/Source/FastMathFunctions/arm_cos_f32.c ****   cosVal = (1.0f-fract)*a + fract*b;
 109              		.loc 1 119 0
 110 00b0 B7EE007A 		fconsts	s14, #112
ARM GAS  /tmp/cckClR9P.s 			page 5


 111 00b4 D7ED057A 		flds	s15, [r7, #20]
 112 00b8 37EE677A 		fsubs	s14, s14, s15
 113 00bc D7ED047A 		flds	s15, [r7, #16]
 114 00c0 27EE277A 		fmuls	s14, s14, s15
 115 00c4 D7ED056A 		flds	s13, [r7, #20]
 116 00c8 D7ED037A 		flds	s15, [r7, #12]
 117 00cc 66EEA77A 		fmuls	s15, s13, s15
 118 00d0 77EE277A 		fadds	s15, s14, s15
 119 00d4 C7ED027A 		fsts	s15, [r7, #8]
 120:../../Drivers/CMSIS/DSP_Lib/Source/FastMathFunctions/arm_cos_f32.c **** 
 121:../../Drivers/CMSIS/DSP_Lib/Source/FastMathFunctions/arm_cos_f32.c ****   /* Return the output value */
 122:../../Drivers/CMSIS/DSP_Lib/Source/FastMathFunctions/arm_cos_f32.c ****   return (cosVal);
 120              		.loc 1 122 0
 121 00d8 BB68     		ldr	r3, [r7, #8]	@ float
 122 00da 07EE903A 		fmsr	s15, r3
 123:../../Drivers/CMSIS/DSP_Lib/Source/FastMathFunctions/arm_cos_f32.c **** }
 123              		.loc 1 123 0
 124 00de B0EE670A 		fcpys	s0, s15
 125 00e2 2C37     		adds	r7, r7, #44
 126              	.LCFI3:
 127              		.cfi_def_cfa_offset 4
 128 00e4 BD46     		mov	sp, r7
 129              	.LCFI4:
 130              		.cfi_def_cfa_register 13
 131              		@ sp needed
 132 00e6 5DF8047B 		ldr	r7, [sp], #4
 133              	.LCFI5:
 134              		.cfi_restore 7
 135              		.cfi_def_cfa_offset 0
 136 00ea 7047     		bx	lr
 137              	.L7:
 138              		.align	2
 139              	.L6:
 140 00ec 83F9223E 		.word	1042479491
 141 00f0 00000044 		.word	1140850688
 142 00f4 00000000 		.word	sinTable_f32
 143              		.cfi_endproc
 144              	.LFE139:
 146              		.text
 147              	.Letext0:
 148              		.file 2 "/usr/arm-none-eabi/include/machine/_default_types.h"
 149              		.file 3 "/usr/arm-none-eabi/include/sys/_stdint.h"
 150              		.file 4 "../../Drivers/CMSIS/Include/arm_math.h"
 151              		.file 5 "../../Drivers/CMSIS/Include/arm_common_tables.h"
ARM GAS  /tmp/cckClR9P.s 			page 6


DEFINED SYMBOLS
                            *ABS*:0000000000000000 arm_cos_f32.c
     /tmp/cckClR9P.s:21     .text.arm_cos_f32:0000000000000000 $t
     /tmp/cckClR9P.s:26     .text.arm_cos_f32:0000000000000000 arm_cos_f32
     /tmp/cckClR9P.s:140    .text.arm_cos_f32:00000000000000ec $d
                     .debug_frame:0000000000000010 $d

UNDEFINED SYMBOLS
sinTable_f32
