ARM GAS  /tmp/ccNDKOE3.s 			page 1


   1              		.syntax unified
   2              		.cpu cortex-m4
   3              		.eabi_attribute 27, 1
   4              		.eabi_attribute 28, 1
   5              		.fpu fpv4-sp-d16
   6              		.eabi_attribute 20, 1
   7              		.eabi_attribute 21, 1
   8              		.eabi_attribute 23, 3
   9              		.eabi_attribute 24, 1
  10              		.eabi_attribute 25, 1
  11              		.eabi_attribute 26, 1
  12              		.eabi_attribute 30, 6
  13              		.eabi_attribute 34, 1
  14              		.eabi_attribute 18, 4
  15              		.thumb
  16              		.file	"stm32f3xx_hal_msp.c"
  17              		.text
  18              	.Ltext0:
  19              		.cfi_sections	.debug_frame
  20              		.section	.text.HAL_MspInit,"ax",%progbits
  21              		.align	2
  22              		.global	HAL_MspInit
  23              		.thumb
  24              		.thumb_func
  26              	HAL_MspInit:
  27              	.LFB123:
  28              		.file 1 "Src/stm32f3xx_hal_msp.c"
   1:Src/stm32f3xx_hal_msp.c **** /**
   2:Src/stm32f3xx_hal_msp.c ****   ******************************************************************************
   3:Src/stm32f3xx_hal_msp.c ****   * File Name          : stm32f3xx_hal_msp.c
   4:Src/stm32f3xx_hal_msp.c ****   * Description        : This file provides code for the MSP Initialization 
   5:Src/stm32f3xx_hal_msp.c ****   *                      and de-Initialization codes.
   6:Src/stm32f3xx_hal_msp.c ****   ******************************************************************************
   7:Src/stm32f3xx_hal_msp.c ****   *
   8:Src/stm32f3xx_hal_msp.c ****   * COPYRIGHT(c) 2017 STMicroelectronics
   9:Src/stm32f3xx_hal_msp.c ****   *
  10:Src/stm32f3xx_hal_msp.c ****   * Redistribution and use in source and binary forms, with or without modification,
  11:Src/stm32f3xx_hal_msp.c ****   * are permitted provided that the following conditions are met:
  12:Src/stm32f3xx_hal_msp.c ****   *   1. Redistributions of source code must retain the above copyright notice,
  13:Src/stm32f3xx_hal_msp.c ****   *      this list of conditions and the following disclaimer.
  14:Src/stm32f3xx_hal_msp.c ****   *   2. Redistributions in binary form must reproduce the above copyright notice,
  15:Src/stm32f3xx_hal_msp.c ****   *      this list of conditions and the following disclaimer in the documentation
  16:Src/stm32f3xx_hal_msp.c ****   *      and/or other materials provided with the distribution.
  17:Src/stm32f3xx_hal_msp.c ****   *   3. Neither the name of STMicroelectronics nor the names of its contributors
  18:Src/stm32f3xx_hal_msp.c ****   *      may be used to endorse or promote products derived from this software
  19:Src/stm32f3xx_hal_msp.c ****   *      without specific prior written permission.
  20:Src/stm32f3xx_hal_msp.c ****   *
  21:Src/stm32f3xx_hal_msp.c ****   * THIS SOFTWARE IS PROVIDED BY THE COPYRIGHT HOLDERS AND CONTRIBUTORS "AS IS"
  22:Src/stm32f3xx_hal_msp.c ****   * AND ANY EXPRESS OR IMPLIED WARRANTIES, INCLUDING, BUT NOT LIMITED TO, THE
  23:Src/stm32f3xx_hal_msp.c ****   * IMPLIED WARRANTIES OF MERCHANTABILITY AND FITNESS FOR A PARTICULAR PURPOSE ARE
  24:Src/stm32f3xx_hal_msp.c ****   * DISCLAIMED. IN NO EVENT SHALL THE COPYRIGHT HOLDER OR CONTRIBUTORS BE LIABLE
  25:Src/stm32f3xx_hal_msp.c ****   * FOR ANY DIRECT, INDIRECT, INCIDENTAL, SPECIAL, EXEMPLARY, OR CONSEQUENTIAL
  26:Src/stm32f3xx_hal_msp.c ****   * DAMAGES (INCLUDING, BUT NOT LIMITED TO, PROCUREMENT OF SUBSTITUTE GOODS OR
  27:Src/stm32f3xx_hal_msp.c ****   * SERVICES; LOSS OF USE, DATA, OR PROFITS; OR BUSINESS INTERRUPTION) HOWEVER
  28:Src/stm32f3xx_hal_msp.c ****   * CAUSED AND ON ANY THEORY OF LIABILITY, WHETHER IN CONTRACT, STRICT LIABILITY,
  29:Src/stm32f3xx_hal_msp.c ****   * OR TORT (INCLUDING NEGLIGENCE OR OTHERWISE) ARISING IN ANY WAY OUT OF THE USE
  30:Src/stm32f3xx_hal_msp.c ****   * OF THIS SOFTWARE, EVEN IF ADVISED OF THE POSSIBILITY OF SUCH DAMAGE.
ARM GAS  /tmp/ccNDKOE3.s 			page 2


  31:Src/stm32f3xx_hal_msp.c ****   *
  32:Src/stm32f3xx_hal_msp.c ****   ******************************************************************************
  33:Src/stm32f3xx_hal_msp.c ****   */
  34:Src/stm32f3xx_hal_msp.c **** /* Includes ------------------------------------------------------------------*/
  35:Src/stm32f3xx_hal_msp.c **** #include "stm32f3xx_hal.h"
  36:Src/stm32f3xx_hal_msp.c **** 
  37:Src/stm32f3xx_hal_msp.c **** extern void Error_Handler(void);
  38:Src/stm32f3xx_hal_msp.c **** /* USER CODE BEGIN 0 */
  39:Src/stm32f3xx_hal_msp.c **** 
  40:Src/stm32f3xx_hal_msp.c **** /* USER CODE END 0 */
  41:Src/stm32f3xx_hal_msp.c **** /**
  42:Src/stm32f3xx_hal_msp.c ****   * Initializes the Global MSP.
  43:Src/stm32f3xx_hal_msp.c ****   */
  44:Src/stm32f3xx_hal_msp.c **** void HAL_MspInit(void)
  45:Src/stm32f3xx_hal_msp.c **** {
  29              		.loc 1 45 0
  30              		.cfi_startproc
  31              		@ args = 0, pretend = 0, frame = 8
  32              		@ frame_needed = 1, uses_anonymous_args = 0
  33 0000 80B5     		push	{r7, lr}
  34              	.LCFI0:
  35              		.cfi_def_cfa_offset 8
  36              		.cfi_offset 7, -8
  37              		.cfi_offset 14, -4
  38 0002 82B0     		sub	sp, sp, #8
  39              	.LCFI1:
  40              		.cfi_def_cfa_offset 16
  41 0004 00AF     		add	r7, sp, #0
  42              	.LCFI2:
  43              		.cfi_def_cfa_register 7
  44              	.LBB2:
  46:Src/stm32f3xx_hal_msp.c ****   /* USER CODE BEGIN MspInit 0 */
  47:Src/stm32f3xx_hal_msp.c **** 
  48:Src/stm32f3xx_hal_msp.c ****   /* USER CODE END MspInit 0 */
  49:Src/stm32f3xx_hal_msp.c **** 
  50:Src/stm32f3xx_hal_msp.c ****   __HAL_RCC_SYSCFG_CLK_ENABLE();
  45              		.loc 1 50 0
  46 0006 1E4A     		ldr	r2, .L2
  47 0008 1D4B     		ldr	r3, .L2
  48 000a 9B69     		ldr	r3, [r3, #24]
  49 000c 43F00103 		orr	r3, r3, #1
  50 0010 9361     		str	r3, [r2, #24]
  51 0012 1B4B     		ldr	r3, .L2
  52 0014 9B69     		ldr	r3, [r3, #24]
  53 0016 03F00103 		and	r3, r3, #1
  54 001a 7B60     		str	r3, [r7, #4]
  55 001c 7B68     		ldr	r3, [r7, #4]
  56              	.LBE2:
  51:Src/stm32f3xx_hal_msp.c **** 
  52:Src/stm32f3xx_hal_msp.c ****   HAL_NVIC_SetPriorityGrouping(NVIC_PRIORITYGROUP_0);
  57              		.loc 1 52 0
  58 001e 0720     		movs	r0, #7
  59 0020 FFF7FEFF 		bl	HAL_NVIC_SetPriorityGrouping
  53:Src/stm32f3xx_hal_msp.c **** 
  54:Src/stm32f3xx_hal_msp.c ****   /* System interrupt init*/
  55:Src/stm32f3xx_hal_msp.c ****   /* MemoryManagement_IRQn interrupt configuration */
  56:Src/stm32f3xx_hal_msp.c ****   HAL_NVIC_SetPriority(MemoryManagement_IRQn, 0, 0);
ARM GAS  /tmp/ccNDKOE3.s 			page 3


  60              		.loc 1 56 0
  61 0024 6FF00B00 		mvn	r0, #11
  62 0028 0021     		movs	r1, #0
  63 002a 0022     		movs	r2, #0
  64 002c FFF7FEFF 		bl	HAL_NVIC_SetPriority
  57:Src/stm32f3xx_hal_msp.c ****   /* BusFault_IRQn interrupt configuration */
  58:Src/stm32f3xx_hal_msp.c ****   HAL_NVIC_SetPriority(BusFault_IRQn, 0, 0);
  65              		.loc 1 58 0
  66 0030 6FF00A00 		mvn	r0, #10
  67 0034 0021     		movs	r1, #0
  68 0036 0022     		movs	r2, #0
  69 0038 FFF7FEFF 		bl	HAL_NVIC_SetPriority
  59:Src/stm32f3xx_hal_msp.c ****   /* UsageFault_IRQn interrupt configuration */
  60:Src/stm32f3xx_hal_msp.c ****   HAL_NVIC_SetPriority(UsageFault_IRQn, 0, 0);
  70              		.loc 1 60 0
  71 003c 6FF00900 		mvn	r0, #9
  72 0040 0021     		movs	r1, #0
  73 0042 0022     		movs	r2, #0
  74 0044 FFF7FEFF 		bl	HAL_NVIC_SetPriority
  61:Src/stm32f3xx_hal_msp.c ****   /* SVCall_IRQn interrupt configuration */
  62:Src/stm32f3xx_hal_msp.c ****   HAL_NVIC_SetPriority(SVCall_IRQn, 0, 0);
  75              		.loc 1 62 0
  76 0048 6FF00400 		mvn	r0, #4
  77 004c 0021     		movs	r1, #0
  78 004e 0022     		movs	r2, #0
  79 0050 FFF7FEFF 		bl	HAL_NVIC_SetPriority
  63:Src/stm32f3xx_hal_msp.c ****   /* DebugMonitor_IRQn interrupt configuration */
  64:Src/stm32f3xx_hal_msp.c ****   HAL_NVIC_SetPriority(DebugMonitor_IRQn, 0, 0);
  80              		.loc 1 64 0
  81 0054 6FF00300 		mvn	r0, #3
  82 0058 0021     		movs	r1, #0
  83 005a 0022     		movs	r2, #0
  84 005c FFF7FEFF 		bl	HAL_NVIC_SetPriority
  65:Src/stm32f3xx_hal_msp.c ****   /* PendSV_IRQn interrupt configuration */
  66:Src/stm32f3xx_hal_msp.c ****   HAL_NVIC_SetPriority(PendSV_IRQn, 0, 0);
  85              		.loc 1 66 0
  86 0060 6FF00100 		mvn	r0, #1
  87 0064 0021     		movs	r1, #0
  88 0066 0022     		movs	r2, #0
  89 0068 FFF7FEFF 		bl	HAL_NVIC_SetPriority
  67:Src/stm32f3xx_hal_msp.c ****   /* SysTick_IRQn interrupt configuration */
  68:Src/stm32f3xx_hal_msp.c ****   HAL_NVIC_SetPriority(SysTick_IRQn, 0, 0);
  90              		.loc 1 68 0
  91 006c 4FF0FF30 		mov	r0, #-1
  92 0070 0021     		movs	r1, #0
  93 0072 0022     		movs	r2, #0
  94 0074 FFF7FEFF 		bl	HAL_NVIC_SetPriority
  69:Src/stm32f3xx_hal_msp.c **** 
  70:Src/stm32f3xx_hal_msp.c ****   /* USER CODE BEGIN MspInit 1 */
  71:Src/stm32f3xx_hal_msp.c **** 
  72:Src/stm32f3xx_hal_msp.c ****   /* USER CODE END MspInit 1 */
  73:Src/stm32f3xx_hal_msp.c **** }
  95              		.loc 1 73 0
  96 0078 0837     		adds	r7, r7, #8
  97              	.LCFI3:
  98              		.cfi_def_cfa_offset 8
  99 007a BD46     		mov	sp, r7
ARM GAS  /tmp/ccNDKOE3.s 			page 4


 100              	.LCFI4:
 101              		.cfi_def_cfa_register 13
 102              		@ sp needed
 103 007c 80BD     		pop	{r7, pc}
 104              	.L3:
 105 007e 00BF     		.align	2
 106              	.L2:
 107 0080 00100240 		.word	1073876992
 108              		.cfi_endproc
 109              	.LFE123:
 111              		.section	.text.HAL_ADC_MspInit,"ax",%progbits
 112              		.align	2
 113              		.global	HAL_ADC_MspInit
 114              		.thumb
 115              		.thumb_func
 117              	HAL_ADC_MspInit:
 118              	.LFB124:
  74:Src/stm32f3xx_hal_msp.c **** 
  75:Src/stm32f3xx_hal_msp.c **** void HAL_ADC_MspInit(ADC_HandleTypeDef* hadc)
  76:Src/stm32f3xx_hal_msp.c **** {
 119              		.loc 1 76 0
 120              		.cfi_startproc
 121              		@ args = 0, pretend = 0, frame = 32
 122              		@ frame_needed = 1, uses_anonymous_args = 0
 123 0000 80B5     		push	{r7, lr}
 124              	.LCFI5:
 125              		.cfi_def_cfa_offset 8
 126              		.cfi_offset 7, -8
 127              		.cfi_offset 14, -4
 128 0002 88B0     		sub	sp, sp, #32
 129              	.LCFI6:
 130              		.cfi_def_cfa_offset 40
 131 0004 00AF     		add	r7, sp, #0
 132              	.LCFI7:
 133              		.cfi_def_cfa_register 7
 134 0006 7860     		str	r0, [r7, #4]
  77:Src/stm32f3xx_hal_msp.c **** 
  78:Src/stm32f3xx_hal_msp.c ****   GPIO_InitTypeDef GPIO_InitStruct;
  79:Src/stm32f3xx_hal_msp.c ****   if(hadc->Instance==ADC1)
 135              		.loc 1 79 0
 136 0008 7B68     		ldr	r3, [r7, #4]
 137 000a 1B68     		ldr	r3, [r3]
 138 000c B3F1A04F 		cmp	r3, #1342177280
 139 0010 18D1     		bne	.L4
 140              	.LBB3:
  80:Src/stm32f3xx_hal_msp.c ****   {
  81:Src/stm32f3xx_hal_msp.c ****   /* USER CODE BEGIN ADC1_MspInit 0 */
  82:Src/stm32f3xx_hal_msp.c **** 
  83:Src/stm32f3xx_hal_msp.c ****   /* USER CODE END ADC1_MspInit 0 */
  84:Src/stm32f3xx_hal_msp.c ****     /* Peripheral clock enable */
  85:Src/stm32f3xx_hal_msp.c ****     __HAL_RCC_ADC1_CLK_ENABLE();
 141              		.loc 1 85 0
 142 0012 0E4A     		ldr	r2, .L6
 143 0014 0D4B     		ldr	r3, .L6
 144 0016 5B69     		ldr	r3, [r3, #20]
 145 0018 43F08053 		orr	r3, r3, #268435456
 146 001c 5361     		str	r3, [r2, #20]
ARM GAS  /tmp/ccNDKOE3.s 			page 5


 147 001e 0B4B     		ldr	r3, .L6
 148 0020 5B69     		ldr	r3, [r3, #20]
 149 0022 03F08053 		and	r3, r3, #268435456
 150 0026 BB60     		str	r3, [r7, #8]
 151 0028 BB68     		ldr	r3, [r7, #8]
 152              	.LBE3:
  86:Src/stm32f3xx_hal_msp.c ****   
  87:Src/stm32f3xx_hal_msp.c ****     /**ADC1 GPIO Configuration    
  88:Src/stm32f3xx_hal_msp.c ****     PA0     ------> ADC1_IN1 
  89:Src/stm32f3xx_hal_msp.c ****     */
  90:Src/stm32f3xx_hal_msp.c ****     GPIO_InitStruct.Pin = GPIO_PIN_0;
 153              		.loc 1 90 0
 154 002a 0123     		movs	r3, #1
 155 002c FB60     		str	r3, [r7, #12]
  91:Src/stm32f3xx_hal_msp.c ****     GPIO_InitStruct.Mode = GPIO_MODE_ANALOG;
 156              		.loc 1 91 0
 157 002e 0323     		movs	r3, #3
 158 0030 3B61     		str	r3, [r7, #16]
  92:Src/stm32f3xx_hal_msp.c ****     GPIO_InitStruct.Pull = GPIO_NOPULL;
 159              		.loc 1 92 0
 160 0032 0023     		movs	r3, #0
 161 0034 7B61     		str	r3, [r7, #20]
  93:Src/stm32f3xx_hal_msp.c ****     HAL_GPIO_Init(GPIOA, &GPIO_InitStruct);
 162              		.loc 1 93 0
 163 0036 07F10C03 		add	r3, r7, #12
 164 003a 4FF09040 		mov	r0, #1207959552
 165 003e 1946     		mov	r1, r3
 166 0040 FFF7FEFF 		bl	HAL_GPIO_Init
 167              	.L4:
  94:Src/stm32f3xx_hal_msp.c **** 
  95:Src/stm32f3xx_hal_msp.c ****   /* USER CODE BEGIN ADC1_MspInit 1 */
  96:Src/stm32f3xx_hal_msp.c **** 
  97:Src/stm32f3xx_hal_msp.c ****   /* USER CODE END ADC1_MspInit 1 */
  98:Src/stm32f3xx_hal_msp.c ****   }
  99:Src/stm32f3xx_hal_msp.c **** 
 100:Src/stm32f3xx_hal_msp.c **** }
 168              		.loc 1 100 0
 169 0044 2037     		adds	r7, r7, #32
 170              	.LCFI8:
 171              		.cfi_def_cfa_offset 8
 172 0046 BD46     		mov	sp, r7
 173              	.LCFI9:
 174              		.cfi_def_cfa_register 13
 175              		@ sp needed
 176 0048 80BD     		pop	{r7, pc}
 177              	.L7:
 178 004a 00BF     		.align	2
 179              	.L6:
 180 004c 00100240 		.word	1073876992
 181              		.cfi_endproc
 182              	.LFE124:
 184              		.section	.text.HAL_ADC_MspDeInit,"ax",%progbits
 185              		.align	2
 186              		.global	HAL_ADC_MspDeInit
 187              		.thumb
 188              		.thumb_func
 190              	HAL_ADC_MspDeInit:
ARM GAS  /tmp/ccNDKOE3.s 			page 6


 191              	.LFB125:
 101:Src/stm32f3xx_hal_msp.c **** 
 102:Src/stm32f3xx_hal_msp.c **** void HAL_ADC_MspDeInit(ADC_HandleTypeDef* hadc)
 103:Src/stm32f3xx_hal_msp.c **** {
 192              		.loc 1 103 0
 193              		.cfi_startproc
 194              		@ args = 0, pretend = 0, frame = 8
 195              		@ frame_needed = 1, uses_anonymous_args = 0
 196 0000 80B5     		push	{r7, lr}
 197              	.LCFI10:
 198              		.cfi_def_cfa_offset 8
 199              		.cfi_offset 7, -8
 200              		.cfi_offset 14, -4
 201 0002 82B0     		sub	sp, sp, #8
 202              	.LCFI11:
 203              		.cfi_def_cfa_offset 16
 204 0004 00AF     		add	r7, sp, #0
 205              	.LCFI12:
 206              		.cfi_def_cfa_register 7
 207 0006 7860     		str	r0, [r7, #4]
 104:Src/stm32f3xx_hal_msp.c **** 
 105:Src/stm32f3xx_hal_msp.c ****   if(hadc->Instance==ADC1)
 208              		.loc 1 105 0
 209 0008 7B68     		ldr	r3, [r7, #4]
 210 000a 1B68     		ldr	r3, [r3]
 211 000c B3F1A04F 		cmp	r3, #1342177280
 212 0010 0AD1     		bne	.L8
 106:Src/stm32f3xx_hal_msp.c ****   {
 107:Src/stm32f3xx_hal_msp.c ****   /* USER CODE BEGIN ADC1_MspDeInit 0 */
 108:Src/stm32f3xx_hal_msp.c **** 
 109:Src/stm32f3xx_hal_msp.c ****   /* USER CODE END ADC1_MspDeInit 0 */
 110:Src/stm32f3xx_hal_msp.c ****     /* Peripheral clock disable */
 111:Src/stm32f3xx_hal_msp.c ****     __HAL_RCC_ADC1_CLK_DISABLE();
 213              		.loc 1 111 0
 214 0012 074A     		ldr	r2, .L10
 215 0014 064B     		ldr	r3, .L10
 216 0016 5B69     		ldr	r3, [r3, #20]
 217 0018 23F08053 		bic	r3, r3, #268435456
 218 001c 5361     		str	r3, [r2, #20]
 112:Src/stm32f3xx_hal_msp.c ****   
 113:Src/stm32f3xx_hal_msp.c ****     /**ADC1 GPIO Configuration    
 114:Src/stm32f3xx_hal_msp.c ****     PA0     ------> ADC1_IN1 
 115:Src/stm32f3xx_hal_msp.c ****     */
 116:Src/stm32f3xx_hal_msp.c ****     HAL_GPIO_DeInit(GPIOA, GPIO_PIN_0);
 219              		.loc 1 116 0
 220 001e 4FF09040 		mov	r0, #1207959552
 221 0022 0121     		movs	r1, #1
 222 0024 FFF7FEFF 		bl	HAL_GPIO_DeInit
 223              	.L8:
 117:Src/stm32f3xx_hal_msp.c **** 
 118:Src/stm32f3xx_hal_msp.c ****   }
 119:Src/stm32f3xx_hal_msp.c ****   /* USER CODE BEGIN ADC1_MspDeInit 1 */
 120:Src/stm32f3xx_hal_msp.c **** 
 121:Src/stm32f3xx_hal_msp.c ****   /* USER CODE END ADC1_MspDeInit 1 */
 122:Src/stm32f3xx_hal_msp.c **** 
 123:Src/stm32f3xx_hal_msp.c **** }
 224              		.loc 1 123 0
ARM GAS  /tmp/ccNDKOE3.s 			page 7


 225 0028 0837     		adds	r7, r7, #8
 226              	.LCFI13:
 227              		.cfi_def_cfa_offset 8
 228 002a BD46     		mov	sp, r7
 229              	.LCFI14:
 230              		.cfi_def_cfa_register 13
 231              		@ sp needed
 232 002c 80BD     		pop	{r7, pc}
 233              	.L11:
 234 002e 00BF     		.align	2
 235              	.L10:
 236 0030 00100240 		.word	1073876992
 237              		.cfi_endproc
 238              	.LFE125:
 240              		.section	.text.HAL_TIM_Base_MspInit,"ax",%progbits
 241              		.align	2
 242              		.global	HAL_TIM_Base_MspInit
 243              		.thumb
 244              		.thumb_func
 246              	HAL_TIM_Base_MspInit:
 247              	.LFB126:
 124:Src/stm32f3xx_hal_msp.c **** 
 125:Src/stm32f3xx_hal_msp.c **** void HAL_TIM_Base_MspInit(TIM_HandleTypeDef* htim_base)
 126:Src/stm32f3xx_hal_msp.c **** {
 248              		.loc 1 126 0
 249              		.cfi_startproc
 250              		@ args = 0, pretend = 0, frame = 16
 251              		@ frame_needed = 1, uses_anonymous_args = 0
 252              		@ link register save eliminated.
 253 0000 80B4     		push	{r7}
 254              	.LCFI15:
 255              		.cfi_def_cfa_offset 4
 256              		.cfi_offset 7, -4
 257 0002 85B0     		sub	sp, sp, #20
 258              	.LCFI16:
 259              		.cfi_def_cfa_offset 24
 260 0004 00AF     		add	r7, sp, #0
 261              	.LCFI17:
 262              		.cfi_def_cfa_register 7
 263 0006 7860     		str	r0, [r7, #4]
 127:Src/stm32f3xx_hal_msp.c **** 
 128:Src/stm32f3xx_hal_msp.c ****   if(htim_base->Instance==TIM1)
 264              		.loc 1 128 0
 265 0008 7B68     		ldr	r3, [r7, #4]
 266 000a 1B68     		ldr	r3, [r3]
 267 000c 094A     		ldr	r2, .L14
 268 000e 9342     		cmp	r3, r2
 269 0010 0BD1     		bne	.L12
 270              	.LBB4:
 129:Src/stm32f3xx_hal_msp.c ****   {
 130:Src/stm32f3xx_hal_msp.c ****   /* USER CODE BEGIN TIM1_MspInit 0 */
 131:Src/stm32f3xx_hal_msp.c **** 
 132:Src/stm32f3xx_hal_msp.c ****   /* USER CODE END TIM1_MspInit 0 */
 133:Src/stm32f3xx_hal_msp.c ****     /* Peripheral clock enable */
 134:Src/stm32f3xx_hal_msp.c ****     __HAL_RCC_TIM1_CLK_ENABLE();
 271              		.loc 1 134 0
 272 0012 094A     		ldr	r2, .L14+4
ARM GAS  /tmp/ccNDKOE3.s 			page 8


 273 0014 084B     		ldr	r3, .L14+4
 274 0016 9B69     		ldr	r3, [r3, #24]
 275 0018 43F40063 		orr	r3, r3, #2048
 276 001c 9361     		str	r3, [r2, #24]
 277 001e 064B     		ldr	r3, .L14+4
 278 0020 9B69     		ldr	r3, [r3, #24]
 279 0022 03F40063 		and	r3, r3, #2048
 280 0026 FB60     		str	r3, [r7, #12]
 281 0028 FB68     		ldr	r3, [r7, #12]
 282              	.L12:
 283              	.LBE4:
 135:Src/stm32f3xx_hal_msp.c ****   /* USER CODE BEGIN TIM1_MspInit 1 */
 136:Src/stm32f3xx_hal_msp.c **** 
 137:Src/stm32f3xx_hal_msp.c ****   /* USER CODE END TIM1_MspInit 1 */
 138:Src/stm32f3xx_hal_msp.c ****   }
 139:Src/stm32f3xx_hal_msp.c **** 
 140:Src/stm32f3xx_hal_msp.c **** }
 284              		.loc 1 140 0
 285 002a 1437     		adds	r7, r7, #20
 286              	.LCFI18:
 287              		.cfi_def_cfa_offset 4
 288 002c BD46     		mov	sp, r7
 289              	.LCFI19:
 290              		.cfi_def_cfa_register 13
 291              		@ sp needed
 292 002e 5DF8047B 		ldr	r7, [sp], #4
 293              	.LCFI20:
 294              		.cfi_restore 7
 295              		.cfi_def_cfa_offset 0
 296 0032 7047     		bx	lr
 297              	.L15:
 298              		.align	2
 299              	.L14:
 300 0034 002C0140 		.word	1073818624
 301 0038 00100240 		.word	1073876992
 302              		.cfi_endproc
 303              	.LFE126:
 305              		.section	.text.HAL_TIM_MspPostInit,"ax",%progbits
 306              		.align	2
 307              		.global	HAL_TIM_MspPostInit
 308              		.thumb
 309              		.thumb_func
 311              	HAL_TIM_MspPostInit:
 312              	.LFB127:
 141:Src/stm32f3xx_hal_msp.c **** 
 142:Src/stm32f3xx_hal_msp.c **** void HAL_TIM_MspPostInit(TIM_HandleTypeDef* htim)
 143:Src/stm32f3xx_hal_msp.c **** {
 313              		.loc 1 143 0
 314              		.cfi_startproc
 315              		@ args = 0, pretend = 0, frame = 32
 316              		@ frame_needed = 1, uses_anonymous_args = 0
 317 0000 80B5     		push	{r7, lr}
 318              	.LCFI21:
 319              		.cfi_def_cfa_offset 8
 320              		.cfi_offset 7, -8
 321              		.cfi_offset 14, -4
 322 0002 88B0     		sub	sp, sp, #32
ARM GAS  /tmp/ccNDKOE3.s 			page 9


 323              	.LCFI22:
 324              		.cfi_def_cfa_offset 40
 325 0004 00AF     		add	r7, sp, #0
 326              	.LCFI23:
 327              		.cfi_def_cfa_register 7
 328 0006 7860     		str	r0, [r7, #4]
 144:Src/stm32f3xx_hal_msp.c **** 
 145:Src/stm32f3xx_hal_msp.c ****   GPIO_InitTypeDef GPIO_InitStruct;
 146:Src/stm32f3xx_hal_msp.c ****   if(htim->Instance==TIM1)
 329              		.loc 1 146 0
 330 0008 7B68     		ldr	r3, [r7, #4]
 331 000a 1B68     		ldr	r3, [r3]
 332 000c 1B4A     		ldr	r2, .L18
 333 000e 9342     		cmp	r3, r2
 334 0010 30D1     		bne	.L16
 147:Src/stm32f3xx_hal_msp.c ****   {
 148:Src/stm32f3xx_hal_msp.c ****   /* USER CODE BEGIN TIM1_MspPostInit 0 */
 149:Src/stm32f3xx_hal_msp.c **** 
 150:Src/stm32f3xx_hal_msp.c ****   /* USER CODE END TIM1_MspPostInit 0 */
 151:Src/stm32f3xx_hal_msp.c ****   
 152:Src/stm32f3xx_hal_msp.c ****     /**TIM1 GPIO Configuration    
 153:Src/stm32f3xx_hal_msp.c ****     PC0     ------> TIM1_CH1
 154:Src/stm32f3xx_hal_msp.c ****     PC1     ------> TIM1_CH2
 155:Src/stm32f3xx_hal_msp.c ****     PC2     ------> TIM1_CH3
 156:Src/stm32f3xx_hal_msp.c ****     PA7     ------> TIM1_CH1N
 157:Src/stm32f3xx_hal_msp.c ****     PB0     ------> TIM1_CH2N
 158:Src/stm32f3xx_hal_msp.c ****     PB1     ------> TIM1_CH3N 
 159:Src/stm32f3xx_hal_msp.c ****     */
 160:Src/stm32f3xx_hal_msp.c ****     GPIO_InitStruct.Pin = GPIO_PIN_0|GPIO_PIN_1|GPIO_PIN_2;
 335              		.loc 1 160 0
 336 0012 0723     		movs	r3, #7
 337 0014 FB60     		str	r3, [r7, #12]
 161:Src/stm32f3xx_hal_msp.c ****     GPIO_InitStruct.Mode = GPIO_MODE_AF_PP;
 338              		.loc 1 161 0
 339 0016 0223     		movs	r3, #2
 340 0018 3B61     		str	r3, [r7, #16]
 162:Src/stm32f3xx_hal_msp.c ****     GPIO_InitStruct.Pull = GPIO_NOPULL;
 341              		.loc 1 162 0
 342 001a 0023     		movs	r3, #0
 343 001c 7B61     		str	r3, [r7, #20]
 163:Src/stm32f3xx_hal_msp.c ****     GPIO_InitStruct.Speed = GPIO_SPEED_FREQ_LOW;
 344              		.loc 1 163 0
 345 001e 0023     		movs	r3, #0
 346 0020 BB61     		str	r3, [r7, #24]
 164:Src/stm32f3xx_hal_msp.c ****     GPIO_InitStruct.Alternate = GPIO_AF2_TIM1;
 347              		.loc 1 164 0
 348 0022 0223     		movs	r3, #2
 349 0024 FB61     		str	r3, [r7, #28]
 165:Src/stm32f3xx_hal_msp.c ****     HAL_GPIO_Init(GPIOC, &GPIO_InitStruct);
 350              		.loc 1 165 0
 351 0026 07F10C03 		add	r3, r7, #12
 352 002a 1548     		ldr	r0, .L18+4
 353 002c 1946     		mov	r1, r3
 354 002e FFF7FEFF 		bl	HAL_GPIO_Init
 166:Src/stm32f3xx_hal_msp.c **** 
 167:Src/stm32f3xx_hal_msp.c ****     GPIO_InitStruct.Pin = GPIO_PIN_7;
 355              		.loc 1 167 0
ARM GAS  /tmp/ccNDKOE3.s 			page 10


 356 0032 8023     		movs	r3, #128
 357 0034 FB60     		str	r3, [r7, #12]
 168:Src/stm32f3xx_hal_msp.c ****     GPIO_InitStruct.Mode = GPIO_MODE_AF_PP;
 358              		.loc 1 168 0
 359 0036 0223     		movs	r3, #2
 360 0038 3B61     		str	r3, [r7, #16]
 169:Src/stm32f3xx_hal_msp.c ****     GPIO_InitStruct.Pull = GPIO_NOPULL;
 361              		.loc 1 169 0
 362 003a 0023     		movs	r3, #0
 363 003c 7B61     		str	r3, [r7, #20]
 170:Src/stm32f3xx_hal_msp.c ****     GPIO_InitStruct.Speed = GPIO_SPEED_FREQ_LOW;
 364              		.loc 1 170 0
 365 003e 0023     		movs	r3, #0
 366 0040 BB61     		str	r3, [r7, #24]
 171:Src/stm32f3xx_hal_msp.c ****     GPIO_InitStruct.Alternate = GPIO_AF6_TIM1;
 367              		.loc 1 171 0
 368 0042 0623     		movs	r3, #6
 369 0044 FB61     		str	r3, [r7, #28]
 172:Src/stm32f3xx_hal_msp.c ****     HAL_GPIO_Init(GPIOA, &GPIO_InitStruct);
 370              		.loc 1 172 0
 371 0046 07F10C03 		add	r3, r7, #12
 372 004a 4FF09040 		mov	r0, #1207959552
 373 004e 1946     		mov	r1, r3
 374 0050 FFF7FEFF 		bl	HAL_GPIO_Init
 173:Src/stm32f3xx_hal_msp.c **** 
 174:Src/stm32f3xx_hal_msp.c ****     GPIO_InitStruct.Pin = GPIO_PIN_0|GPIO_PIN_1;
 375              		.loc 1 174 0
 376 0054 0323     		movs	r3, #3
 377 0056 FB60     		str	r3, [r7, #12]
 175:Src/stm32f3xx_hal_msp.c ****     GPIO_InitStruct.Mode = GPIO_MODE_AF_PP;
 378              		.loc 1 175 0
 379 0058 0223     		movs	r3, #2
 380 005a 3B61     		str	r3, [r7, #16]
 176:Src/stm32f3xx_hal_msp.c ****     GPIO_InitStruct.Pull = GPIO_NOPULL;
 381              		.loc 1 176 0
 382 005c 0023     		movs	r3, #0
 383 005e 7B61     		str	r3, [r7, #20]
 177:Src/stm32f3xx_hal_msp.c ****     GPIO_InitStruct.Speed = GPIO_SPEED_FREQ_LOW;
 384              		.loc 1 177 0
 385 0060 0023     		movs	r3, #0
 386 0062 BB61     		str	r3, [r7, #24]
 178:Src/stm32f3xx_hal_msp.c ****     GPIO_InitStruct.Alternate = GPIO_AF6_TIM1;
 387              		.loc 1 178 0
 388 0064 0623     		movs	r3, #6
 389 0066 FB61     		str	r3, [r7, #28]
 179:Src/stm32f3xx_hal_msp.c ****     HAL_GPIO_Init(GPIOB, &GPIO_InitStruct);
 390              		.loc 1 179 0
 391 0068 07F10C03 		add	r3, r7, #12
 392 006c 0548     		ldr	r0, .L18+8
 393 006e 1946     		mov	r1, r3
 394 0070 FFF7FEFF 		bl	HAL_GPIO_Init
 395              	.L16:
 180:Src/stm32f3xx_hal_msp.c **** 
 181:Src/stm32f3xx_hal_msp.c ****   /* USER CODE BEGIN TIM1_MspPostInit 1 */
 182:Src/stm32f3xx_hal_msp.c **** 
 183:Src/stm32f3xx_hal_msp.c ****   /* USER CODE END TIM1_MspPostInit 1 */
 184:Src/stm32f3xx_hal_msp.c ****   }
ARM GAS  /tmp/ccNDKOE3.s 			page 11


 185:Src/stm32f3xx_hal_msp.c **** 
 186:Src/stm32f3xx_hal_msp.c **** }
 396              		.loc 1 186 0
 397 0074 2037     		adds	r7, r7, #32
 398              	.LCFI24:
 399              		.cfi_def_cfa_offset 8
 400 0076 BD46     		mov	sp, r7
 401              	.LCFI25:
 402              		.cfi_def_cfa_register 13
 403              		@ sp needed
 404 0078 80BD     		pop	{r7, pc}
 405              	.L19:
 406 007a 00BF     		.align	2
 407              	.L18:
 408 007c 002C0140 		.word	1073818624
 409 0080 00080048 		.word	1207961600
 410 0084 00040048 		.word	1207960576
 411              		.cfi_endproc
 412              	.LFE127:
 414              		.section	.text.HAL_TIM_Base_MspDeInit,"ax",%progbits
 415              		.align	2
 416              		.global	HAL_TIM_Base_MspDeInit
 417              		.thumb
 418              		.thumb_func
 420              	HAL_TIM_Base_MspDeInit:
 421              	.LFB128:
 187:Src/stm32f3xx_hal_msp.c **** 
 188:Src/stm32f3xx_hal_msp.c **** void HAL_TIM_Base_MspDeInit(TIM_HandleTypeDef* htim_base)
 189:Src/stm32f3xx_hal_msp.c **** {
 422              		.loc 1 189 0
 423              		.cfi_startproc
 424              		@ args = 0, pretend = 0, frame = 8
 425              		@ frame_needed = 1, uses_anonymous_args = 0
 426              		@ link register save eliminated.
 427 0000 80B4     		push	{r7}
 428              	.LCFI26:
 429              		.cfi_def_cfa_offset 4
 430              		.cfi_offset 7, -4
 431 0002 83B0     		sub	sp, sp, #12
 432              	.LCFI27:
 433              		.cfi_def_cfa_offset 16
 434 0004 00AF     		add	r7, sp, #0
 435              	.LCFI28:
 436              		.cfi_def_cfa_register 7
 437 0006 7860     		str	r0, [r7, #4]
 190:Src/stm32f3xx_hal_msp.c **** 
 191:Src/stm32f3xx_hal_msp.c ****   if(htim_base->Instance==TIM1)
 438              		.loc 1 191 0
 439 0008 7B68     		ldr	r3, [r7, #4]
 440 000a 1B68     		ldr	r3, [r3]
 441 000c 064A     		ldr	r2, .L22
 442 000e 9342     		cmp	r3, r2
 443 0010 05D1     		bne	.L20
 192:Src/stm32f3xx_hal_msp.c ****   {
 193:Src/stm32f3xx_hal_msp.c ****   /* USER CODE BEGIN TIM1_MspDeInit 0 */
 194:Src/stm32f3xx_hal_msp.c **** 
 195:Src/stm32f3xx_hal_msp.c ****   /* USER CODE END TIM1_MspDeInit 0 */
ARM GAS  /tmp/ccNDKOE3.s 			page 12


 196:Src/stm32f3xx_hal_msp.c ****     /* Peripheral clock disable */
 197:Src/stm32f3xx_hal_msp.c ****     __HAL_RCC_TIM1_CLK_DISABLE();
 444              		.loc 1 197 0
 445 0012 064A     		ldr	r2, .L22+4
 446 0014 054B     		ldr	r3, .L22+4
 447 0016 9B69     		ldr	r3, [r3, #24]
 448 0018 23F40063 		bic	r3, r3, #2048
 449 001c 9361     		str	r3, [r2, #24]
 450              	.L20:
 198:Src/stm32f3xx_hal_msp.c ****   }
 199:Src/stm32f3xx_hal_msp.c ****   /* USER CODE BEGIN TIM1_MspDeInit 1 */
 200:Src/stm32f3xx_hal_msp.c **** 
 201:Src/stm32f3xx_hal_msp.c ****   /* USER CODE END TIM1_MspDeInit 1 */
 202:Src/stm32f3xx_hal_msp.c **** 
 203:Src/stm32f3xx_hal_msp.c **** }
 451              		.loc 1 203 0
 452 001e 0C37     		adds	r7, r7, #12
 453              	.LCFI29:
 454              		.cfi_def_cfa_offset 4
 455 0020 BD46     		mov	sp, r7
 456              	.LCFI30:
 457              		.cfi_def_cfa_register 13
 458              		@ sp needed
 459 0022 5DF8047B 		ldr	r7, [sp], #4
 460              	.LCFI31:
 461              		.cfi_restore 7
 462              		.cfi_def_cfa_offset 0
 463 0026 7047     		bx	lr
 464              	.L23:
 465              		.align	2
 466              	.L22:
 467 0028 002C0140 		.word	1073818624
 468 002c 00100240 		.word	1073876992
 469              		.cfi_endproc
 470              	.LFE128:
 472              		.section	.text.HAL_UART_MspInit,"ax",%progbits
 473              		.align	2
 474              		.global	HAL_UART_MspInit
 475              		.thumb
 476              		.thumb_func
 478              	HAL_UART_MspInit:
 479              	.LFB129:
 204:Src/stm32f3xx_hal_msp.c **** 
 205:Src/stm32f3xx_hal_msp.c **** void HAL_UART_MspInit(UART_HandleTypeDef* huart)
 206:Src/stm32f3xx_hal_msp.c **** {
 480              		.loc 1 206 0
 481              		.cfi_startproc
 482              		@ args = 0, pretend = 0, frame = 32
 483              		@ frame_needed = 1, uses_anonymous_args = 0
 484 0000 80B5     		push	{r7, lr}
 485              	.LCFI32:
 486              		.cfi_def_cfa_offset 8
 487              		.cfi_offset 7, -8
 488              		.cfi_offset 14, -4
 489 0002 88B0     		sub	sp, sp, #32
 490              	.LCFI33:
 491              		.cfi_def_cfa_offset 40
ARM GAS  /tmp/ccNDKOE3.s 			page 13


 492 0004 00AF     		add	r7, sp, #0
 493              	.LCFI34:
 494              		.cfi_def_cfa_register 7
 495 0006 7860     		str	r0, [r7, #4]
 207:Src/stm32f3xx_hal_msp.c **** 
 208:Src/stm32f3xx_hal_msp.c ****   GPIO_InitTypeDef GPIO_InitStruct;
 209:Src/stm32f3xx_hal_msp.c ****   if(huart->Instance==USART2)
 496              		.loc 1 209 0
 497 0008 7B68     		ldr	r3, [r7, #4]
 498 000a 1B68     		ldr	r3, [r3]
 499 000c 114A     		ldr	r2, .L26
 500 000e 9342     		cmp	r3, r2
 501 0010 1CD1     		bne	.L24
 502              	.LBB5:
 210:Src/stm32f3xx_hal_msp.c ****   {
 211:Src/stm32f3xx_hal_msp.c ****   /* USER CODE BEGIN USART2_MspInit 0 */
 212:Src/stm32f3xx_hal_msp.c **** 
 213:Src/stm32f3xx_hal_msp.c ****   /* USER CODE END USART2_MspInit 0 */
 214:Src/stm32f3xx_hal_msp.c ****     /* Peripheral clock enable */
 215:Src/stm32f3xx_hal_msp.c ****     __HAL_RCC_USART2_CLK_ENABLE();
 503              		.loc 1 215 0
 504 0012 114A     		ldr	r2, .L26+4
 505 0014 104B     		ldr	r3, .L26+4
 506 0016 DB69     		ldr	r3, [r3, #28]
 507 0018 43F40033 		orr	r3, r3, #131072
 508 001c D361     		str	r3, [r2, #28]
 509 001e 0E4B     		ldr	r3, .L26+4
 510 0020 DB69     		ldr	r3, [r3, #28]
 511 0022 03F40033 		and	r3, r3, #131072
 512 0026 BB60     		str	r3, [r7, #8]
 513 0028 BB68     		ldr	r3, [r7, #8]
 514              	.LBE5:
 216:Src/stm32f3xx_hal_msp.c ****   
 217:Src/stm32f3xx_hal_msp.c ****     /**USART2 GPIO Configuration    
 218:Src/stm32f3xx_hal_msp.c ****     PA2     ------> USART2_TX
 219:Src/stm32f3xx_hal_msp.c ****     PA3     ------> USART2_RX 
 220:Src/stm32f3xx_hal_msp.c ****     */
 221:Src/stm32f3xx_hal_msp.c ****     GPIO_InitStruct.Pin = USART_TX_Pin|USART_RX_Pin;
 515              		.loc 1 221 0
 516 002a 0C23     		movs	r3, #12
 517 002c FB60     		str	r3, [r7, #12]
 222:Src/stm32f3xx_hal_msp.c ****     GPIO_InitStruct.Mode = GPIO_MODE_AF_PP;
 518              		.loc 1 222 0
 519 002e 0223     		movs	r3, #2
 520 0030 3B61     		str	r3, [r7, #16]
 223:Src/stm32f3xx_hal_msp.c ****     GPIO_InitStruct.Pull = GPIO_NOPULL;
 521              		.loc 1 223 0
 522 0032 0023     		movs	r3, #0
 523 0034 7B61     		str	r3, [r7, #20]
 224:Src/stm32f3xx_hal_msp.c ****     GPIO_InitStruct.Speed = GPIO_SPEED_FREQ_LOW;
 524              		.loc 1 224 0
 525 0036 0023     		movs	r3, #0
 526 0038 BB61     		str	r3, [r7, #24]
 225:Src/stm32f3xx_hal_msp.c ****     GPIO_InitStruct.Alternate = GPIO_AF7_USART2;
 527              		.loc 1 225 0
 528 003a 0723     		movs	r3, #7
 529 003c FB61     		str	r3, [r7, #28]
ARM GAS  /tmp/ccNDKOE3.s 			page 14


 226:Src/stm32f3xx_hal_msp.c ****     HAL_GPIO_Init(GPIOA, &GPIO_InitStruct);
 530              		.loc 1 226 0
 531 003e 07F10C03 		add	r3, r7, #12
 532 0042 4FF09040 		mov	r0, #1207959552
 533 0046 1946     		mov	r1, r3
 534 0048 FFF7FEFF 		bl	HAL_GPIO_Init
 535              	.L24:
 227:Src/stm32f3xx_hal_msp.c **** 
 228:Src/stm32f3xx_hal_msp.c ****   /* USER CODE BEGIN USART2_MspInit 1 */
 229:Src/stm32f3xx_hal_msp.c **** 
 230:Src/stm32f3xx_hal_msp.c ****   /* USER CODE END USART2_MspInit 1 */
 231:Src/stm32f3xx_hal_msp.c ****   }
 232:Src/stm32f3xx_hal_msp.c **** 
 233:Src/stm32f3xx_hal_msp.c **** }
 536              		.loc 1 233 0
 537 004c 2037     		adds	r7, r7, #32
 538              	.LCFI35:
 539              		.cfi_def_cfa_offset 8
 540 004e BD46     		mov	sp, r7
 541              	.LCFI36:
 542              		.cfi_def_cfa_register 13
 543              		@ sp needed
 544 0050 80BD     		pop	{r7, pc}
 545              	.L27:
 546 0052 00BF     		.align	2
 547              	.L26:
 548 0054 00440040 		.word	1073759232
 549 0058 00100240 		.word	1073876992
 550              		.cfi_endproc
 551              	.LFE129:
 553              		.section	.text.HAL_UART_MspDeInit,"ax",%progbits
 554              		.align	2
 555              		.global	HAL_UART_MspDeInit
 556              		.thumb
 557              		.thumb_func
 559              	HAL_UART_MspDeInit:
 560              	.LFB130:
 234:Src/stm32f3xx_hal_msp.c **** 
 235:Src/stm32f3xx_hal_msp.c **** void HAL_UART_MspDeInit(UART_HandleTypeDef* huart)
 236:Src/stm32f3xx_hal_msp.c **** {
 561              		.loc 1 236 0
 562              		.cfi_startproc
 563              		@ args = 0, pretend = 0, frame = 8
 564              		@ frame_needed = 1, uses_anonymous_args = 0
 565 0000 80B5     		push	{r7, lr}
 566              	.LCFI37:
 567              		.cfi_def_cfa_offset 8
 568              		.cfi_offset 7, -8
 569              		.cfi_offset 14, -4
 570 0002 82B0     		sub	sp, sp, #8
 571              	.LCFI38:
 572              		.cfi_def_cfa_offset 16
 573 0004 00AF     		add	r7, sp, #0
 574              	.LCFI39:
 575              		.cfi_def_cfa_register 7
 576 0006 7860     		str	r0, [r7, #4]
 237:Src/stm32f3xx_hal_msp.c **** 
ARM GAS  /tmp/ccNDKOE3.s 			page 15


 238:Src/stm32f3xx_hal_msp.c ****   if(huart->Instance==USART2)
 577              		.loc 1 238 0
 578 0008 7B68     		ldr	r3, [r7, #4]
 579 000a 1B68     		ldr	r3, [r3]
 580 000c 084A     		ldr	r2, .L30
 581 000e 9342     		cmp	r3, r2
 582 0010 0AD1     		bne	.L28
 239:Src/stm32f3xx_hal_msp.c ****   {
 240:Src/stm32f3xx_hal_msp.c ****   /* USER CODE BEGIN USART2_MspDeInit 0 */
 241:Src/stm32f3xx_hal_msp.c **** 
 242:Src/stm32f3xx_hal_msp.c ****   /* USER CODE END USART2_MspDeInit 0 */
 243:Src/stm32f3xx_hal_msp.c ****     /* Peripheral clock disable */
 244:Src/stm32f3xx_hal_msp.c ****     __HAL_RCC_USART2_CLK_DISABLE();
 583              		.loc 1 244 0
 584 0012 084A     		ldr	r2, .L30+4
 585 0014 074B     		ldr	r3, .L30+4
 586 0016 DB69     		ldr	r3, [r3, #28]
 587 0018 23F40033 		bic	r3, r3, #131072
 588 001c D361     		str	r3, [r2, #28]
 245:Src/stm32f3xx_hal_msp.c ****   
 246:Src/stm32f3xx_hal_msp.c ****     /**USART2 GPIO Configuration    
 247:Src/stm32f3xx_hal_msp.c ****     PA2     ------> USART2_TX
 248:Src/stm32f3xx_hal_msp.c ****     PA3     ------> USART2_RX 
 249:Src/stm32f3xx_hal_msp.c ****     */
 250:Src/stm32f3xx_hal_msp.c ****     HAL_GPIO_DeInit(GPIOA, USART_TX_Pin|USART_RX_Pin);
 589              		.loc 1 250 0
 590 001e 4FF09040 		mov	r0, #1207959552
 591 0022 0C21     		movs	r1, #12
 592 0024 FFF7FEFF 		bl	HAL_GPIO_DeInit
 593              	.L28:
 251:Src/stm32f3xx_hal_msp.c **** 
 252:Src/stm32f3xx_hal_msp.c ****   }
 253:Src/stm32f3xx_hal_msp.c ****   /* USER CODE BEGIN USART2_MspDeInit 1 */
 254:Src/stm32f3xx_hal_msp.c **** 
 255:Src/stm32f3xx_hal_msp.c ****   /* USER CODE END USART2_MspDeInit 1 */
 256:Src/stm32f3xx_hal_msp.c **** 
 257:Src/stm32f3xx_hal_msp.c **** }
 594              		.loc 1 257 0
 595 0028 0837     		adds	r7, r7, #8
 596              	.LCFI40:
 597              		.cfi_def_cfa_offset 8
 598 002a BD46     		mov	sp, r7
 599              	.LCFI41:
 600              		.cfi_def_cfa_register 13
 601              		@ sp needed
 602 002c 80BD     		pop	{r7, pc}
 603              	.L31:
 604 002e 00BF     		.align	2
 605              	.L30:
 606 0030 00440040 		.word	1073759232
 607 0034 00100240 		.word	1073876992
 608              		.cfi_endproc
 609              	.LFE130:
 611              		.text
 612              	.Letext0:
 613              		.file 2 "/usr/arm-none-eabi/include/machine/_default_types.h"
 614              		.file 3 "/usr/arm-none-eabi/include/sys/_stdint.h"
ARM GAS  /tmp/ccNDKOE3.s 			page 16


 615              		.file 4 "../../Drivers/CMSIS/Device/ST/STM32F3xx/Include/stm32f302x8.h"
 616              		.file 5 "../../Drivers/STM32F3xx_HAL_Driver/Inc/stm32f3xx_hal_def.h"
 617              		.file 6 "../../Drivers/STM32F3xx_HAL_Driver/Inc/stm32f3xx_hal_gpio.h"
 618              		.file 7 "../../Drivers/STM32F3xx_HAL_Driver/Inc/stm32f3xx_hal_dma.h"
 619              		.file 8 "../../Drivers/STM32F3xx_HAL_Driver/Inc/stm32f3xx_hal_adc_ex.h"
 620              		.file 9 "../../Drivers/STM32F3xx_HAL_Driver/Inc/stm32f3xx_hal_adc.h"
 621              		.file 10 "../../Drivers/STM32F3xx_HAL_Driver/Inc/stm32f3xx_hal_tim.h"
 622              		.file 11 "../../Drivers/STM32F3xx_HAL_Driver/Inc/stm32f3xx_hal_uart.h"
 623              		.file 12 "../../Drivers/CMSIS/Include/core_cm4.h"
ARM GAS  /tmp/ccNDKOE3.s 			page 17


DEFINED SYMBOLS
                            *ABS*:0000000000000000 stm32f3xx_hal_msp.c
     /tmp/ccNDKOE3.s:21     .text.HAL_MspInit:0000000000000000 $t
     /tmp/ccNDKOE3.s:26     .text.HAL_MspInit:0000000000000000 HAL_MspInit
     /tmp/ccNDKOE3.s:107    .text.HAL_MspInit:0000000000000080 $d
     /tmp/ccNDKOE3.s:112    .text.HAL_ADC_MspInit:0000000000000000 $t
     /tmp/ccNDKOE3.s:117    .text.HAL_ADC_MspInit:0000000000000000 HAL_ADC_MspInit
     /tmp/ccNDKOE3.s:180    .text.HAL_ADC_MspInit:000000000000004c $d
     /tmp/ccNDKOE3.s:185    .text.HAL_ADC_MspDeInit:0000000000000000 $t
     /tmp/ccNDKOE3.s:190    .text.HAL_ADC_MspDeInit:0000000000000000 HAL_ADC_MspDeInit
     /tmp/ccNDKOE3.s:236    .text.HAL_ADC_MspDeInit:0000000000000030 $d
     /tmp/ccNDKOE3.s:241    .text.HAL_TIM_Base_MspInit:0000000000000000 $t
     /tmp/ccNDKOE3.s:246    .text.HAL_TIM_Base_MspInit:0000000000000000 HAL_TIM_Base_MspInit
     /tmp/ccNDKOE3.s:300    .text.HAL_TIM_Base_MspInit:0000000000000034 $d
     /tmp/ccNDKOE3.s:306    .text.HAL_TIM_MspPostInit:0000000000000000 $t
     /tmp/ccNDKOE3.s:311    .text.HAL_TIM_MspPostInit:0000000000000000 HAL_TIM_MspPostInit
     /tmp/ccNDKOE3.s:408    .text.HAL_TIM_MspPostInit:000000000000007c $d
     /tmp/ccNDKOE3.s:415    .text.HAL_TIM_Base_MspDeInit:0000000000000000 $t
     /tmp/ccNDKOE3.s:420    .text.HAL_TIM_Base_MspDeInit:0000000000000000 HAL_TIM_Base_MspDeInit
     /tmp/ccNDKOE3.s:467    .text.HAL_TIM_Base_MspDeInit:0000000000000028 $d
     /tmp/ccNDKOE3.s:473    .text.HAL_UART_MspInit:0000000000000000 $t
     /tmp/ccNDKOE3.s:478    .text.HAL_UART_MspInit:0000000000000000 HAL_UART_MspInit
     /tmp/ccNDKOE3.s:548    .text.HAL_UART_MspInit:0000000000000054 $d
     /tmp/ccNDKOE3.s:554    .text.HAL_UART_MspDeInit:0000000000000000 $t
     /tmp/ccNDKOE3.s:559    .text.HAL_UART_MspDeInit:0000000000000000 HAL_UART_MspDeInit
     /tmp/ccNDKOE3.s:606    .text.HAL_UART_MspDeInit:0000000000000030 $d
                     .debug_frame:0000000000000010 $d

UNDEFINED SYMBOLS
HAL_NVIC_SetPriorityGrouping
HAL_NVIC_SetPriority
HAL_GPIO_Init
HAL_GPIO_DeInit
