ARM GAS  /tmp/ccYf5KOt.s 			page 1


   1              		.syntax unified
   2              		.cpu cortex-m4
   3              		.eabi_attribute 27, 1
   4              		.eabi_attribute 28, 1
   5              		.fpu fpv4-sp-d16
   6              		.eabi_attribute 20, 1
   7              		.eabi_attribute 21, 1
   8              		.eabi_attribute 23, 3
   9              		.eabi_attribute 24, 1
  10              		.eabi_attribute 25, 1
  11              		.eabi_attribute 26, 1
  12              		.eabi_attribute 30, 6
  13              		.eabi_attribute 34, 1
  14              		.eabi_attribute 18, 4
  15              		.thumb
  16              		.file	"SEGGER_SYSVIEW_Config_FreeRTOS.c"
  17              		.text
  18              	.Ltext0:
  19              		.cfi_sections	.debug_frame
  20              		.section	.rodata
  21              		.align	2
  22              	.LC0:
  23 0000 4E3D4672 		.ascii	"N=FreeRTOS Demo Application,D=Cortex-M4,O=FreeRTOS\000"
  23      65655254 
  23      4F532044 
  23      656D6F20 
  23      4170706C 
  24 0033 00       		.align	2
  25              	.LC1:
  26 0034 49233135 		.ascii	"I#15=SysTick\000"
  26      3D537973 
  26      5469636B 
  26      00
  27              		.section	.text._cbSendSystemDesc,"ax",%progbits
  28              		.align	2
  29              		.thumb
  30              		.thumb_func
  32              	_cbSendSystemDesc:
  33              	.LFB5:
  34              		.file 1 "Src/SEGGER_SYSVIEW_Config_FreeRTOS.c"
   1:Src/SEGGER_SYSVIEW_Config_FreeRTOS.c **** /*********************************************************************
   2:Src/SEGGER_SYSVIEW_Config_FreeRTOS.c **** *                SEGGER Microcontroller GmbH & Co. KG                *
   3:Src/SEGGER_SYSVIEW_Config_FreeRTOS.c **** *                        The Embedded Experts                        *
   4:Src/SEGGER_SYSVIEW_Config_FreeRTOS.c **** **********************************************************************
   5:Src/SEGGER_SYSVIEW_Config_FreeRTOS.c **** *                                                                    *
   6:Src/SEGGER_SYSVIEW_Config_FreeRTOS.c **** *       (c) 2015 - 2017  SEGGER Microcontroller GmbH & Co. KG        *
   7:Src/SEGGER_SYSVIEW_Config_FreeRTOS.c **** *                                                                    *
   8:Src/SEGGER_SYSVIEW_Config_FreeRTOS.c **** *       www.segger.com     Support: support@segger.com               *
   9:Src/SEGGER_SYSVIEW_Config_FreeRTOS.c **** *                                                                    *
  10:Src/SEGGER_SYSVIEW_Config_FreeRTOS.c **** **********************************************************************
  11:Src/SEGGER_SYSVIEW_Config_FreeRTOS.c **** *                                                                    *
  12:Src/SEGGER_SYSVIEW_Config_FreeRTOS.c **** *       SEGGER SystemView * Real-time application analysis           *
  13:Src/SEGGER_SYSVIEW_Config_FreeRTOS.c **** *                                                                    *
  14:Src/SEGGER_SYSVIEW_Config_FreeRTOS.c **** **********************************************************************
  15:Src/SEGGER_SYSVIEW_Config_FreeRTOS.c **** *                                                                    *
  16:Src/SEGGER_SYSVIEW_Config_FreeRTOS.c **** * All rights reserved.                                               *
  17:Src/SEGGER_SYSVIEW_Config_FreeRTOS.c **** *                                                                    *
ARM GAS  /tmp/ccYf5KOt.s 			page 2


  18:Src/SEGGER_SYSVIEW_Config_FreeRTOS.c **** * SEGGER strongly recommends to not make any changes                 *
  19:Src/SEGGER_SYSVIEW_Config_FreeRTOS.c **** * to or modify the source code of this software in order to stay     *
  20:Src/SEGGER_SYSVIEW_Config_FreeRTOS.c **** * compatible with the RTT protocol and J-Link.                       *
  21:Src/SEGGER_SYSVIEW_Config_FreeRTOS.c **** *                                                                    *
  22:Src/SEGGER_SYSVIEW_Config_FreeRTOS.c **** * Redistribution and use in source and binary forms, with or         *
  23:Src/SEGGER_SYSVIEW_Config_FreeRTOS.c **** * without modification, are permitted provided that the following    *
  24:Src/SEGGER_SYSVIEW_Config_FreeRTOS.c **** * conditions are met:                                                *
  25:Src/SEGGER_SYSVIEW_Config_FreeRTOS.c **** *                                                                    *
  26:Src/SEGGER_SYSVIEW_Config_FreeRTOS.c **** * o Redistributions of source code must retain the above copyright   *
  27:Src/SEGGER_SYSVIEW_Config_FreeRTOS.c **** *   notice, this list of conditions and the following disclaimer.    *
  28:Src/SEGGER_SYSVIEW_Config_FreeRTOS.c **** *                                                                    *
  29:Src/SEGGER_SYSVIEW_Config_FreeRTOS.c **** * o Redistributions in binary form must reproduce the above          *
  30:Src/SEGGER_SYSVIEW_Config_FreeRTOS.c **** *   copyright notice, this list of conditions and the following      *
  31:Src/SEGGER_SYSVIEW_Config_FreeRTOS.c **** *   disclaimer in the documentation and/or other materials provided  *
  32:Src/SEGGER_SYSVIEW_Config_FreeRTOS.c **** *   with the distribution.                                           *
  33:Src/SEGGER_SYSVIEW_Config_FreeRTOS.c **** *                                                                    *
  34:Src/SEGGER_SYSVIEW_Config_FreeRTOS.c **** * o Neither the name of SEGGER Microcontroller GmbH & Co. KG         *
  35:Src/SEGGER_SYSVIEW_Config_FreeRTOS.c **** *   nor the names of its contributors may be used to endorse or      *
  36:Src/SEGGER_SYSVIEW_Config_FreeRTOS.c **** *   promote products derived from this software without specific     *
  37:Src/SEGGER_SYSVIEW_Config_FreeRTOS.c **** *   prior written permission.                                        *
  38:Src/SEGGER_SYSVIEW_Config_FreeRTOS.c **** *                                                                    *
  39:Src/SEGGER_SYSVIEW_Config_FreeRTOS.c **** * THIS SOFTWARE IS PROVIDED BY THE COPYRIGHT HOLDERS AND             *
  40:Src/SEGGER_SYSVIEW_Config_FreeRTOS.c **** * CONTRIBUTORS "AS IS" AND ANY EXPRESS OR IMPLIED WARRANTIES,        *
  41:Src/SEGGER_SYSVIEW_Config_FreeRTOS.c **** * INCLUDING, BUT NOT LIMITED TO, THE IMPLIED WARRANTIES OF           *
  42:Src/SEGGER_SYSVIEW_Config_FreeRTOS.c **** * MERCHANTABILITY AND FITNESS FOR A PARTICULAR PURPOSE ARE           *
  43:Src/SEGGER_SYSVIEW_Config_FreeRTOS.c **** * DISCLAIMED. IN NO EVENT SHALL SEGGER Microcontroller BE LIABLE FOR *
  44:Src/SEGGER_SYSVIEW_Config_FreeRTOS.c **** * ANY DIRECT, INDIRECT, INCIDENTAL, SPECIAL, EXEMPLARY, OR           *
  45:Src/SEGGER_SYSVIEW_Config_FreeRTOS.c **** * CONSEQUENTIAL DAMAGES (INCLUDING, BUT NOT LIMITED TO, PROCUREMENT  *
  46:Src/SEGGER_SYSVIEW_Config_FreeRTOS.c **** * OF SUBSTITUTE GOODS OR SERVICES; LOSS OF USE, DATA, OR PROFITS;    *
  47:Src/SEGGER_SYSVIEW_Config_FreeRTOS.c **** * OR BUSINESS INTERRUPTION) HOWEVER CAUSED AND ON ANY THEORY OF      *
  48:Src/SEGGER_SYSVIEW_Config_FreeRTOS.c **** * LIABILITY, WHETHER IN CONTRACT, STRICT LIABILITY, OR TORT          *
  49:Src/SEGGER_SYSVIEW_Config_FreeRTOS.c **** * (INCLUDING NEGLIGENCE OR OTHERWISE) ARISING IN ANY WAY OUT OF THE  *
  50:Src/SEGGER_SYSVIEW_Config_FreeRTOS.c **** * USE OF THIS SOFTWARE, EVEN IF ADVISED OF THE POSSIBILITY OF SUCH   *
  51:Src/SEGGER_SYSVIEW_Config_FreeRTOS.c **** * DAMAGE.                                                            *
  52:Src/SEGGER_SYSVIEW_Config_FreeRTOS.c **** *                                                                    *
  53:Src/SEGGER_SYSVIEW_Config_FreeRTOS.c **** **********************************************************************
  54:Src/SEGGER_SYSVIEW_Config_FreeRTOS.c **** *                                                                    *
  55:Src/SEGGER_SYSVIEW_Config_FreeRTOS.c **** *       SystemView version: V2.50                                    *
  56:Src/SEGGER_SYSVIEW_Config_FreeRTOS.c **** *                                                                    *
  57:Src/SEGGER_SYSVIEW_Config_FreeRTOS.c **** **********************************************************************
  58:Src/SEGGER_SYSVIEW_Config_FreeRTOS.c **** -------------------------- END-OF-HEADER -----------------------------
  59:Src/SEGGER_SYSVIEW_Config_FreeRTOS.c **** 
  60:Src/SEGGER_SYSVIEW_Config_FreeRTOS.c **** File    : SEGGER_SYSVIEW_Config_FreeRTOS.c
  61:Src/SEGGER_SYSVIEW_Config_FreeRTOS.c **** Purpose : Sample setup configuration of SystemView with FreeRTOS.
  62:Src/SEGGER_SYSVIEW_Config_FreeRTOS.c **** Revision: $Rev: 3734 $
  63:Src/SEGGER_SYSVIEW_Config_FreeRTOS.c **** */
  64:Src/SEGGER_SYSVIEW_Config_FreeRTOS.c **** #include "FreeRTOS.h"
  65:Src/SEGGER_SYSVIEW_Config_FreeRTOS.c **** #include "SEGGER_SYSVIEW.h"
  66:Src/SEGGER_SYSVIEW_Config_FreeRTOS.c **** 
  67:Src/SEGGER_SYSVIEW_Config_FreeRTOS.c **** extern const SEGGER_SYSVIEW_OS_API SYSVIEW_X_OS_TraceAPI;
  68:Src/SEGGER_SYSVIEW_Config_FreeRTOS.c **** 
  69:Src/SEGGER_SYSVIEW_Config_FreeRTOS.c **** /*********************************************************************
  70:Src/SEGGER_SYSVIEW_Config_FreeRTOS.c **** *
  71:Src/SEGGER_SYSVIEW_Config_FreeRTOS.c **** *       Defines, configurable
  72:Src/SEGGER_SYSVIEW_Config_FreeRTOS.c **** *
  73:Src/SEGGER_SYSVIEW_Config_FreeRTOS.c **** **********************************************************************
  74:Src/SEGGER_SYSVIEW_Config_FreeRTOS.c **** */
ARM GAS  /tmp/ccYf5KOt.s 			page 3


  75:Src/SEGGER_SYSVIEW_Config_FreeRTOS.c **** // The application name to be displayed in SystemViewer
  76:Src/SEGGER_SYSVIEW_Config_FreeRTOS.c **** #define SYSVIEW_APP_NAME        "FreeRTOS Demo Application"
  77:Src/SEGGER_SYSVIEW_Config_FreeRTOS.c **** 
  78:Src/SEGGER_SYSVIEW_Config_FreeRTOS.c **** // The target device name
  79:Src/SEGGER_SYSVIEW_Config_FreeRTOS.c **** #define SYSVIEW_DEVICE_NAME     "Cortex-M4"
  80:Src/SEGGER_SYSVIEW_Config_FreeRTOS.c **** 
  81:Src/SEGGER_SYSVIEW_Config_FreeRTOS.c **** // Frequency of the timestamp. Must match SEGGER_SYSVIEW_GET_TIMESTAMP in SEGGER_SYSVIEW_Conf.h
  82:Src/SEGGER_SYSVIEW_Config_FreeRTOS.c **** #define SYSVIEW_TIMESTAMP_FREQ  (configCPU_CLOCK_HZ)
  83:Src/SEGGER_SYSVIEW_Config_FreeRTOS.c **** 
  84:Src/SEGGER_SYSVIEW_Config_FreeRTOS.c **** // System Frequency. SystemcoreClock is used in most CMSIS compatible projects.
  85:Src/SEGGER_SYSVIEW_Config_FreeRTOS.c **** #define SYSVIEW_CPU_FREQ        configCPU_CLOCK_HZ
  86:Src/SEGGER_SYSVIEW_Config_FreeRTOS.c **** 
  87:Src/SEGGER_SYSVIEW_Config_FreeRTOS.c **** // The lowest RAM address used for IDs (pointers)
  88:Src/SEGGER_SYSVIEW_Config_FreeRTOS.c **** #define SYSVIEW_RAM_BASE        (0x10000000)
  89:Src/SEGGER_SYSVIEW_Config_FreeRTOS.c **** 
  90:Src/SEGGER_SYSVIEW_Config_FreeRTOS.c **** /********************************************************************* 
  91:Src/SEGGER_SYSVIEW_Config_FreeRTOS.c **** *
  92:Src/SEGGER_SYSVIEW_Config_FreeRTOS.c **** *       _cbSendSystemDesc()
  93:Src/SEGGER_SYSVIEW_Config_FreeRTOS.c **** *
  94:Src/SEGGER_SYSVIEW_Config_FreeRTOS.c **** *  Function description
  95:Src/SEGGER_SYSVIEW_Config_FreeRTOS.c **** *    Sends SystemView description strings.
  96:Src/SEGGER_SYSVIEW_Config_FreeRTOS.c **** */
  97:Src/SEGGER_SYSVIEW_Config_FreeRTOS.c **** static void _cbSendSystemDesc(void) {
  35              		.loc 1 97 0
  36              		.cfi_startproc
  37              		@ args = 0, pretend = 0, frame = 0
  38              		@ frame_needed = 1, uses_anonymous_args = 0
  39 0000 80B5     		push	{r7, lr}
  40              	.LCFI0:
  41              		.cfi_def_cfa_offset 8
  42              		.cfi_offset 7, -8
  43              		.cfi_offset 14, -4
  44 0002 00AF     		add	r7, sp, #0
  45              	.LCFI1:
  46              		.cfi_def_cfa_register 7
  98:Src/SEGGER_SYSVIEW_Config_FreeRTOS.c ****   SEGGER_SYSVIEW_SendSysDesc("N="SYSVIEW_APP_NAME",D="SYSVIEW_DEVICE_NAME",O=FreeRTOS");
  47              		.loc 1 98 0
  48 0004 0348     		ldr	r0, .L2
  49 0006 FFF7FEFF 		bl	SEGGER_SYSVIEW_SendSysDesc
  99:Src/SEGGER_SYSVIEW_Config_FreeRTOS.c ****   SEGGER_SYSVIEW_SendSysDesc("I#15=SysTick");
  50              		.loc 1 99 0
  51 000a 0348     		ldr	r0, .L2+4
  52 000c FFF7FEFF 		bl	SEGGER_SYSVIEW_SendSysDesc
 100:Src/SEGGER_SYSVIEW_Config_FreeRTOS.c **** }
  53              		.loc 1 100 0
  54 0010 80BD     		pop	{r7, pc}
  55              	.L3:
  56 0012 00BF     		.align	2
  57              	.L2:
  58 0014 00000000 		.word	.LC0
  59 0018 34000000 		.word	.LC1
  60              		.cfi_endproc
  61              	.LFE5:
  63              		.section	.text.SEGGER_SYSVIEW_Conf,"ax",%progbits
  64              		.align	2
  65              		.global	SEGGER_SYSVIEW_Conf
  66              		.thumb
ARM GAS  /tmp/ccYf5KOt.s 			page 4


  67              		.thumb_func
  69              	SEGGER_SYSVIEW_Conf:
  70              	.LFB6:
 101:Src/SEGGER_SYSVIEW_Config_FreeRTOS.c **** 
 102:Src/SEGGER_SYSVIEW_Config_FreeRTOS.c **** /*********************************************************************
 103:Src/SEGGER_SYSVIEW_Config_FreeRTOS.c **** *
 104:Src/SEGGER_SYSVIEW_Config_FreeRTOS.c **** *       Global functions
 105:Src/SEGGER_SYSVIEW_Config_FreeRTOS.c **** *
 106:Src/SEGGER_SYSVIEW_Config_FreeRTOS.c **** **********************************************************************
 107:Src/SEGGER_SYSVIEW_Config_FreeRTOS.c **** */
 108:Src/SEGGER_SYSVIEW_Config_FreeRTOS.c **** void SEGGER_SYSVIEW_Conf(void) {
  71              		.loc 1 108 0
  72              		.cfi_startproc
  73              		@ args = 0, pretend = 0, frame = 0
  74              		@ frame_needed = 1, uses_anonymous_args = 0
  75 0000 80B5     		push	{r7, lr}
  76              	.LCFI2:
  77              		.cfi_def_cfa_offset 8
  78              		.cfi_offset 7, -8
  79              		.cfi_offset 14, -4
  80 0002 00AF     		add	r7, sp, #0
  81              	.LCFI3:
  82              		.cfi_def_cfa_register 7
 109:Src/SEGGER_SYSVIEW_Config_FreeRTOS.c ****   SEGGER_SYSVIEW_Init(SYSVIEW_TIMESTAMP_FREQ, SYSVIEW_CPU_FREQ, 
  83              		.loc 1 109 0
  84 0004 074B     		ldr	r3, .L5
  85 0006 1A68     		ldr	r2, [r3]
  86 0008 064B     		ldr	r3, .L5
  87 000a 1B68     		ldr	r3, [r3]
  88 000c 1046     		mov	r0, r2
  89 000e 1946     		mov	r1, r3
  90 0010 054A     		ldr	r2, .L5+4
  91 0012 064B     		ldr	r3, .L5+8
  92 0014 FFF7FEFF 		bl	SEGGER_SYSVIEW_Init
 110:Src/SEGGER_SYSVIEW_Config_FreeRTOS.c ****                       &SYSVIEW_X_OS_TraceAPI, _cbSendSystemDesc);
 111:Src/SEGGER_SYSVIEW_Config_FreeRTOS.c ****   SEGGER_SYSVIEW_SetRAMBase(SYSVIEW_RAM_BASE);
  93              		.loc 1 111 0
  94 0018 4FF08050 		mov	r0, #268435456
  95 001c FFF7FEFF 		bl	SEGGER_SYSVIEW_SetRAMBase
 112:Src/SEGGER_SYSVIEW_Config_FreeRTOS.c **** }
  96              		.loc 1 112 0
  97 0020 80BD     		pop	{r7, pc}
  98              	.L6:
  99 0022 00BF     		.align	2
 100              	.L5:
 101 0024 00000000 		.word	SystemCoreClock
 102 0028 00000000 		.word	SYSVIEW_X_OS_TraceAPI
 103 002c 00000000 		.word	_cbSendSystemDesc
 104              		.cfi_endproc
 105              	.LFE6:
 107              		.text
 108              	.Letext0:
 109              		.file 2 "/usr/arm-none-eabi/include/machine/_default_types.h"
 110              		.file 3 "/usr/arm-none-eabi/include/sys/_stdint.h"
 111              		.file 4 "../../../SystemView/SEGGER/SEGGER_SYSVIEW.h"
 112              		.file 5 "Inc/FreeRTOSConfig.h"
ARM GAS  /tmp/ccYf5KOt.s 			page 5


DEFINED SYMBOLS
                            *ABS*:0000000000000000 SEGGER_SYSVIEW_Config_FreeRTOS.c
     /tmp/ccYf5KOt.s:21     .rodata:0000000000000000 $d
     /tmp/ccYf5KOt.s:28     .text._cbSendSystemDesc:0000000000000000 $t
     /tmp/ccYf5KOt.s:32     .text._cbSendSystemDesc:0000000000000000 _cbSendSystemDesc
     /tmp/ccYf5KOt.s:58     .text._cbSendSystemDesc:0000000000000014 $d
     /tmp/ccYf5KOt.s:64     .text.SEGGER_SYSVIEW_Conf:0000000000000000 $t
     /tmp/ccYf5KOt.s:69     .text.SEGGER_SYSVIEW_Conf:0000000000000000 SEGGER_SYSVIEW_Conf
     /tmp/ccYf5KOt.s:101    .text.SEGGER_SYSVIEW_Conf:0000000000000024 $d
                     .debug_frame:0000000000000010 $d

UNDEFINED SYMBOLS
SEGGER_SYSVIEW_SendSysDesc
SEGGER_SYSVIEW_Init
SEGGER_SYSVIEW_SetRAMBase
SystemCoreClock
SYSVIEW_X_OS_TraceAPI
