ARM GAS  /tmp/cc84eCpY.s 			page 1


   1              		.syntax unified
   2              		.cpu cortex-m4
   3              		.eabi_attribute 27, 1
   4              		.eabi_attribute 28, 1
   5              		.fpu fpv4-sp-d16
   6              		.eabi_attribute 20, 1
   7              		.eabi_attribute 21, 1
   8              		.eabi_attribute 23, 3
   9              		.eabi_attribute 24, 1
  10              		.eabi_attribute 25, 1
  11              		.eabi_attribute 26, 1
  12              		.eabi_attribute 30, 6
  13              		.eabi_attribute 34, 1
  14              		.eabi_attribute 18, 4
  15              		.thumb
  16              		.file	"stm32f3xx_hal_msp.c"
  17              		.text
  18              	.Ltext0:
  19              		.cfi_sections	.debug_frame
  20              		.section	.text.HAL_MspInit,"ax",%progbits
  21              		.align	2
  22              		.global	HAL_MspInit
  23              		.thumb
  24              		.thumb_func
  26              	HAL_MspInit:
  27              	.LFB123:
  28              		.file 1 "Src/stm32f3xx_hal_msp.c"
   1:Src/stm32f3xx_hal_msp.c **** /**
   2:Src/stm32f3xx_hal_msp.c ****   ******************************************************************************
   3:Src/stm32f3xx_hal_msp.c ****   * File Name          : stm32f3xx_hal_msp.c
   4:Src/stm32f3xx_hal_msp.c ****   * Description        : This file provides code for the MSP Initialization 
   5:Src/stm32f3xx_hal_msp.c ****   *                      and de-Initialization codes.
   6:Src/stm32f3xx_hal_msp.c ****   ******************************************************************************
   7:Src/stm32f3xx_hal_msp.c ****   *
   8:Src/stm32f3xx_hal_msp.c ****   * COPYRIGHT(c) 2017 STMicroelectronics
   9:Src/stm32f3xx_hal_msp.c ****   *
  10:Src/stm32f3xx_hal_msp.c ****   * Redistribution and use in source and binary forms, with or without modification,
  11:Src/stm32f3xx_hal_msp.c ****   * are permitted provided that the following conditions are met:
  12:Src/stm32f3xx_hal_msp.c ****   *   1. Redistributions of source code must retain the above copyright notice,
  13:Src/stm32f3xx_hal_msp.c ****   *      this list of conditions and the following disclaimer.
  14:Src/stm32f3xx_hal_msp.c ****   *   2. Redistributions in binary form must reproduce the above copyright notice,
  15:Src/stm32f3xx_hal_msp.c ****   *      this list of conditions and the following disclaimer in the documentation
  16:Src/stm32f3xx_hal_msp.c ****   *      and/or other materials provided with the distribution.
  17:Src/stm32f3xx_hal_msp.c ****   *   3. Neither the name of STMicroelectronics nor the names of its contributors
  18:Src/stm32f3xx_hal_msp.c ****   *      may be used to endorse or promote products derived from this software
  19:Src/stm32f3xx_hal_msp.c ****   *      without specific prior written permission.
  20:Src/stm32f3xx_hal_msp.c ****   *
  21:Src/stm32f3xx_hal_msp.c ****   * THIS SOFTWARE IS PROVIDED BY THE COPYRIGHT HOLDERS AND CONTRIBUTORS "AS IS"
  22:Src/stm32f3xx_hal_msp.c ****   * AND ANY EXPRESS OR IMPLIED WARRANTIES, INCLUDING, BUT NOT LIMITED TO, THE
  23:Src/stm32f3xx_hal_msp.c ****   * IMPLIED WARRANTIES OF MERCHANTABILITY AND FITNESS FOR A PARTICULAR PURPOSE ARE
  24:Src/stm32f3xx_hal_msp.c ****   * DISCLAIMED. IN NO EVENT SHALL THE COPYRIGHT HOLDER OR CONTRIBUTORS BE LIABLE
  25:Src/stm32f3xx_hal_msp.c ****   * FOR ANY DIRECT, INDIRECT, INCIDENTAL, SPECIAL, EXEMPLARY, OR CONSEQUENTIAL
  26:Src/stm32f3xx_hal_msp.c ****   * DAMAGES (INCLUDING, BUT NOT LIMITED TO, PROCUREMENT OF SUBSTITUTE GOODS OR
  27:Src/stm32f3xx_hal_msp.c ****   * SERVICES; LOSS OF USE, DATA, OR PROFITS; OR BUSINESS INTERRUPTION) HOWEVER
  28:Src/stm32f3xx_hal_msp.c ****   * CAUSED AND ON ANY THEORY OF LIABILITY, WHETHER IN CONTRACT, STRICT LIABILITY,
  29:Src/stm32f3xx_hal_msp.c ****   * OR TORT (INCLUDING NEGLIGENCE OR OTHERWISE) ARISING IN ANY WAY OUT OF THE USE
  30:Src/stm32f3xx_hal_msp.c ****   * OF THIS SOFTWARE, EVEN IF ADVISED OF THE POSSIBILITY OF SUCH DAMAGE.
ARM GAS  /tmp/cc84eCpY.s 			page 2


  31:Src/stm32f3xx_hal_msp.c ****   *
  32:Src/stm32f3xx_hal_msp.c ****   ******************************************************************************
  33:Src/stm32f3xx_hal_msp.c ****   */
  34:Src/stm32f3xx_hal_msp.c **** /* Includes ------------------------------------------------------------------*/
  35:Src/stm32f3xx_hal_msp.c **** #include "stm32f3xx_hal.h"
  36:Src/stm32f3xx_hal_msp.c **** 
  37:Src/stm32f3xx_hal_msp.c **** extern void Error_Handler(void);
  38:Src/stm32f3xx_hal_msp.c **** /* USER CODE BEGIN 0 */
  39:Src/stm32f3xx_hal_msp.c **** 
  40:Src/stm32f3xx_hal_msp.c **** /* USER CODE END 0 */
  41:Src/stm32f3xx_hal_msp.c **** 
  42:Src/stm32f3xx_hal_msp.c **** /**
  43:Src/stm32f3xx_hal_msp.c ****   * Initializes the Global MSP.
  44:Src/stm32f3xx_hal_msp.c ****   */
  45:Src/stm32f3xx_hal_msp.c **** void HAL_MspInit(void)
  46:Src/stm32f3xx_hal_msp.c **** {
  29              		.loc 1 46 0
  30              		.cfi_startproc
  31              		@ args = 0, pretend = 0, frame = 8
  32              		@ frame_needed = 1, uses_anonymous_args = 0
  33 0000 80B5     		push	{r7, lr}
  34              	.LCFI0:
  35              		.cfi_def_cfa_offset 8
  36              		.cfi_offset 7, -8
  37              		.cfi_offset 14, -4
  38 0002 82B0     		sub	sp, sp, #8
  39              	.LCFI1:
  40              		.cfi_def_cfa_offset 16
  41 0004 00AF     		add	r7, sp, #0
  42              	.LCFI2:
  43              		.cfi_def_cfa_register 7
  44              	.LBB2:
  47:Src/stm32f3xx_hal_msp.c ****   /* USER CODE BEGIN MspInit 0 */
  48:Src/stm32f3xx_hal_msp.c **** 
  49:Src/stm32f3xx_hal_msp.c ****   /* USER CODE END MspInit 0 */
  50:Src/stm32f3xx_hal_msp.c **** 
  51:Src/stm32f3xx_hal_msp.c ****   __HAL_RCC_SYSCFG_CLK_ENABLE();
  45              		.loc 1 51 0
  46 0006 1E4A     		ldr	r2, .L2
  47 0008 1D4B     		ldr	r3, .L2
  48 000a 9B69     		ldr	r3, [r3, #24]
  49 000c 43F00103 		orr	r3, r3, #1
  50 0010 9361     		str	r3, [r2, #24]
  51 0012 1B4B     		ldr	r3, .L2
  52 0014 9B69     		ldr	r3, [r3, #24]
  53 0016 03F00103 		and	r3, r3, #1
  54 001a 7B60     		str	r3, [r7, #4]
  55 001c 7B68     		ldr	r3, [r7, #4]
  56              	.LBE2:
  52:Src/stm32f3xx_hal_msp.c **** 
  53:Src/stm32f3xx_hal_msp.c ****   HAL_NVIC_SetPriorityGrouping(NVIC_PRIORITYGROUP_4);
  57              		.loc 1 53 0
  58 001e 0320     		movs	r0, #3
  59 0020 FFF7FEFF 		bl	HAL_NVIC_SetPriorityGrouping
  54:Src/stm32f3xx_hal_msp.c **** 
  55:Src/stm32f3xx_hal_msp.c ****   /* System interrupt init*/
  56:Src/stm32f3xx_hal_msp.c ****   /* MemoryManagement_IRQn interrupt configuration */
ARM GAS  /tmp/cc84eCpY.s 			page 3


  57:Src/stm32f3xx_hal_msp.c ****   HAL_NVIC_SetPriority(MemoryManagement_IRQn, 0, 0);
  60              		.loc 1 57 0
  61 0024 6FF00B00 		mvn	r0, #11
  62 0028 0021     		movs	r1, #0
  63 002a 0022     		movs	r2, #0
  64 002c FFF7FEFF 		bl	HAL_NVIC_SetPriority
  58:Src/stm32f3xx_hal_msp.c ****   /* BusFault_IRQn interrupt configuration */
  59:Src/stm32f3xx_hal_msp.c ****   HAL_NVIC_SetPriority(BusFault_IRQn, 0, 0);
  65              		.loc 1 59 0
  66 0030 6FF00A00 		mvn	r0, #10
  67 0034 0021     		movs	r1, #0
  68 0036 0022     		movs	r2, #0
  69 0038 FFF7FEFF 		bl	HAL_NVIC_SetPriority
  60:Src/stm32f3xx_hal_msp.c ****   /* UsageFault_IRQn interrupt configuration */
  61:Src/stm32f3xx_hal_msp.c ****   HAL_NVIC_SetPriority(UsageFault_IRQn, 0, 0);
  70              		.loc 1 61 0
  71 003c 6FF00900 		mvn	r0, #9
  72 0040 0021     		movs	r1, #0
  73 0042 0022     		movs	r2, #0
  74 0044 FFF7FEFF 		bl	HAL_NVIC_SetPriority
  62:Src/stm32f3xx_hal_msp.c ****   /* SVCall_IRQn interrupt configuration */
  63:Src/stm32f3xx_hal_msp.c ****   HAL_NVIC_SetPriority(SVCall_IRQn, 0, 0);
  75              		.loc 1 63 0
  76 0048 6FF00400 		mvn	r0, #4
  77 004c 0021     		movs	r1, #0
  78 004e 0022     		movs	r2, #0
  79 0050 FFF7FEFF 		bl	HAL_NVIC_SetPriority
  64:Src/stm32f3xx_hal_msp.c ****   /* DebugMonitor_IRQn interrupt configuration */
  65:Src/stm32f3xx_hal_msp.c ****   HAL_NVIC_SetPriority(DebugMonitor_IRQn, 0, 0);
  80              		.loc 1 65 0
  81 0054 6FF00300 		mvn	r0, #3
  82 0058 0021     		movs	r1, #0
  83 005a 0022     		movs	r2, #0
  84 005c FFF7FEFF 		bl	HAL_NVIC_SetPriority
  66:Src/stm32f3xx_hal_msp.c ****   /* PendSV_IRQn interrupt configuration */
  67:Src/stm32f3xx_hal_msp.c ****   HAL_NVIC_SetPriority(PendSV_IRQn, 15, 0);
  85              		.loc 1 67 0
  86 0060 6FF00100 		mvn	r0, #1
  87 0064 0F21     		movs	r1, #15
  88 0066 0022     		movs	r2, #0
  89 0068 FFF7FEFF 		bl	HAL_NVIC_SetPriority
  68:Src/stm32f3xx_hal_msp.c ****   /* SysTick_IRQn interrupt configuration */
  69:Src/stm32f3xx_hal_msp.c ****   HAL_NVIC_SetPriority(SysTick_IRQn, 15, 0);
  90              		.loc 1 69 0
  91 006c 4FF0FF30 		mov	r0, #-1
  92 0070 0F21     		movs	r1, #15
  93 0072 0022     		movs	r2, #0
  94 0074 FFF7FEFF 		bl	HAL_NVIC_SetPriority
  70:Src/stm32f3xx_hal_msp.c **** 
  71:Src/stm32f3xx_hal_msp.c ****   /* USER CODE BEGIN MspInit 1 */
  72:Src/stm32f3xx_hal_msp.c **** 
  73:Src/stm32f3xx_hal_msp.c ****   /* USER CODE END MspInit 1 */
  74:Src/stm32f3xx_hal_msp.c **** }
  95              		.loc 1 74 0
  96 0078 0837     		adds	r7, r7, #8
  97              	.LCFI3:
  98              		.cfi_def_cfa_offset 8
ARM GAS  /tmp/cc84eCpY.s 			page 4


  99 007a BD46     		mov	sp, r7
 100              	.LCFI4:
 101              		.cfi_def_cfa_register 13
 102              		@ sp needed
 103 007c 80BD     		pop	{r7, pc}
 104              	.L3:
 105 007e 00BF     		.align	2
 106              	.L2:
 107 0080 00100240 		.word	1073876992
 108              		.cfi_endproc
 109              	.LFE123:
 111              		.text
 112              	.Letext0:
 113              		.file 2 "/usr/arm-none-eabi/include/machine/_default_types.h"
 114              		.file 3 "/usr/arm-none-eabi/include/sys/_stdint.h"
 115              		.file 4 "../../Drivers/CMSIS/Device/ST/STM32F3xx/Include/stm32f302x8.h"
 116              		.file 5 "../../Drivers/CMSIS/Include/core_cm4.h"
ARM GAS  /tmp/cc84eCpY.s 			page 5


DEFINED SYMBOLS
                            *ABS*:0000000000000000 stm32f3xx_hal_msp.c
     /tmp/cc84eCpY.s:21     .text.HAL_MspInit:0000000000000000 $t
     /tmp/cc84eCpY.s:26     .text.HAL_MspInit:0000000000000000 HAL_MspInit
     /tmp/cc84eCpY.s:107    .text.HAL_MspInit:0000000000000080 $d
                     .debug_frame:0000000000000010 $d

UNDEFINED SYMBOLS
HAL_NVIC_SetPriorityGrouping
HAL_NVIC_SetPriority
