ARM GAS  /tmp/cc4DpkJc.s 			page 1


   1              		.syntax unified
   2              		.cpu cortex-m4
   3              		.eabi_attribute 27, 1
   4              		.eabi_attribute 28, 1
   5              		.fpu fpv4-sp-d16
   6              		.eabi_attribute 20, 1
   7              		.eabi_attribute 21, 1
   8              		.eabi_attribute 23, 3
   9              		.eabi_attribute 24, 1
  10              		.eabi_attribute 25, 1
  11              		.eabi_attribute 26, 1
  12              		.eabi_attribute 30, 6
  13              		.eabi_attribute 34, 1
  14              		.eabi_attribute 18, 4
  15              		.thumb
  16              		.file	"lcd_spi.c"
  17              		.text
  18              	.Ltext0:
  19              		.cfi_sections	.debug_frame
  20              		.comm	hspi3,100,4
  21              		.section	.text.LCD_SPI_Init,"ax",%progbits
  22              		.align	2
  23              		.global	LCD_SPI_Init
  24              		.thumb
  25              		.thumb_func
  27              	LCD_SPI_Init:
  28              	.LFB123:
  29              		.file 1 "Src/lcd_spi.c"
   1:Src/lcd_spi.c **** /**
   2:Src/lcd_spi.c ****   ******************************************************************************
   3:Src/lcd_spi.c ****   * File Name          : SPI.c
   4:Src/lcd_spi.c ****   * Description        : This file provides code for the configuration
   5:Src/lcd_spi.c ****   *                      of the SPI instances.
   6:Src/lcd_spi.c ****   ******************************************************************************
   7:Src/lcd_spi.c ****   */
   8:Src/lcd_spi.c **** 
   9:Src/lcd_spi.c **** /* Includes ------------------------------------------------------------------*/
  10:Src/lcd_spi.c **** #include "lcd_spi.h"
  11:Src/lcd_spi.c **** 
  12:Src/lcd_spi.c **** SPI_HandleTypeDef hspi3;
  13:Src/lcd_spi.c **** 
  14:Src/lcd_spi.c **** /* SPI3 init function */
  15:Src/lcd_spi.c **** void LCD_SPI_Init(void)
  16:Src/lcd_spi.c **** {
  30              		.loc 1 16 0
  31              		.cfi_startproc
  32              		@ args = 0, pretend = 0, frame = 0
  33              		@ frame_needed = 1, uses_anonymous_args = 0
  34 0000 80B5     		push	{r7, lr}
  35              	.LCFI0:
  36              		.cfi_def_cfa_offset 8
  37              		.cfi_offset 7, -8
  38              		.cfi_offset 14, -4
  39 0002 00AF     		add	r7, sp, #0
  40              	.LCFI1:
  41              		.cfi_def_cfa_register 7
  17:Src/lcd_spi.c **** 
ARM GAS  /tmp/cc4DpkJc.s 			page 2


  18:Src/lcd_spi.c ****   hspi3.Instance = SPI3;
  42              		.loc 1 18 0
  43 0004 1A4B     		ldr	r3, .L3
  44 0006 1B4A     		ldr	r2, .L3+4
  45 0008 1A60     		str	r2, [r3]
  19:Src/lcd_spi.c ****   hspi3.Init.Mode = SPI_MODE_MASTER;
  46              		.loc 1 19 0
  47 000a 194B     		ldr	r3, .L3
  48 000c 4FF48272 		mov	r2, #260
  49 0010 5A60     		str	r2, [r3, #4]
  20:Src/lcd_spi.c ****   hspi3.Init.Direction = SPI_DIRECTION_2LINES;
  50              		.loc 1 20 0
  51 0012 174B     		ldr	r3, .L3
  52 0014 0022     		movs	r2, #0
  53 0016 9A60     		str	r2, [r3, #8]
  21:Src/lcd_spi.c ****   hspi3.Init.DataSize = SPI_DATASIZE_8BIT;
  54              		.loc 1 21 0
  55 0018 154B     		ldr	r3, .L3
  56 001a 4FF4E062 		mov	r2, #1792
  57 001e DA60     		str	r2, [r3, #12]
  22:Src/lcd_spi.c ****   hspi3.Init.CLKPolarity = SPI_POLARITY_LOW;
  58              		.loc 1 22 0
  59 0020 134B     		ldr	r3, .L3
  60 0022 0022     		movs	r2, #0
  61 0024 1A61     		str	r2, [r3, #16]
  23:Src/lcd_spi.c ****   hspi3.Init.CLKPhase = SPI_PHASE_1EDGE;
  62              		.loc 1 23 0
  63 0026 124B     		ldr	r3, .L3
  64 0028 0022     		movs	r2, #0
  65 002a 5A61     		str	r2, [r3, #20]
  24:Src/lcd_spi.c ****   hspi3.Init.NSS = SPI_NSS_SOFT;
  66              		.loc 1 24 0
  67 002c 104B     		ldr	r3, .L3
  68 002e 4FF40072 		mov	r2, #512
  69 0032 9A61     		str	r2, [r3, #24]
  25:Src/lcd_spi.c ****   hspi3.Init.BaudRatePrescaler = SPI_BAUDRATEPRESCALER_2;
  70              		.loc 1 25 0
  71 0034 0E4B     		ldr	r3, .L3
  72 0036 0022     		movs	r2, #0
  73 0038 DA61     		str	r2, [r3, #28]
  26:Src/lcd_spi.c ****   hspi3.Init.FirstBit = SPI_FIRSTBIT_MSB;
  74              		.loc 1 26 0
  75 003a 0D4B     		ldr	r3, .L3
  76 003c 0022     		movs	r2, #0
  77 003e 1A62     		str	r2, [r3, #32]
  27:Src/lcd_spi.c ****   hspi3.Init.TIMode = SPI_TIMODE_DISABLE;
  78              		.loc 1 27 0
  79 0040 0B4B     		ldr	r3, .L3
  80 0042 0022     		movs	r2, #0
  81 0044 5A62     		str	r2, [r3, #36]
  28:Src/lcd_spi.c ****   hspi3.Init.CRCCalculation = SPI_CRCCALCULATION_DISABLE;
  82              		.loc 1 28 0
  83 0046 0A4B     		ldr	r3, .L3
  84 0048 0022     		movs	r2, #0
  85 004a 9A62     		str	r2, [r3, #40]
  29:Src/lcd_spi.c ****   hspi3.Init.CRCPolynomial = 7;
  86              		.loc 1 29 0
ARM GAS  /tmp/cc4DpkJc.s 			page 3


  87 004c 084B     		ldr	r3, .L3
  88 004e 0722     		movs	r2, #7
  89 0050 DA62     		str	r2, [r3, #44]
  30:Src/lcd_spi.c ****   hspi3.Init.CRCLength = SPI_CRC_LENGTH_DATASIZE;
  90              		.loc 1 30 0
  91 0052 074B     		ldr	r3, .L3
  92 0054 0022     		movs	r2, #0
  93 0056 1A63     		str	r2, [r3, #48]
  31:Src/lcd_spi.c ****   hspi3.Init.NSSPMode = SPI_NSS_PULSE_DISABLE;   //MIGHT BE A PROBLEM
  94              		.loc 1 31 0
  95 0058 054B     		ldr	r3, .L3
  96 005a 0022     		movs	r2, #0
  97 005c 5A63     		str	r2, [r3, #52]
  32:Src/lcd_spi.c ****   if (HAL_SPI_Init(&hspi3) != HAL_OK)
  98              		.loc 1 32 0
  99 005e 0448     		ldr	r0, .L3
 100 0060 FFF7FEFF 		bl	HAL_SPI_Init
 101 0064 0346     		mov	r3, r0
 102 0066 002B     		cmp	r3, #0
 103 0068 01D0     		beq	.L1
  33:Src/lcd_spi.c ****   {
  34:Src/lcd_spi.c ****     Error_Handler();
 104              		.loc 1 34 0
 105 006a FFF7FEFF 		bl	Error_Handler
 106              	.L1:
  35:Src/lcd_spi.c ****   }
  36:Src/lcd_spi.c **** 
  37:Src/lcd_spi.c **** }
 107              		.loc 1 37 0
 108 006e 80BD     		pop	{r7, pc}
 109              	.L4:
 110              		.align	2
 111              	.L3:
 112 0070 00000000 		.word	hspi3
 113 0074 003C0040 		.word	1073757184
 114              		.cfi_endproc
 115              	.LFE123:
 117              		.section	.text.HAL_SPI_MspInit,"ax",%progbits
 118              		.align	2
 119              		.global	HAL_SPI_MspInit
 120              		.thumb
 121              		.thumb_func
 123              	HAL_SPI_MspInit:
 124              	.LFB124:
  38:Src/lcd_spi.c **** 
  39:Src/lcd_spi.c **** 
  40:Src/lcd_spi.c **** void HAL_SPI_MspInit(SPI_HandleTypeDef* hspi)
  41:Src/lcd_spi.c **** {
 125              		.loc 1 41 0
 126              		.cfi_startproc
 127              		@ args = 0, pretend = 0, frame = 32
 128              		@ frame_needed = 1, uses_anonymous_args = 0
 129 0000 80B5     		push	{r7, lr}
 130              	.LCFI2:
 131              		.cfi_def_cfa_offset 8
 132              		.cfi_offset 7, -8
 133              		.cfi_offset 14, -4
ARM GAS  /tmp/cc4DpkJc.s 			page 4


 134 0002 88B0     		sub	sp, sp, #32
 135              	.LCFI3:
 136              		.cfi_def_cfa_offset 40
 137 0004 00AF     		add	r7, sp, #0
 138              	.LCFI4:
 139              		.cfi_def_cfa_register 7
 140 0006 7860     		str	r0, [r7, #4]
  42:Src/lcd_spi.c **** 
  43:Src/lcd_spi.c ****   GPIO_InitTypeDef GPIO_InitStruct;
  44:Src/lcd_spi.c ****   if(hspi->Instance==SPI3)
 141              		.loc 1 44 0
 142 0008 7B68     		ldr	r3, [r7, #4]
 143 000a 1B68     		ldr	r3, [r3]
 144 000c 114A     		ldr	r2, .L7
 145 000e 9342     		cmp	r3, r2
 146 0010 1CD1     		bne	.L5
 147              	.LBB2:
  45:Src/lcd_spi.c ****   {
  46:Src/lcd_spi.c ****     /* Peripheral clock enable */
  47:Src/lcd_spi.c ****     __HAL_RCC_SPI3_CLK_ENABLE();
 148              		.loc 1 47 0
 149 0012 114A     		ldr	r2, .L7+4
 150 0014 104B     		ldr	r3, .L7+4
 151 0016 DB69     		ldr	r3, [r3, #28]
 152 0018 43F40043 		orr	r3, r3, #32768
 153 001c D361     		str	r3, [r2, #28]
 154 001e 0E4B     		ldr	r3, .L7+4
 155 0020 DB69     		ldr	r3, [r3, #28]
 156 0022 03F40043 		and	r3, r3, #32768
 157 0026 BB60     		str	r3, [r7, #8]
 158 0028 BB68     		ldr	r3, [r7, #8]
 159              	.LBE2:
  48:Src/lcd_spi.c **** 
  49:Src/lcd_spi.c ****     /**SPI3 GPIO Configuration
  50:Src/lcd_spi.c ****     PC10     ------> SPI3_SCK
  51:Src/lcd_spi.c ****     PC11     ------> SPI3_MISO
  52:Src/lcd_spi.c ****     PC12     ------> SPI3_MOSI
  53:Src/lcd_spi.c ****     */
  54:Src/lcd_spi.c ****     GPIO_InitStruct.Pin = GPIO_PIN_10|GPIO_PIN_11|GPIO_PIN_12;
 160              		.loc 1 54 0
 161 002a 4FF4E053 		mov	r3, #7168
 162 002e FB60     		str	r3, [r7, #12]
  55:Src/lcd_spi.c ****     GPIO_InitStruct.Mode = GPIO_MODE_AF_PP;
 163              		.loc 1 55 0
 164 0030 0223     		movs	r3, #2
 165 0032 3B61     		str	r3, [r7, #16]
  56:Src/lcd_spi.c ****     GPIO_InitStruct.Pull = GPIO_NOPULL;
 166              		.loc 1 56 0
 167 0034 0023     		movs	r3, #0
 168 0036 7B61     		str	r3, [r7, #20]
  57:Src/lcd_spi.c ****     GPIO_InitStruct.Speed = GPIO_SPEED_FREQ_HIGH;
 169              		.loc 1 57 0
 170 0038 0323     		movs	r3, #3
 171 003a BB61     		str	r3, [r7, #24]
  58:Src/lcd_spi.c ****     GPIO_InitStruct.Alternate = GPIO_AF6_SPI3;
 172              		.loc 1 58 0
 173 003c 0623     		movs	r3, #6
ARM GAS  /tmp/cc4DpkJc.s 			page 5


 174 003e FB61     		str	r3, [r7, #28]
  59:Src/lcd_spi.c ****     HAL_GPIO_Init(GPIOC, &GPIO_InitStruct);
 175              		.loc 1 59 0
 176 0040 07F10C03 		add	r3, r7, #12
 177 0044 0548     		ldr	r0, .L7+8
 178 0046 1946     		mov	r1, r3
 179 0048 FFF7FEFF 		bl	HAL_GPIO_Init
 180              	.L5:
  60:Src/lcd_spi.c **** 
  61:Src/lcd_spi.c ****   }
  62:Src/lcd_spi.c **** 
  63:Src/lcd_spi.c **** }
 181              		.loc 1 63 0
 182 004c 2037     		adds	r7, r7, #32
 183              	.LCFI5:
 184              		.cfi_def_cfa_offset 8
 185 004e BD46     		mov	sp, r7
 186              	.LCFI6:
 187              		.cfi_def_cfa_register 13
 188              		@ sp needed
 189 0050 80BD     		pop	{r7, pc}
 190              	.L8:
 191 0052 00BF     		.align	2
 192              	.L7:
 193 0054 003C0040 		.word	1073757184
 194 0058 00100240 		.word	1073876992
 195 005c 00080048 		.word	1207961600
 196              		.cfi_endproc
 197              	.LFE124:
 199              		.section	.text.HAL_SPI_MspDeInit,"ax",%progbits
 200              		.align	2
 201              		.global	HAL_SPI_MspDeInit
 202              		.thumb
 203              		.thumb_func
 205              	HAL_SPI_MspDeInit:
 206              	.LFB125:
  64:Src/lcd_spi.c **** 
  65:Src/lcd_spi.c **** void HAL_SPI_MspDeInit(SPI_HandleTypeDef* hspi)
  66:Src/lcd_spi.c **** {
 207              		.loc 1 66 0
 208              		.cfi_startproc
 209              		@ args = 0, pretend = 0, frame = 8
 210              		@ frame_needed = 1, uses_anonymous_args = 0
 211 0000 80B5     		push	{r7, lr}
 212              	.LCFI7:
 213              		.cfi_def_cfa_offset 8
 214              		.cfi_offset 7, -8
 215              		.cfi_offset 14, -4
 216 0002 82B0     		sub	sp, sp, #8
 217              	.LCFI8:
 218              		.cfi_def_cfa_offset 16
 219 0004 00AF     		add	r7, sp, #0
 220              	.LCFI9:
 221              		.cfi_def_cfa_register 7
 222 0006 7860     		str	r0, [r7, #4]
  67:Src/lcd_spi.c **** 
  68:Src/lcd_spi.c ****   if(hspi->Instance==SPI3)
ARM GAS  /tmp/cc4DpkJc.s 			page 6


 223              		.loc 1 68 0
 224 0008 7B68     		ldr	r3, [r7, #4]
 225 000a 1B68     		ldr	r3, [r3]
 226 000c 084A     		ldr	r2, .L11
 227 000e 9342     		cmp	r3, r2
 228 0010 0AD1     		bne	.L9
  69:Src/lcd_spi.c ****   {
  70:Src/lcd_spi.c ****     /* Peripheral clock disable */
  71:Src/lcd_spi.c ****     __HAL_RCC_SPI3_CLK_DISABLE();
 229              		.loc 1 71 0
 230 0012 084A     		ldr	r2, .L11+4
 231 0014 074B     		ldr	r3, .L11+4
 232 0016 DB69     		ldr	r3, [r3, #28]
 233 0018 23F40043 		bic	r3, r3, #32768
 234 001c D361     		str	r3, [r2, #28]
  72:Src/lcd_spi.c **** 
  73:Src/lcd_spi.c ****     /**SPI3 GPIO Configuration
  74:Src/lcd_spi.c ****     PC10     ------> SPI3_SCK
  75:Src/lcd_spi.c ****     PC11     ------> SPI3_MISO
  76:Src/lcd_spi.c ****     PC12     ------> SPI3_MOSI
  77:Src/lcd_spi.c ****     */
  78:Src/lcd_spi.c ****     HAL_GPIO_DeInit(GPIOC, GPIO_PIN_10|GPIO_PIN_11|GPIO_PIN_12);
 235              		.loc 1 78 0
 236 001e 0648     		ldr	r0, .L11+8
 237 0020 4FF4E051 		mov	r1, #7168
 238 0024 FFF7FEFF 		bl	HAL_GPIO_DeInit
 239              	.L9:
  79:Src/lcd_spi.c **** 
  80:Src/lcd_spi.c ****   }
  81:Src/lcd_spi.c **** 
  82:Src/lcd_spi.c **** }
 240              		.loc 1 82 0
 241 0028 0837     		adds	r7, r7, #8
 242              	.LCFI10:
 243              		.cfi_def_cfa_offset 8
 244 002a BD46     		mov	sp, r7
 245              	.LCFI11:
 246              		.cfi_def_cfa_register 13
 247              		@ sp needed
 248 002c 80BD     		pop	{r7, pc}
 249              	.L12:
 250 002e 00BF     		.align	2
 251              	.L11:
 252 0030 003C0040 		.word	1073757184
 253 0034 00100240 		.word	1073876992
 254 0038 00080048 		.word	1207961600
 255              		.cfi_endproc
 256              	.LFE125:
 258              		.text
 259              	.Letext0:
 260              		.file 2 "/usr/arm-none-eabi/include/machine/_default_types.h"
 261              		.file 3 "/usr/arm-none-eabi/include/sys/_stdint.h"
 262              		.file 4 "../../Drivers/CMSIS/Device/ST/STM32F3xx/Include/stm32f302x8.h"
 263              		.file 5 "../../Drivers/STM32F3xx_HAL_Driver/Inc/stm32f3xx_hal_def.h"
 264              		.file 6 "../../Drivers/STM32F3xx_HAL_Driver/Inc/stm32f3xx_hal_gpio.h"
 265              		.file 7 "../../Drivers/STM32F3xx_HAL_Driver/Inc/stm32f3xx_hal_dma.h"
 266              		.file 8 "../../Drivers/STM32F3xx_HAL_Driver/Inc/stm32f3xx_hal_spi.h"
ARM GAS  /tmp/cc4DpkJc.s 			page 7


 267              		.file 9 "../../Drivers/CMSIS/Include/core_cm4.h"
ARM GAS  /tmp/cc4DpkJc.s 			page 8


DEFINED SYMBOLS
                            *ABS*:0000000000000000 lcd_spi.c
                            *COM*:0000000000000064 hspi3
     /tmp/cc4DpkJc.s:22     .text.LCD_SPI_Init:0000000000000000 $t
     /tmp/cc4DpkJc.s:27     .text.LCD_SPI_Init:0000000000000000 LCD_SPI_Init
     /tmp/cc4DpkJc.s:112    .text.LCD_SPI_Init:0000000000000070 $d
     /tmp/cc4DpkJc.s:118    .text.HAL_SPI_MspInit:0000000000000000 $t
     /tmp/cc4DpkJc.s:123    .text.HAL_SPI_MspInit:0000000000000000 HAL_SPI_MspInit
     /tmp/cc4DpkJc.s:193    .text.HAL_SPI_MspInit:0000000000000054 $d
     /tmp/cc4DpkJc.s:200    .text.HAL_SPI_MspDeInit:0000000000000000 $t
     /tmp/cc4DpkJc.s:205    .text.HAL_SPI_MspDeInit:0000000000000000 HAL_SPI_MspDeInit
     /tmp/cc4DpkJc.s:252    .text.HAL_SPI_MspDeInit:0000000000000030 $d
                     .debug_frame:0000000000000010 $d

UNDEFINED SYMBOLS
HAL_SPI_Init
Error_Handler
HAL_GPIO_Init
HAL_GPIO_DeInit
