ARM GAS  /tmp/cc5l6RLi.s 			page 1


   1              		.syntax unified
   2              		.cpu cortex-m4
   3              		.eabi_attribute 27, 1
   4              		.eabi_attribute 28, 1
   5              		.fpu fpv4-sp-d16
   6              		.eabi_attribute 20, 1
   7              		.eabi_attribute 21, 1
   8              		.eabi_attribute 23, 3
   9              		.eabi_attribute 24, 1
  10              		.eabi_attribute 25, 1
  11              		.eabi_attribute 26, 1
  12              		.eabi_attribute 30, 6
  13              		.eabi_attribute 34, 1
  14              		.eabi_attribute 18, 4
  15              		.thumb
  16              		.file	"stm32f3xx_it.c"
  17              		.text
  18              	.Ltext0:
  19              		.cfi_sections	.debug_frame
  20              		.section	.text.SysTick_Handler,"ax",%progbits
  21              		.align	2
  22              		.global	SysTick_Handler
  23              		.thumb
  24              		.thumb_func
  26              	SysTick_Handler:
  27              	.LFB127:
  28              		.file 1 "Src/stm32f3xx_it.c"
   1:Src/stm32f3xx_it.c **** /**
   2:Src/stm32f3xx_it.c ****   ******************************************************************************
   3:Src/stm32f3xx_it.c ****   * @file    stm32f3xx_it.c
   4:Src/stm32f3xx_it.c ****   * @brief   Interrupt Service Routines.
   5:Src/stm32f3xx_it.c ****   ******************************************************************************
   6:Src/stm32f3xx_it.c ****   *
   7:Src/stm32f3xx_it.c ****   * COPYRIGHT(c) 2017 STMicroelectronics
   8:Src/stm32f3xx_it.c ****   *
   9:Src/stm32f3xx_it.c ****   * Redistribution and use in source and binary forms, with or without modification,
  10:Src/stm32f3xx_it.c ****   * are permitted provided that the following conditions are met:
  11:Src/stm32f3xx_it.c ****   *   1. Redistributions of source code must retain the above copyright notice,
  12:Src/stm32f3xx_it.c ****   *      this list of conditions and the following disclaimer.
  13:Src/stm32f3xx_it.c ****   *   2. Redistributions in binary form must reproduce the above copyright notice,
  14:Src/stm32f3xx_it.c ****   *      this list of conditions and the following disclaimer in the documentation
  15:Src/stm32f3xx_it.c ****   *      and/or other materials provided with the distribution.
  16:Src/stm32f3xx_it.c ****   *   3. Neither the name of STMicroelectronics nor the names of its contributors
  17:Src/stm32f3xx_it.c ****   *      may be used to endorse or promote products derived from this software
  18:Src/stm32f3xx_it.c ****   *      without specific prior written permission.
  19:Src/stm32f3xx_it.c ****   *
  20:Src/stm32f3xx_it.c ****   * THIS SOFTWARE IS PROVIDED BY THE COPYRIGHT HOLDERS AND CONTRIBUTORS "AS IS"
  21:Src/stm32f3xx_it.c ****   * AND ANY EXPRESS OR IMPLIED WARRANTIES, INCLUDING, BUT NOT LIMITED TO, THE
  22:Src/stm32f3xx_it.c ****   * IMPLIED WARRANTIES OF MERCHANTABILITY AND FITNESS FOR A PARTICULAR PURPOSE ARE
  23:Src/stm32f3xx_it.c ****   * DISCLAIMED. IN NO EVENT SHALL THE COPYRIGHT HOLDER OR CONTRIBUTORS BE LIABLE
  24:Src/stm32f3xx_it.c ****   * FOR ANY DIRECT, INDIRECT, INCIDENTAL, SPECIAL, EXEMPLARY, OR CONSEQUENTIAL
  25:Src/stm32f3xx_it.c ****   * DAMAGES (INCLUDING, BUT NOT LIMITED TO, PROCUREMENT OF SUBSTITUTE GOODS OR
  26:Src/stm32f3xx_it.c ****   * SERVICES; LOSS OF USE, DATA, OR PROFITS; OR BUSINESS INTERRUPTION) HOWEVER
  27:Src/stm32f3xx_it.c ****   * CAUSED AND ON ANY THEORY OF LIABILITY, WHETHER IN CONTRACT, STRICT LIABILITY,
  28:Src/stm32f3xx_it.c ****   * OR TORT (INCLUDING NEGLIGENCE OR OTHERWISE) ARISING IN ANY WAY OUT OF THE USE
  29:Src/stm32f3xx_it.c ****   * OF THIS SOFTWARE, EVEN IF ADVISED OF THE POSSIBILITY OF SUCH DAMAGE.
  30:Src/stm32f3xx_it.c ****   *
ARM GAS  /tmp/cc5l6RLi.s 			page 2


  31:Src/stm32f3xx_it.c ****   ******************************************************************************
  32:Src/stm32f3xx_it.c ****   */
  33:Src/stm32f3xx_it.c **** /* Includes ------------------------------------------------------------------*/
  34:Src/stm32f3xx_it.c **** #include "stm32f3xx_hal.h"
  35:Src/stm32f3xx_it.c **** #include "stm32f3xx.h"
  36:Src/stm32f3xx_it.c **** #include "stm32f3xx_it.h"
  37:Src/stm32f3xx_it.c **** #include "FreeRTOS.h"
  38:Src/stm32f3xx_it.c **** 
  39:Src/stm32f3xx_it.c **** extern void xPortSysTickHandler(void);
  40:Src/stm32f3xx_it.c **** 
  41:Src/stm32f3xx_it.c **** /* USER CODE BEGIN 0 */
  42:Src/stm32f3xx_it.c **** 
  43:Src/stm32f3xx_it.c **** /* USER CODE END 0 */
  44:Src/stm32f3xx_it.c **** 
  45:Src/stm32f3xx_it.c **** /* External variables --------------------------------------------------------*/
  46:Src/stm32f3xx_it.c **** extern TIM_HandleTypeDef htim1;
  47:Src/stm32f3xx_it.c **** 
  48:Src/stm32f3xx_it.c **** /******************************************************************************/
  49:Src/stm32f3xx_it.c **** /*            Cortex-M4 Processor Interruption and Exception Handlers         */ 
  50:Src/stm32f3xx_it.c **** /******************************************************************************/
  51:Src/stm32f3xx_it.c **** 
  52:Src/stm32f3xx_it.c **** /**
  53:Src/stm32f3xx_it.c **** * @brief This function handles System tick timer.
  54:Src/stm32f3xx_it.c **** */
  55:Src/stm32f3xx_it.c **** void SysTick_Handler(void)
  56:Src/stm32f3xx_it.c **** {
  29              		.loc 1 56 0
  30              		.cfi_startproc
  31              		@ args = 0, pretend = 0, frame = 0
  32              		@ frame_needed = 1, uses_anonymous_args = 0
  33 0000 80B5     		push	{r7, lr}
  34              	.LCFI0:
  35              		.cfi_def_cfa_offset 8
  36              		.cfi_offset 7, -8
  37              		.cfi_offset 14, -4
  38 0002 00AF     		add	r7, sp, #0
  39              	.LCFI1:
  40              		.cfi_def_cfa_register 7
  57:Src/stm32f3xx_it.c ****   /* USER CODE BEGIN SysTick_IRQn 0 */
  58:Src/stm32f3xx_it.c **** 
  59:Src/stm32f3xx_it.c ****   /* USER CODE END SysTick_IRQn 0 */
  60:Src/stm32f3xx_it.c ****   //HAL_IncTick();
  61:Src/stm32f3xx_it.c ****   //HAL_SYSTICK_IRQHandler();
  62:Src/stm32f3xx_it.c ****   xPortSysTickHandler();
  41              		.loc 1 62 0
  42 0004 FFF7FEFF 		bl	xPortSysTickHandler
  63:Src/stm32f3xx_it.c ****   //HAL_SYSTICK_IRQHandler();
  64:Src/stm32f3xx_it.c ****   /* USER CODE BEGIN SysTick_IRQn 1 */
  65:Src/stm32f3xx_it.c **** 
  66:Src/stm32f3xx_it.c ****   /* USER CODE END SysTick_IRQn 1 */
  67:Src/stm32f3xx_it.c **** }
  43              		.loc 1 67 0
  44 0008 80BD     		pop	{r7, pc}
  45              		.cfi_endproc
  46              	.LFE127:
  48 000a 00BF     		.section	.text.TIM1_UP_TIM16_IRQHandler,"ax",%progbits
  49              		.align	2
ARM GAS  /tmp/cc5l6RLi.s 			page 3


  50              		.global	TIM1_UP_TIM16_IRQHandler
  51              		.thumb
  52              		.thumb_func
  54              	TIM1_UP_TIM16_IRQHandler:
  55              	.LFB128:
  68:Src/stm32f3xx_it.c **** 
  69:Src/stm32f3xx_it.c **** /******************************************************************************/
  70:Src/stm32f3xx_it.c **** /* STM32F3xx Peripheral Interrupt Handlers                                    */
  71:Src/stm32f3xx_it.c **** /* Add here the Interrupt Handlers for the used peripherals.                  */
  72:Src/stm32f3xx_it.c **** /* For the available peripheral interrupt handler names,                      */
  73:Src/stm32f3xx_it.c **** /* please refer to the startup file (startup_stm32f3xx.s).                    */
  74:Src/stm32f3xx_it.c **** /******************************************************************************/
  75:Src/stm32f3xx_it.c **** 
  76:Src/stm32f3xx_it.c **** /**
  77:Src/stm32f3xx_it.c **** * @brief This function handles TIM1 update and TIM16 interrupts.
  78:Src/stm32f3xx_it.c **** */
  79:Src/stm32f3xx_it.c **** void TIM1_UP_TIM16_IRQHandler(void)
  80:Src/stm32f3xx_it.c **** {
  56              		.loc 1 80 0
  57              		.cfi_startproc
  58              		@ args = 0, pretend = 0, frame = 0
  59              		@ frame_needed = 1, uses_anonymous_args = 0
  60 0000 80B5     		push	{r7, lr}
  61              	.LCFI2:
  62              		.cfi_def_cfa_offset 8
  63              		.cfi_offset 7, -8
  64              		.cfi_offset 14, -4
  65 0002 00AF     		add	r7, sp, #0
  66              	.LCFI3:
  67              		.cfi_def_cfa_register 7
  81:Src/stm32f3xx_it.c ****   /* USER CODE BEGIN TIM1_UP_TIM16_IRQn 0 */
  82:Src/stm32f3xx_it.c **** 
  83:Src/stm32f3xx_it.c ****   /* USER CODE END TIM1_UP_TIM16_IRQn 0 */
  84:Src/stm32f3xx_it.c ****   HAL_TIM_IRQHandler(&htim1);
  68              		.loc 1 84 0
  69 0004 0148     		ldr	r0, .L3
  70 0006 FFF7FEFF 		bl	HAL_TIM_IRQHandler
  85:Src/stm32f3xx_it.c ****   /* USER CODE BEGIN TIM1_UP_TIM16_IRQn 1 */
  86:Src/stm32f3xx_it.c **** 
  87:Src/stm32f3xx_it.c ****   /* USER CODE END TIM1_UP_TIM16_IRQn 1 */
  88:Src/stm32f3xx_it.c **** }
  71              		.loc 1 88 0
  72 000a 80BD     		pop	{r7, pc}
  73              	.L4:
  74              		.align	2
  75              	.L3:
  76 000c 00000000 		.word	htim1
  77              		.cfi_endproc
  78              	.LFE128:
  80              		.text
  81              	.Letext0:
  82              		.file 2 "/usr/arm-none-eabi/include/machine/_default_types.h"
  83              		.file 3 "/usr/arm-none-eabi/include/sys/_stdint.h"
  84              		.file 4 "../../Drivers/CMSIS/Device/ST/STM32F3xx/Include/stm32f302x8.h"
  85              		.file 5 "../../Drivers/STM32F3xx_HAL_Driver/Inc/stm32f3xx_hal_def.h"
  86              		.file 6 "../../Drivers/STM32F3xx_HAL_Driver/Inc/stm32f3xx_hal_dma.h"
  87              		.file 7 "../../Drivers/STM32F3xx_HAL_Driver/Inc/stm32f3xx_hal_tim.h"
ARM GAS  /tmp/cc5l6RLi.s 			page 4


  88              		.file 8 "../../Drivers/CMSIS/Include/core_cm4.h"
ARM GAS  /tmp/cc5l6RLi.s 			page 5


DEFINED SYMBOLS
                            *ABS*:0000000000000000 stm32f3xx_it.c
     /tmp/cc5l6RLi.s:21     .text.SysTick_Handler:0000000000000000 $t
     /tmp/cc5l6RLi.s:26     .text.SysTick_Handler:0000000000000000 SysTick_Handler
     /tmp/cc5l6RLi.s:49     .text.TIM1_UP_TIM16_IRQHandler:0000000000000000 $t
     /tmp/cc5l6RLi.s:54     .text.TIM1_UP_TIM16_IRQHandler:0000000000000000 TIM1_UP_TIM16_IRQHandler
     /tmp/cc5l6RLi.s:76     .text.TIM1_UP_TIM16_IRQHandler:000000000000000c $d
                     .debug_frame:0000000000000010 $d

UNDEFINED SYMBOLS
xPortSysTickHandler
HAL_TIM_IRQHandler
htim1
